ERROR:root:Erro ao processar dados: 'float' object has no attribute 'lower'
ERROR:root:Erro ao processar dados: 'Requisitante'
ERROR:root:Erro ao processar dados: 'Requisitante'
ERROR:root:Erro ao processar dados: 'Requisitante'
ERROR:root:Erro ao processar dados: 'Requisitante'
ERROR:root:Erro ao processar dados: name 'CategoryEnum' is not defined
ERROR:root:Erro ao processar dados: name 'CategoryEnum' is not defined
ERROR:root:Erro ao processar dados: invalid literal for int() with base 10: 'nan'
ERROR:asyncio:Task exception was never retrieved
future: <Task finished name='Task-21289' coro=<WebSocketProtocol13.write_message.<locals>.wrapper() done, defined at /home/debrito/Documentos/central/venv/lib/python3.10/site-packages/tornado/websocket.py:1086> exception=WebSocketClosedError()>
Traceback (most recent call last):
  File "/home/debrito/Documentos/central/venv/lib/python3.10/site-packages/tornado/websocket.py", line 1088, in wrapper
    await fut
tornado.iostream.StreamClosedError: Stream is closed

During handling of the above exception, another exception occurred:

Traceback (most recent call last):
  File "/home/debrito/Documentos/central/venv/lib/python3.10/site-packages/tornado/websocket.py", line 1090, in wrapper
    raise WebSocketClosedError()
tornado.websocket.WebSocketClosedError
ERROR:root:Erro ao processar jobs: Entity namespace for "users" has no property "name"
ERROR:root:Erro ao processar jobs: Entity namespace for "users" has no property "name"
ERROR:root:Erro ao processar jobs: Entity namespace for "users" has no property "name"
ERROR:root:Erro ao processar jobs: Entity namespace for "users" has no property "name"
ERROR:root:Erro ao processar jobs: Entity namespace for "users" has no property "name"
ERROR:root:Erro ao processar jobs: Entity namespace for "users" has no property "name"
ERROR:root:Erro ao processar jobs: Entity namespace for "users" has no property "name"
ERROR:root:Erro ao processar jobs: Entity namespace for "users" has no property "name"
ERROR:root:Erro ao processar jobs: Entity namespace for "users" has no property "name"
ERROR:root:Erro ao processar jobs: Entity namespace for "users" has no property "name"
