INFO:root:Executando debug_display_data...
INFO:root:Cliente: Ogunjá Revestimentos, Mandalecas usadas (Criação): 0, Entregas: []
INFO:root:Dados do cliente Ogunjá Revestimentos: {'Nome do Cliente': 'Ogunjá Revestimentos', 'Total de Mandalecas Usadas (Criação)': 0, 'Mandalecas Contratadas (Criação)': 6.0, 'Mandalecas Acumuladas (Criação)': 77.0}
INFO:root:Executando debug_display_data...
INFO:root:Cliente: Ogunjá Revestimentos, Mandalecas usadas (Criação): 0, Entregas: []
INFO:root:Dados do cliente Ogunjá Revestimentos: {'Nome do Cliente': 'Ogunjá Revestimentos', 'Total de Mandalecas Usadas (Criação)': 0, 'Mandalecas Contratadas (Criação)': 6.0, 'Mandalecas Acumuladas (Criação)': 77.0}
INFO:root:Atualizando DeliveryControlCreative com ID 2815. Campo used_creative_mandalecas definido como 1.0.
INFO:root:Dados comitados para DeliveryControlCreative com ID 2815.
INFO:root:Atualizando DeliveryControlCreative com ID 2818. Campo used_creative_mandalecas definido como 1.0.
INFO:root:Dados comitados para DeliveryControlCreative com ID 2818.
INFO:root:Atualizando DeliveryControlCreative com ID 2818. Campo used_creative_mandalecas definido como 1.0.
INFO:root:Dados comitados para DeliveryControlCreative com ID 2818.
INFO:root:Atualizando DeliveryControlCreative com ID 2818. Campo used_creative_mandalecas definido como 1.0.
INFO:root:Dados comitados para DeliveryControlCreative com ID 2818.
INFO:root:Atualizando DeliveryControlRedesSociais com ID 2819. Campo used_stories_instagram_mandalecas definido como 1.0.
INFO:root:Dados comitados para DeliveryControlRedesSociais com ID 2819.
INFO:root:Atualizando DeliveryControlCreative com ID 2820. Campo used_creative_mandalecas definido como 1.0.
INFO:root:Dados comitados para DeliveryControlCreative com ID 2820.
INFO:root:Atualizando DeliveryControlCreative com ID 2820. Campo used_creative_mandalecas definido como 1.0.
INFO:root:Dados comitados para DeliveryControlCreative com ID 2820.
INFO:root:Atualizando DeliveryControlCreative com ID 2820. Campo used_creative_mandalecas definido como 1.0.
INFO:root:Dados comitados para DeliveryControlCreative com ID 2820.
INFO:root:Atualizando DeliveryControlCreative com ID 2820. Campo used_creative_mandalecas definido como 1.0.
INFO:root:Dados comitados para DeliveryControlCreative com ID 2820.
INFO:root:Atualizando DeliveryControlCreative com ID 2820. Campo used_creative_mandalecas definido como 1.0.
INFO:root:Dados comitados para DeliveryControlCreative com ID 2820.
INFO:root:Atualizando DeliveryControlCreative com ID 2820. Campo used_creative_mandalecas definido como 1.0.
INFO:root:Dados comitados para DeliveryControlCreative com ID 2820.
INFO:root:Atualizando DeliveryControlCreative com ID 2820. Campo used_creative_mandalecas definido como 1.0.
INFO:root:Dados comitados para DeliveryControlCreative com ID 2820.
INFO:root:Atualizando DeliveryControlCreative com ID 2820. Campo used_creative_mandalecas definido como 1.0.
INFO:root:Dados comitados para DeliveryControlCreative com ID 2820.
INFO:root:Atualizando DeliveryControlCreative com ID 2820. Campo used_creative_mandalecas definido como 1.0.
INFO:root:Dados comitados para DeliveryControlCreative com ID 2820.
INFO:root:Atualizando DeliveryControlCreative com ID 2820. Campo used_creative_mandalecas definido como 1.0.
INFO:root:Dados comitados para DeliveryControlCreative com ID 2820.
INFO:root:Atualizando DeliveryControlCreative com ID 2820. Campo used_creative_mandalecas definido como 1.0.
INFO:root:Dados comitados para DeliveryControlCreative com ID 2820.
INFO:root:Atualizando DeliveryControlCreative com ID 2821. Campo used_creative_mandalecas definido como 1.0.
INFO:root:Dados comitados para DeliveryControlCreative com ID 2821.
INFO:root:Atualizando DeliveryControlCreative com ID 2822. Campo used_creative_mandalecas definido como 1.0.
INFO:root:Dados comitados para DeliveryControlCreative com ID 2822.
INFO:root:Atualizando DeliveryControlCreative com ID 2826. Campo used_creative_mandalecas definido como 1.0.
INFO:root:Dados comitados para DeliveryControlCreative com ID 2826.
INFO:root:Atualizando DeliveryControlRedesSociais com ID 2826. Campo used_stories_instagram_mandalecas definido como 1.0.
INFO:root:Dados comitados para DeliveryControlRedesSociais com ID 2826.
INFO:root:Atualizando DeliveryControlRedesSociais com ID 2826. Campo used_stories_instagram_mandalecas definido como 1.0.
INFO:root:Dados comitados para DeliveryControlRedesSociais com ID 2826.
INFO:root:Atualizando DeliveryControlRedesSociais com ID 2826. Campo used_stories_instagram_mandalecas definido como 1.0.
INFO:root:Dados comitados para DeliveryControlRedesSociais com ID 2826.
INFO:root:Atualizando DeliveryControlRedesSociais com ID 2826. Campo used_feed_instagram_mandalecas definido como 1.0.
INFO:root:Dados comitados para DeliveryControlRedesSociais com ID 2826.
INFO:root:Atualizando DeliveryControlRedesSociais com ID 2826. Campo used_feed_instagram_mandalecas definido como 1.0.
INFO:root:Dados comitados para DeliveryControlRedesSociais com ID 2826.
INFO:root:Atualizando DeliveryControlRedesSociais com ID 2826. Campo used_feed_instagram_mandalecas definido como 1.0.
INFO:root:Dados comitados para DeliveryControlRedesSociais com ID 2826.
INFO:root:Atualizando DeliveryControlRedesSociais com ID 2885. Campo used_reels_instagram_mandalecas definido como 1.0.
INFO:root:Dados comitados para DeliveryControlRedesSociais com ID 2885.
INFO:root:Atualizando DeliveryControlRedesSociais com ID 2885. Campo used_stories_instagram_mandalecas definido como 1.0.
INFO:root:Dados comitados para DeliveryControlRedesSociais com ID 2885.
INFO:root:Atualizando DeliveryControlRedesSociais com ID 2885. Campo used_reels_instagram_mandalecas definido como 1.0.
INFO:root:Dados comitados para DeliveryControlRedesSociais com ID 2885.
INFO:root:Atualizando DeliveryControlRedesSociais com ID 2885. Campo used_reels_instagram_mandalecas definido como 1.0.
INFO:root:Dados comitados para DeliveryControlRedesSociais com ID 2885.
INFO:root:Atualizando DeliveryControlRedesSociais com ID 2885. Campo used_reels_instagram_mandalecas definido como 1.0.
INFO:root:Dados comitados para DeliveryControlRedesSociais com ID 2885.
INFO:root:Atualizando DeliveryControlRedesSociais com ID 2885. Campo used_reels_instagram_mandalecas definido como 1.0.
INFO:root:Dados comitados para DeliveryControlRedesSociais com ID 2885.
INFO:root:Atualizando DeliveryControlRedesSociais com ID 2885. Campo used_reels_instagram_mandalecas definido como 1.0.
INFO:root:Dados comitados para DeliveryControlRedesSociais com ID 2885.
INFO:root:Atualizando DeliveryControlRedesSociais com ID 2885. Campo used_reels_instagram_mandalecas definido como 1.0.
INFO:root:Dados comitados para DeliveryControlRedesSociais com ID 2885.
INFO:root:Atualizando DeliveryControlRedesSociais com ID 2885. Campo used_reels_instagram_mandalecas definido como 1.0.
INFO:root:Dados comitados para DeliveryControlRedesSociais com ID 2885.
INFO:root:Atualizando DeliveryControlRedesSociais com ID 2885. Campo used_reels_instagram_mandalecas definido como 1.0.
INFO:root:Dados comitados para DeliveryControlRedesSociais com ID 2885.
INFO:root:Atualizando DeliveryControlRedesSociais com ID 2885. Campo used_reels_instagram_mandalecas definido como 1.0.
INFO:root:Dados comitados para DeliveryControlRedesSociais com ID 2885.
INFO:root:Atualizando DeliveryControlRedesSociais com ID 2885. Campo used_reels_instagram_mandalecas definido como 1.0.
INFO:root:Dados comitados para DeliveryControlRedesSociais com ID 2885.
INFO:root:Atualizando DeliveryControlCreative com ID 2889. Campo used_creative_mandalecas definido como 1.0.
INFO:root:Dados comitados para DeliveryControlCreative com ID 2889.
INFO:root:Atualizando DeliveryControlCreative com ID 2889. Campo used_creative_mandalecas definido como 1.0.
INFO:root:Dados comitados para DeliveryControlCreative com ID 2889.
INFO:root:Calculando mandalecas acumuladas para o cliente: Ogunjá Revestimentos
INFO:root:Mandaleças usadas para o cliente Ogunjá Revestimentos (Criação): 7, (Adaptação): 0
INFO:root:Valores atualizados para o cliente Ogunjá Revestimentos: Criação: 77.0, Adaptação: 28.0, Conteúdo: 56.0, Stories: -3, Feed LinkedIn: 0, Feed TikTok: 0, Stories Repost: 0, Reels: -1, Feed Instagram: -1
INFO:root:Executando debug_display_data...
INFO:root:Cliente: Ogunjá Revestimentos, Mandalecas usadas (Criação): 0, Entregas: []
INFO:root:Dados do cliente Ogunjá Revestimentos: {'Nome do Cliente': 'Ogunjá Revestimentos', 'Total de Mandalecas Usadas (Criação)': 0, 'Mandalecas Contratadas (Criação)': 6.0, 'Mandalecas Acumuladas (Criação)': 77.0}
INFO:root:Atualizando DeliveryControlCreative com ID 2815. Campo used_creative_mandalecas definido como 1.0.
INFO:root:Dados comitados para DeliveryControlCreative com ID 2815.
INFO:root:Atualizando DeliveryControlCreative com ID 2818. Campo used_creative_mandalecas definido como 1.0.
INFO:root:Dados comitados para DeliveryControlCreative com ID 2818.
INFO:root:Atualizando DeliveryControlCreative com ID 2818. Campo used_creative_mandalecas definido como 1.0.
INFO:root:Dados comitados para DeliveryControlCreative com ID 2818.
INFO:root:Atualizando DeliveryControlCreative com ID 2818. Campo used_creative_mandalecas definido como 1.0.
INFO:root:Dados comitados para DeliveryControlCreative com ID 2818.
INFO:root:Atualizando DeliveryControlRedesSociais com ID 2819. Campo used_stories_instagram_mandalecas definido como 1.0.
INFO:root:Dados comitados para DeliveryControlRedesSociais com ID 2819.
INFO:root:Atualizando DeliveryControlCreative com ID 2820. Campo used_creative_mandalecas definido como 1.0.
INFO:root:Dados comitados para DeliveryControlCreative com ID 2820.
INFO:root:Atualizando DeliveryControlCreative com ID 2820. Campo used_creative_mandalecas definido como 1.0.
INFO:root:Dados comitados para DeliveryControlCreative com ID 2820.
INFO:root:Atualizando DeliveryControlCreative com ID 2820. Campo used_creative_mandalecas definido como 1.0.
INFO:root:Dados comitados para DeliveryControlCreative com ID 2820.
INFO:root:Atualizando DeliveryControlCreative com ID 2820. Campo used_creative_mandalecas definido como 1.0.
INFO:root:Dados comitados para DeliveryControlCreative com ID 2820.
INFO:root:Atualizando DeliveryControlCreative com ID 2820. Campo used_creative_mandalecas definido como 1.0.
INFO:root:Dados comitados para DeliveryControlCreative com ID 2820.
INFO:root:Atualizando DeliveryControlCreative com ID 2820. Campo used_creative_mandalecas definido como 1.0.
INFO:root:Dados comitados para DeliveryControlCreative com ID 2820.
INFO:root:Atualizando DeliveryControlCreative com ID 2820. Campo used_creative_mandalecas definido como 1.0.
INFO:root:Dados comitados para DeliveryControlCreative com ID 2820.
INFO:root:Atualizando DeliveryControlCreative com ID 2820. Campo used_creative_mandalecas definido como 1.0.
INFO:root:Dados comitados para DeliveryControlCreative com ID 2820.
INFO:root:Atualizando DeliveryControlCreative com ID 2820. Campo used_creative_mandalecas definido como 1.0.
INFO:root:Dados comitados para DeliveryControlCreative com ID 2820.
INFO:root:Atualizando DeliveryControlCreative com ID 2820. Campo used_creative_mandalecas definido como 1.0.
INFO:root:Dados comitados para DeliveryControlCreative com ID 2820.
INFO:root:Atualizando DeliveryControlCreative com ID 2820. Campo used_creative_mandalecas definido como 1.0.
INFO:root:Dados comitados para DeliveryControlCreative com ID 2820.
INFO:root:Atualizando DeliveryControlCreative com ID 2821. Campo used_creative_mandalecas definido como 1.0.
INFO:root:Dados comitados para DeliveryControlCreative com ID 2821.
INFO:root:Atualizando DeliveryControlCreative com ID 2822. Campo used_creative_mandalecas definido como 1.0.
INFO:root:Dados comitados para DeliveryControlCreative com ID 2822.
INFO:root:Atualizando DeliveryControlCreative com ID 2826. Campo used_creative_mandalecas definido como 1.0.
INFO:root:Dados comitados para DeliveryControlCreative com ID 2826.
INFO:root:Atualizando DeliveryControlRedesSociais com ID 2826. Campo used_stories_instagram_mandalecas definido como 1.0.
INFO:root:Dados comitados para DeliveryControlRedesSociais com ID 2826.
INFO:root:Atualizando DeliveryControlRedesSociais com ID 2826. Campo used_stories_instagram_mandalecas definido como 1.0.
INFO:root:Dados comitados para DeliveryControlRedesSociais com ID 2826.
INFO:root:Atualizando DeliveryControlRedesSociais com ID 2826. Campo used_stories_instagram_mandalecas definido como 1.0.
INFO:root:Dados comitados para DeliveryControlRedesSociais com ID 2826.
INFO:root:Atualizando DeliveryControlRedesSociais com ID 2826. Campo used_feed_instagram_mandalecas definido como 1.0.
INFO:root:Dados comitados para DeliveryControlRedesSociais com ID 2826.
INFO:root:Atualizando DeliveryControlRedesSociais com ID 2826. Campo used_feed_instagram_mandalecas definido como 1.0.
INFO:root:Dados comitados para DeliveryControlRedesSociais com ID 2826.
INFO:root:Atualizando DeliveryControlRedesSociais com ID 2826. Campo used_feed_instagram_mandalecas definido como 1.0.
INFO:root:Dados comitados para DeliveryControlRedesSociais com ID 2826.
INFO:root:Atualizando DeliveryControlRedesSociais com ID 2885. Campo used_reels_instagram_mandalecas definido como 1.0.
INFO:root:Dados comitados para DeliveryControlRedesSociais com ID 2885.
INFO:root:Atualizando DeliveryControlRedesSociais com ID 2885. Campo used_stories_instagram_mandalecas definido como 1.0.
INFO:root:Dados comitados para DeliveryControlRedesSociais com ID 2885.
INFO:root:Atualizando DeliveryControlRedesSociais com ID 2885. Campo used_reels_instagram_mandalecas definido como 1.0.
INFO:root:Dados comitados para DeliveryControlRedesSociais com ID 2885.
INFO:root:Atualizando DeliveryControlRedesSociais com ID 2885. Campo used_reels_instagram_mandalecas definido como 1.0.
INFO:root:Dados comitados para DeliveryControlRedesSociais com ID 2885.
INFO:root:Atualizando DeliveryControlRedesSociais com ID 2885. Campo used_reels_instagram_mandalecas definido como 1.0.
INFO:root:Dados comitados para DeliveryControlRedesSociais com ID 2885.
INFO:root:Atualizando DeliveryControlRedesSociais com ID 2885. Campo used_reels_instagram_mandalecas definido como 1.0.
INFO:root:Dados comitados para DeliveryControlRedesSociais com ID 2885.
INFO:root:Atualizando DeliveryControlRedesSociais com ID 2885. Campo used_reels_instagram_mandalecas definido como 1.0.
INFO:root:Dados comitados para DeliveryControlRedesSociais com ID 2885.
INFO:root:Atualizando DeliveryControlRedesSociais com ID 2885. Campo used_reels_instagram_mandalecas definido como 1.0.
INFO:root:Dados comitados para DeliveryControlRedesSociais com ID 2885.
INFO:root:Atualizando DeliveryControlRedesSociais com ID 2885. Campo used_reels_instagram_mandalecas definido como 1.0.
INFO:root:Dados comitados para DeliveryControlRedesSociais com ID 2885.
INFO:root:Atualizando DeliveryControlRedesSociais com ID 2885. Campo used_reels_instagram_mandalecas definido como 1.0.
INFO:root:Dados comitados para DeliveryControlRedesSociais com ID 2885.
INFO:root:Atualizando DeliveryControlRedesSociais com ID 2885. Campo used_reels_instagram_mandalecas definido como 1.0.
INFO:root:Dados comitados para DeliveryControlRedesSociais com ID 2885.
INFO:root:Atualizando DeliveryControlRedesSociais com ID 2885. Campo used_reels_instagram_mandalecas definido como 1.0.
INFO:root:Dados comitados para DeliveryControlRedesSociais com ID 2885.
INFO:root:Atualizando DeliveryControlCreative com ID 2889. Campo used_creative_mandalecas definido como 1.0.
INFO:root:Dados comitados para DeliveryControlCreative com ID 2889.
INFO:root:Atualizando DeliveryControlCreative com ID 2889. Campo used_creative_mandalecas definido como 1.0.
INFO:root:Dados comitados para DeliveryControlCreative com ID 2889.
INFO:root:Calculando mandalecas acumuladas para o cliente: Ogunjá Revestimentos
INFO:root:Mandaleças usadas para o cliente Ogunjá Revestimentos (Criação): 7, (Adaptação): 0
INFO:root:Valores atualizados para o cliente Ogunjá Revestimentos: Criação: 77.0, Adaptação: 28.0, Conteúdo: 56.0, Stories: -3, Feed LinkedIn: 0, Feed TikTok: 0, Stories Repost: 0, Reels: -1, Feed Instagram: -1
INFO:root:Executando debug_display_data...
INFO:root:Cliente: Ogunjá Revestimentos, Mandalecas usadas (Criação): 0, Entregas: []
INFO:root:Dados do cliente Ogunjá Revestimentos: {'Nome do Cliente': 'Ogunjá Revestimentos', 'Total de Mandalecas Usadas (Criação)': 0, 'Mandalecas Contratadas (Criação)': 6.0, 'Mandalecas Acumuladas (Criação)': 77.0}
INFO:root:Atualizando DeliveryControlCreative com ID 2815. Campo used_creative_mandalecas definido como 1.0.
INFO:root:Dados comitados para DeliveryControlCreative com ID 2815.
INFO:root:Atualizando DeliveryControlCreative com ID 2818. Campo used_creative_mandalecas definido como 1.0.
INFO:root:Dados comitados para DeliveryControlCreative com ID 2818.
INFO:root:Atualizando DeliveryControlCreative com ID 2818. Campo used_creative_mandalecas definido como 1.0.
INFO:root:Dados comitados para DeliveryControlCreative com ID 2818.
INFO:root:Atualizando DeliveryControlCreative com ID 2818. Campo used_creative_mandalecas definido como 1.0.
INFO:root:Dados comitados para DeliveryControlCreative com ID 2818.
INFO:root:Atualizando DeliveryControlRedesSociais com ID 2819. Campo used_stories_instagram_mandalecas definido como 1.0.
INFO:root:Dados comitados para DeliveryControlRedesSociais com ID 2819.
INFO:root:Atualizando DeliveryControlCreative com ID 2820. Campo used_creative_mandalecas definido como 1.0.
INFO:root:Dados comitados para DeliveryControlCreative com ID 2820.
INFO:root:Atualizando DeliveryControlCreative com ID 2820. Campo used_creative_mandalecas definido como 1.0.
INFO:root:Dados comitados para DeliveryControlCreative com ID 2820.
INFO:root:Atualizando DeliveryControlCreative com ID 2820. Campo used_creative_mandalecas definido como 1.0.
INFO:root:Dados comitados para DeliveryControlCreative com ID 2820.
INFO:root:Atualizando DeliveryControlCreative com ID 2820. Campo used_creative_mandalecas definido como 1.0.
INFO:root:Dados comitados para DeliveryControlCreative com ID 2820.
INFO:root:Atualizando DeliveryControlCreative com ID 2820. Campo used_creative_mandalecas definido como 1.0.
INFO:root:Dados comitados para DeliveryControlCreative com ID 2820.
INFO:root:Atualizando DeliveryControlCreative com ID 2820. Campo used_creative_mandalecas definido como 1.0.
INFO:root:Dados comitados para DeliveryControlCreative com ID 2820.
INFO:root:Atualizando DeliveryControlCreative com ID 2820. Campo used_creative_mandalecas definido como 1.0.
INFO:root:Dados comitados para DeliveryControlCreative com ID 2820.
INFO:root:Atualizando DeliveryControlCreative com ID 2820. Campo used_creative_mandalecas definido como 1.0.
INFO:root:Dados comitados para DeliveryControlCreative com ID 2820.
INFO:root:Atualizando DeliveryControlCreative com ID 2820. Campo used_creative_mandalecas definido como 1.0.
INFO:root:Dados comitados para DeliveryControlCreative com ID 2820.
INFO:root:Atualizando DeliveryControlCreative com ID 2820. Campo used_creative_mandalecas definido como 1.0.
INFO:root:Dados comitados para DeliveryControlCreative com ID 2820.
INFO:root:Atualizando DeliveryControlCreative com ID 2820. Campo used_creative_mandalecas definido como 1.0.
INFO:root:Dados comitados para DeliveryControlCreative com ID 2820.
INFO:root:Atualizando DeliveryControlCreative com ID 2821. Campo used_creative_mandalecas definido como 1.0.
INFO:root:Dados comitados para DeliveryControlCreative com ID 2821.
INFO:root:Atualizando DeliveryControlCreative com ID 2822. Campo used_creative_mandalecas definido como 1.0.
INFO:root:Dados comitados para DeliveryControlCreative com ID 2822.
INFO:root:Atualizando DeliveryControlCreative com ID 2826. Campo used_creative_mandalecas definido como 1.0.
INFO:root:Dados comitados para DeliveryControlCreative com ID 2826.
INFO:root:Atualizando DeliveryControlRedesSociais com ID 2826. Campo used_stories_instagram_mandalecas definido como 1.0.
INFO:root:Dados comitados para DeliveryControlRedesSociais com ID 2826.
INFO:root:Atualizando DeliveryControlRedesSociais com ID 2826. Campo used_stories_instagram_mandalecas definido como 1.0.
INFO:root:Dados comitados para DeliveryControlRedesSociais com ID 2826.
INFO:root:Atualizando DeliveryControlRedesSociais com ID 2826. Campo used_stories_instagram_mandalecas definido como 1.0.
INFO:root:Dados comitados para DeliveryControlRedesSociais com ID 2826.
INFO:root:Atualizando DeliveryControlRedesSociais com ID 2826. Campo used_feed_instagram_mandalecas definido como 1.0.
INFO:root:Dados comitados para DeliveryControlRedesSociais com ID 2826.
INFO:root:Atualizando DeliveryControlRedesSociais com ID 2826. Campo used_feed_instagram_mandalecas definido como 1.0.
INFO:root:Dados comitados para DeliveryControlRedesSociais com ID 2826.
INFO:root:Atualizando DeliveryControlRedesSociais com ID 2826. Campo used_feed_instagram_mandalecas definido como 1.0.
INFO:root:Dados comitados para DeliveryControlRedesSociais com ID 2826.
INFO:root:Atualizando DeliveryControlRedesSociais com ID 2885. Campo used_reels_instagram_mandalecas definido como 1.0.
INFO:root:Dados comitados para DeliveryControlRedesSociais com ID 2885.
INFO:root:Atualizando DeliveryControlRedesSociais com ID 2885. Campo used_stories_instagram_mandalecas definido como 1.0.
INFO:root:Dados comitados para DeliveryControlRedesSociais com ID 2885.
INFO:root:Atualizando DeliveryControlRedesSociais com ID 2885. Campo used_reels_instagram_mandalecas definido como 1.0.
INFO:root:Dados comitados para DeliveryControlRedesSociais com ID 2885.
INFO:root:Atualizando DeliveryControlRedesSociais com ID 2885. Campo used_reels_instagram_mandalecas definido como 1.0.
INFO:root:Dados comitados para DeliveryControlRedesSociais com ID 2885.
INFO:root:Atualizando DeliveryControlRedesSociais com ID 2885. Campo used_reels_instagram_mandalecas definido como 1.0.
INFO:root:Dados comitados para DeliveryControlRedesSociais com ID 2885.
INFO:root:Atualizando DeliveryControlRedesSociais com ID 2885. Campo used_reels_instagram_mandalecas definido como 1.0.
INFO:root:Dados comitados para DeliveryControlRedesSociais com ID 2885.
INFO:root:Atualizando DeliveryControlRedesSociais com ID 2885. Campo used_reels_instagram_mandalecas definido como 1.0.
INFO:root:Dados comitados para DeliveryControlRedesSociais com ID 2885.
INFO:root:Atualizando DeliveryControlRedesSociais com ID 2885. Campo used_reels_instagram_mandalecas definido como 1.0.
INFO:root:Dados comitados para DeliveryControlRedesSociais com ID 2885.
INFO:root:Atualizando DeliveryControlRedesSociais com ID 2885. Campo used_reels_instagram_mandalecas definido como 1.0.
INFO:root:Dados comitados para DeliveryControlRedesSociais com ID 2885.
INFO:root:Atualizando DeliveryControlRedesSociais com ID 2885. Campo used_reels_instagram_mandalecas definido como 1.0.
INFO:root:Dados comitados para DeliveryControlRedesSociais com ID 2885.
INFO:root:Atualizando DeliveryControlRedesSociais com ID 2885. Campo used_reels_instagram_mandalecas definido como 1.0.
INFO:root:Dados comitados para DeliveryControlRedesSociais com ID 2885.
INFO:root:Atualizando DeliveryControlRedesSociais com ID 2885. Campo used_reels_instagram_mandalecas definido como 1.0.
INFO:root:Dados comitados para DeliveryControlRedesSociais com ID 2885.
INFO:root:Atualizando DeliveryControlCreative com ID 2889. Campo used_creative_mandalecas definido como 1.0.
INFO:root:Dados comitados para DeliveryControlCreative com ID 2889.
INFO:root:Atualizando DeliveryControlCreative com ID 2889. Campo used_creative_mandalecas definido como 1.0.
INFO:root:Dados comitados para DeliveryControlCreative com ID 2889.
INFO:root:Calculando mandalecas acumuladas para o cliente: Ogunjá Revestimentos
INFO:root:Mandaleças usadas para o cliente Ogunjá Revestimentos (Criação): 7, (Adaptação): 0
INFO:root:Valores atualizados para o cliente Ogunjá Revestimentos: Criação: 77.0, Adaptação: 28.0, Conteúdo: 56.0, Stories: -3, Feed LinkedIn: 0, Feed TikTok: 0, Stories Repost: 0, Reels: -1, Feed Instagram: -1
INFO:root:Executando debug_display_data...
INFO:root:Cliente: Ogunjá Revestimentos, Mandalecas usadas (Criação): 0, Entregas: []
INFO:root:Dados do cliente Ogunjá Revestimentos: {'Nome do Cliente': 'Ogunjá Revestimentos', 'Total de Mandalecas Usadas (Criação)': 0, 'Mandalecas Contratadas (Criação)': 6.0, 'Mandalecas Acumuladas (Criação)': 77.0}
INFO:root:Atualizando DeliveryControlCreative com ID 2815. Campo used_creative_mandalecas definido como 1.0.
INFO:root:Dados comitados para DeliveryControlCreative com ID 2815.
INFO:root:Atualizando DeliveryControlCreative com ID 2818. Campo used_creative_mandalecas definido como 1.0.
INFO:root:Dados comitados para DeliveryControlCreative com ID 2818.
INFO:root:Atualizando DeliveryControlCreative com ID 2818. Campo used_creative_mandalecas definido como 1.0.
INFO:root:Dados comitados para DeliveryControlCreative com ID 2818.
INFO:root:Atualizando DeliveryControlCreative com ID 2818. Campo used_creative_mandalecas definido como 1.0.
INFO:root:Dados comitados para DeliveryControlCreative com ID 2818.
INFO:root:Atualizando DeliveryControlRedesSociais com ID 2819. Campo used_stories_instagram_mandalecas definido como 1.0.
INFO:root:Dados comitados para DeliveryControlRedesSociais com ID 2819.
INFO:root:Atualizando DeliveryControlCreative com ID 2820. Campo used_creative_mandalecas definido como 1.0.
INFO:root:Dados comitados para DeliveryControlCreative com ID 2820.
INFO:root:Atualizando DeliveryControlCreative com ID 2820. Campo used_creative_mandalecas definido como 1.0.
INFO:root:Dados comitados para DeliveryControlCreative com ID 2820.
INFO:root:Atualizando DeliveryControlCreative com ID 2820. Campo used_creative_mandalecas definido como 1.0.
INFO:root:Dados comitados para DeliveryControlCreative com ID 2820.
INFO:root:Atualizando DeliveryControlCreative com ID 2820. Campo used_creative_mandalecas definido como 1.0.
INFO:root:Dados comitados para DeliveryControlCreative com ID 2820.
INFO:root:Atualizando DeliveryControlCreative com ID 2820. Campo used_creative_mandalecas definido como 1.0.
INFO:root:Dados comitados para DeliveryControlCreative com ID 2820.
INFO:root:Atualizando DeliveryControlCreative com ID 2820. Campo used_creative_mandalecas definido como 1.0.
INFO:root:Dados comitados para DeliveryControlCreative com ID 2820.
INFO:root:Atualizando DeliveryControlCreative com ID 2820. Campo used_creative_mandalecas definido como 1.0.
INFO:root:Dados comitados para DeliveryControlCreative com ID 2820.
INFO:root:Atualizando DeliveryControlCreative com ID 2820. Campo used_creative_mandalecas definido como 1.0.
INFO:root:Dados comitados para DeliveryControlCreative com ID 2820.
INFO:root:Atualizando DeliveryControlCreative com ID 2820. Campo used_creative_mandalecas definido como 1.0.
INFO:root:Dados comitados para DeliveryControlCreative com ID 2820.
INFO:root:Atualizando DeliveryControlCreative com ID 2820. Campo used_creative_mandalecas definido como 1.0.
INFO:root:Dados comitados para DeliveryControlCreative com ID 2820.
INFO:root:Atualizando DeliveryControlCreative com ID 2820. Campo used_creative_mandalecas definido como 1.0.
INFO:root:Dados comitados para DeliveryControlCreative com ID 2820.
INFO:root:Atualizando DeliveryControlCreative com ID 2821. Campo used_creative_mandalecas definido como 1.0.
INFO:root:Dados comitados para DeliveryControlCreative com ID 2821.
INFO:root:Atualizando DeliveryControlCreative com ID 2822. Campo used_creative_mandalecas definido como 1.0.
INFO:root:Dados comitados para DeliveryControlCreative com ID 2822.
INFO:root:Atualizando DeliveryControlCreative com ID 2826. Campo used_creative_mandalecas definido como 1.0.
INFO:root:Dados comitados para DeliveryControlCreative com ID 2826.
INFO:root:Atualizando DeliveryControlRedesSociais com ID 2826. Campo used_stories_instagram_mandalecas definido como 1.0.
INFO:root:Dados comitados para DeliveryControlRedesSociais com ID 2826.
INFO:root:Atualizando DeliveryControlRedesSociais com ID 2826. Campo used_stories_instagram_mandalecas definido como 1.0.
INFO:root:Dados comitados para DeliveryControlRedesSociais com ID 2826.
INFO:root:Atualizando DeliveryControlRedesSociais com ID 2826. Campo used_stories_instagram_mandalecas definido como 1.0.
INFO:root:Dados comitados para DeliveryControlRedesSociais com ID 2826.
INFO:root:Atualizando DeliveryControlRedesSociais com ID 2826. Campo used_feed_instagram_mandalecas definido como 1.0.
INFO:root:Dados comitados para DeliveryControlRedesSociais com ID 2826.
INFO:root:Atualizando DeliveryControlRedesSociais com ID 2826. Campo used_feed_instagram_mandalecas definido como 1.0.
INFO:root:Dados comitados para DeliveryControlRedesSociais com ID 2826.
INFO:root:Atualizando DeliveryControlRedesSociais com ID 2826. Campo used_feed_instagram_mandalecas definido como 1.0.
INFO:root:Dados comitados para DeliveryControlRedesSociais com ID 2826.
INFO:root:Atualizando DeliveryControlRedesSociais com ID 2885. Campo used_reels_instagram_mandalecas definido como 1.0.
INFO:root:Dados comitados para DeliveryControlRedesSociais com ID 2885.
INFO:root:Atualizando DeliveryControlRedesSociais com ID 2885. Campo used_stories_instagram_mandalecas definido como 1.0.
INFO:root:Dados comitados para DeliveryControlRedesSociais com ID 2885.
INFO:root:Atualizando DeliveryControlRedesSociais com ID 2885. Campo used_reels_instagram_mandalecas definido como 1.0.
INFO:root:Dados comitados para DeliveryControlRedesSociais com ID 2885.
INFO:root:Atualizando DeliveryControlRedesSociais com ID 2885. Campo used_reels_instagram_mandalecas definido como 1.0.
INFO:root:Dados comitados para DeliveryControlRedesSociais com ID 2885.
INFO:root:Atualizando DeliveryControlRedesSociais com ID 2885. Campo used_reels_instagram_mandalecas definido como 1.0.
INFO:root:Dados comitados para DeliveryControlRedesSociais com ID 2885.
INFO:root:Atualizando DeliveryControlRedesSociais com ID 2885. Campo used_reels_instagram_mandalecas definido como 1.0.
INFO:root:Dados comitados para DeliveryControlRedesSociais com ID 2885.
INFO:root:Atualizando DeliveryControlRedesSociais com ID 2885. Campo used_reels_instagram_mandalecas definido como 1.0.
INFO:root:Dados comitados para DeliveryControlRedesSociais com ID 2885.
INFO:root:Atualizando DeliveryControlRedesSociais com ID 2885. Campo used_reels_instagram_mandalecas definido como 1.0.
INFO:root:Dados comitados para DeliveryControlRedesSociais com ID 2885.
INFO:root:Atualizando DeliveryControlRedesSociais com ID 2885. Campo used_reels_instagram_mandalecas definido como 1.0.
INFO:root:Dados comitados para DeliveryControlRedesSociais com ID 2885.
INFO:root:Atualizando DeliveryControlRedesSociais com ID 2885. Campo used_reels_instagram_mandalecas definido como 1.0.
INFO:root:Dados comitados para DeliveryControlRedesSociais com ID 2885.
INFO:root:Atualizando DeliveryControlRedesSociais com ID 2885. Campo used_reels_instagram_mandalecas definido como 1.0.
INFO:root:Dados comitados para DeliveryControlRedesSociais com ID 2885.
INFO:root:Atualizando DeliveryControlRedesSociais com ID 2885. Campo used_reels_instagram_mandalecas definido como 1.0.
INFO:root:Dados comitados para DeliveryControlRedesSociais com ID 2885.
INFO:root:Atualizando DeliveryControlCreative com ID 2889. Campo used_creative_mandalecas definido como 1.0.
INFO:root:Dados comitados para DeliveryControlCreative com ID 2889.
INFO:root:Atualizando DeliveryControlCreative com ID 2889. Campo used_creative_mandalecas definido como 1.0.
INFO:root:Dados comitados para DeliveryControlCreative com ID 2889.
INFO:root:Calculando mandalecas acumuladas para o cliente: Ogunjá Revestimentos
INFO:root:Mandaleças usadas para o cliente Ogunjá Revestimentos (Criação): 7, (Adaptação): 0
INFO:root:Valores atualizados para o cliente Ogunjá Revestimentos: Criação: 77.0, Adaptação: 28.0, Conteúdo: 56.0, Stories: -3, Feed LinkedIn: 0, Feed TikTok: 0, Stories Repost: 0, Reels: -1, Feed Instagram: -1
INFO:root:Executando debug_display_data...
INFO:root:Cliente: Ogunjá Revestimentos, Mandalecas usadas (Criação): 0, Entregas: []
INFO:root:Dados do cliente Ogunjá Revestimentos: {'Nome do Cliente': 'Ogunjá Revestimentos', 'Total de Mandalecas Usadas (Criação)': 0, 'Mandalecas Contratadas (Criação)': 6.0, 'Mandalecas Acumuladas (Criação)': 77.0}
INFO:root:Executando debug_display_data...
INFO:root:Cliente: Ogunjá Revestimentos, Mandalecas usadas (Criação): 0, Entregas: []
INFO:root:Dados do cliente Ogunjá Revestimentos: {'Nome do Cliente': 'Ogunjá Revestimentos', 'Total de Mandalecas Usadas (Criação)': 0, 'Mandalecas Contratadas (Criação)': 6.0, 'Mandalecas Acumuladas (Criação)': 77.0}
INFO:root:Atualizando DeliveryControlCreative com ID 2815. Campo used_creative_mandalecas definido como 1.0.
INFO:root:Dados comitados para DeliveryControlCreative com ID 2815.
INFO:root:Atualizando DeliveryControlCreative com ID 2818. Campo used_creative_mandalecas definido como 1.0.
INFO:root:Dados comitados para DeliveryControlCreative com ID 2818.
INFO:root:Atualizando DeliveryControlCreative com ID 2818. Campo used_creative_mandalecas definido como 1.0.
INFO:root:Dados comitados para DeliveryControlCreative com ID 2818.
INFO:root:Atualizando DeliveryControlCreative com ID 2818. Campo used_creative_mandalecas definido como 1.0.
INFO:root:Dados comitados para DeliveryControlCreative com ID 2818.
INFO:root:Atualizando DeliveryControlRedesSociais com ID 2819. Campo used_stories_instagram_mandalecas definido como 1.0.
INFO:root:Dados comitados para DeliveryControlRedesSociais com ID 2819.
INFO:root:Atualizando DeliveryControlCreative com ID 2820. Campo used_creative_mandalecas definido como 1.0.
INFO:root:Dados comitados para DeliveryControlCreative com ID 2820.
INFO:root:Atualizando DeliveryControlCreative com ID 2820. Campo used_creative_mandalecas definido como 1.0.
INFO:root:Dados comitados para DeliveryControlCreative com ID 2820.
INFO:root:Atualizando DeliveryControlCreative com ID 2820. Campo used_creative_mandalecas definido como 1.0.
INFO:root:Dados comitados para DeliveryControlCreative com ID 2820.
INFO:root:Atualizando DeliveryControlCreative com ID 2820. Campo used_creative_mandalecas definido como 1.0.
INFO:root:Dados comitados para DeliveryControlCreative com ID 2820.
INFO:root:Atualizando DeliveryControlCreative com ID 2820. Campo used_creative_mandalecas definido como 1.0.
INFO:root:Dados comitados para DeliveryControlCreative com ID 2820.
INFO:root:Atualizando DeliveryControlCreative com ID 2820. Campo used_creative_mandalecas definido como 1.0.
INFO:root:Dados comitados para DeliveryControlCreative com ID 2820.
INFO:root:Atualizando DeliveryControlCreative com ID 2820. Campo used_creative_mandalecas definido como 1.0.
INFO:root:Dados comitados para DeliveryControlCreative com ID 2820.
INFO:root:Atualizando DeliveryControlCreative com ID 2820. Campo used_creative_mandalecas definido como 1.0.
INFO:root:Dados comitados para DeliveryControlCreative com ID 2820.
INFO:root:Atualizando DeliveryControlCreative com ID 2820. Campo used_creative_mandalecas definido como 1.0.
INFO:root:Dados comitados para DeliveryControlCreative com ID 2820.
INFO:root:Atualizando DeliveryControlCreative com ID 2820. Campo used_creative_mandalecas definido como 1.0.
INFO:root:Dados comitados para DeliveryControlCreative com ID 2820.
INFO:root:Atualizando DeliveryControlCreative com ID 2820. Campo used_creative_mandalecas definido como 1.0.
INFO:root:Dados comitados para DeliveryControlCreative com ID 2820.
INFO:root:Atualizando DeliveryControlCreative com ID 2821. Campo used_creative_mandalecas definido como 1.0.
INFO:root:Dados comitados para DeliveryControlCreative com ID 2821.
INFO:root:Atualizando DeliveryControlCreative com ID 2822. Campo used_creative_mandalecas definido como 1.0.
INFO:root:Dados comitados para DeliveryControlCreative com ID 2822.
INFO:root:Atualizando DeliveryControlCreative com ID 2826. Campo used_creative_mandalecas definido como 1.0.
INFO:root:Dados comitados para DeliveryControlCreative com ID 2826.
INFO:root:Atualizando DeliveryControlRedesSociais com ID 2826. Campo used_stories_instagram_mandalecas definido como 1.0.
INFO:root:Dados comitados para DeliveryControlRedesSociais com ID 2826.
INFO:root:Atualizando DeliveryControlRedesSociais com ID 2826. Campo used_stories_instagram_mandalecas definido como 1.0.
INFO:root:Dados comitados para DeliveryControlRedesSociais com ID 2826.
INFO:root:Atualizando DeliveryControlRedesSociais com ID 2826. Campo used_stories_instagram_mandalecas definido como 1.0.
INFO:root:Dados comitados para DeliveryControlRedesSociais com ID 2826.
INFO:root:Atualizando DeliveryControlRedesSociais com ID 2826. Campo used_feed_instagram_mandalecas definido como 1.0.
INFO:root:Dados comitados para DeliveryControlRedesSociais com ID 2826.
INFO:root:Atualizando DeliveryControlRedesSociais com ID 2826. Campo used_feed_instagram_mandalecas definido como 1.0.
INFO:root:Dados comitados para DeliveryControlRedesSociais com ID 2826.
INFO:root:Atualizando DeliveryControlRedesSociais com ID 2826. Campo used_feed_instagram_mandalecas definido como 1.0.
INFO:root:Dados comitados para DeliveryControlRedesSociais com ID 2826.
INFO:root:Atualizando DeliveryControlRedesSociais com ID 2885. Campo used_reels_instagram_mandalecas definido como 1.0.
INFO:root:Dados comitados para DeliveryControlRedesSociais com ID 2885.
INFO:root:Atualizando DeliveryControlRedesSociais com ID 2885. Campo used_stories_instagram_mandalecas definido como 1.0.
INFO:root:Dados comitados para DeliveryControlRedesSociais com ID 2885.
INFO:root:Atualizando DeliveryControlRedesSociais com ID 2885. Campo used_reels_instagram_mandalecas definido como 1.0.
INFO:root:Dados comitados para DeliveryControlRedesSociais com ID 2885.
INFO:root:Atualizando DeliveryControlRedesSociais com ID 2885. Campo used_reels_instagram_mandalecas definido como 1.0.
INFO:root:Dados comitados para DeliveryControlRedesSociais com ID 2885.
INFO:root:Atualizando DeliveryControlRedesSociais com ID 2885. Campo used_reels_instagram_mandalecas definido como 1.0.
INFO:root:Dados comitados para DeliveryControlRedesSociais com ID 2885.
INFO:root:Atualizando DeliveryControlRedesSociais com ID 2885. Campo used_reels_instagram_mandalecas definido como 1.0.
INFO:root:Dados comitados para DeliveryControlRedesSociais com ID 2885.
INFO:root:Atualizando DeliveryControlRedesSociais com ID 2885. Campo used_reels_instagram_mandalecas definido como 1.0.
INFO:root:Dados comitados para DeliveryControlRedesSociais com ID 2885.
INFO:root:Atualizando DeliveryControlRedesSociais com ID 2885. Campo used_reels_instagram_mandalecas definido como 1.0.
INFO:root:Dados comitados para DeliveryControlRedesSociais com ID 2885.
INFO:root:Atualizando DeliveryControlRedesSociais com ID 2885. Campo used_reels_instagram_mandalecas definido como 1.0.
INFO:root:Dados comitados para DeliveryControlRedesSociais com ID 2885.
INFO:root:Atualizando DeliveryControlRedesSociais com ID 2885. Campo used_reels_instagram_mandalecas definido como 1.0.
INFO:root:Dados comitados para DeliveryControlRedesSociais com ID 2885.
INFO:root:Atualizando DeliveryControlRedesSociais com ID 2885. Campo used_reels_instagram_mandalecas definido como 1.0.
INFO:root:Dados comitados para DeliveryControlRedesSociais com ID 2885.
INFO:root:Atualizando DeliveryControlRedesSociais com ID 2885. Campo used_reels_instagram_mandalecas definido como 1.0.
INFO:root:Dados comitados para DeliveryControlRedesSociais com ID 2885.
INFO:root:Atualizando DeliveryControlCreative com ID 2889. Campo used_creative_mandalecas definido como 1.0.
INFO:root:Dados comitados para DeliveryControlCreative com ID 2889.
INFO:root:Atualizando DeliveryControlCreative com ID 2889. Campo used_creative_mandalecas definido como 1.0.
INFO:root:Dados comitados para DeliveryControlCreative com ID 2889.
INFO:root:Calculando mandalecas acumuladas para o cliente: Ogunjá Revestimentos
INFO:root:Mandaleças usadas para o cliente Ogunjá Revestimentos (Criação): 7, (Adaptação): 0
INFO:root:Valores atualizados para o cliente Ogunjá Revestimentos: Criação: 77.0, Adaptação: 28.0, Conteúdo: 56.0, Stories: -3, Feed LinkedIn: 0, Feed TikTok: 0, Stories Repost: 0, Reels: -1, Feed Instagram: -1
INFO:root:Executando debug_display_data...
INFO:root:Cliente: Ogunjá Revestimentos, Mandalecas usadas (Criação): 0, Entregas: []
INFO:root:Dados do cliente Ogunjá Revestimentos: {'Nome do Cliente': 'Ogunjá Revestimentos', 'Total de Mandalecas Usadas (Criação)': 0, 'Mandalecas Contratadas (Criação)': 6.0, 'Mandalecas Acumuladas (Criação)': 77.0}
INFO:root:Atualizando DeliveryControlCreative com ID 2815. Campo used_creative_mandalecas definido como 1.0.
INFO:root:Dados comitados para DeliveryControlCreative com ID 2815.
INFO:root:Atualizando DeliveryControlCreative com ID 2818. Campo used_creative_mandalecas definido como 1.0.
INFO:root:Dados comitados para DeliveryControlCreative com ID 2818.
INFO:root:Atualizando DeliveryControlCreative com ID 2818. Campo used_creative_mandalecas definido como 1.0.
INFO:root:Dados comitados para DeliveryControlCreative com ID 2818.
INFO:root:Atualizando DeliveryControlCreative com ID 2818. Campo used_creative_mandalecas definido como 1.0.
INFO:root:Dados comitados para DeliveryControlCreative com ID 2818.
INFO:root:Atualizando DeliveryControlRedesSociais com ID 2819. Campo used_stories_instagram_mandalecas definido como 1.0.
INFO:root:Dados comitados para DeliveryControlRedesSociais com ID 2819.
INFO:root:Atualizando DeliveryControlCreative com ID 2820. Campo used_creative_mandalecas definido como 1.0.
INFO:root:Dados comitados para DeliveryControlCreative com ID 2820.
INFO:root:Atualizando DeliveryControlCreative com ID 2820. Campo used_creative_mandalecas definido como 1.0.
INFO:root:Dados comitados para DeliveryControlCreative com ID 2820.
INFO:root:Atualizando DeliveryControlCreative com ID 2820. Campo used_creative_mandalecas definido como 1.0.
INFO:root:Dados comitados para DeliveryControlCreative com ID 2820.
INFO:root:Atualizando DeliveryControlCreative com ID 2820. Campo used_creative_mandalecas definido como 1.0.
INFO:root:Dados comitados para DeliveryControlCreative com ID 2820.
INFO:root:Atualizando DeliveryControlCreative com ID 2820. Campo used_creative_mandalecas definido como 1.0.
INFO:root:Dados comitados para DeliveryControlCreative com ID 2820.
INFO:root:Atualizando DeliveryControlCreative com ID 2820. Campo used_creative_mandalecas definido como 1.0.
INFO:root:Dados comitados para DeliveryControlCreative com ID 2820.
INFO:root:Atualizando DeliveryControlCreative com ID 2820. Campo used_creative_mandalecas definido como 1.0.
INFO:root:Dados comitados para DeliveryControlCreative com ID 2820.
INFO:root:Atualizando DeliveryControlCreative com ID 2820. Campo used_creative_mandalecas definido como 1.0.
INFO:root:Dados comitados para DeliveryControlCreative com ID 2820.
INFO:root:Atualizando DeliveryControlCreative com ID 2820. Campo used_creative_mandalecas definido como 1.0.
INFO:root:Dados comitados para DeliveryControlCreative com ID 2820.
INFO:root:Atualizando DeliveryControlCreative com ID 2820. Campo used_creative_mandalecas definido como 1.0.
INFO:root:Dados comitados para DeliveryControlCreative com ID 2820.
INFO:root:Atualizando DeliveryControlCreative com ID 2820. Campo used_creative_mandalecas definido como 1.0.
INFO:root:Dados comitados para DeliveryControlCreative com ID 2820.
INFO:root:Atualizando DeliveryControlCreative com ID 2821. Campo used_creative_mandalecas definido como 1.0.
INFO:root:Dados comitados para DeliveryControlCreative com ID 2821.
INFO:root:Atualizando DeliveryControlCreative com ID 2822. Campo used_creative_mandalecas definido como 1.0.
INFO:root:Dados comitados para DeliveryControlCreative com ID 2822.
INFO:root:Atualizando DeliveryControlCreative com ID 2826. Campo used_creative_mandalecas definido como 1.0.
INFO:root:Dados comitados para DeliveryControlCreative com ID 2826.
INFO:root:Atualizando DeliveryControlRedesSociais com ID 2826. Campo used_stories_instagram_mandalecas definido como 1.0.
INFO:root:Dados comitados para DeliveryControlRedesSociais com ID 2826.
INFO:root:Atualizando DeliveryControlRedesSociais com ID 2826. Campo used_stories_instagram_mandalecas definido como 1.0.
INFO:root:Dados comitados para DeliveryControlRedesSociais com ID 2826.
INFO:root:Atualizando DeliveryControlRedesSociais com ID 2826. Campo used_stories_instagram_mandalecas definido como 1.0.
INFO:root:Dados comitados para DeliveryControlRedesSociais com ID 2826.
INFO:root:Atualizando DeliveryControlRedesSociais com ID 2826. Campo used_feed_instagram_mandalecas definido como 1.0.
INFO:root:Dados comitados para DeliveryControlRedesSociais com ID 2826.
INFO:root:Atualizando DeliveryControlRedesSociais com ID 2826. Campo used_feed_instagram_mandalecas definido como 1.0.
INFO:root:Dados comitados para DeliveryControlRedesSociais com ID 2826.
INFO:root:Atualizando DeliveryControlRedesSociais com ID 2826. Campo used_feed_instagram_mandalecas definido como 1.0.
INFO:root:Dados comitados para DeliveryControlRedesSociais com ID 2826.
INFO:root:Atualizando DeliveryControlRedesSociais com ID 2885. Campo used_reels_instagram_mandalecas definido como 1.0.
INFO:root:Dados comitados para DeliveryControlRedesSociais com ID 2885.
INFO:root:Atualizando DeliveryControlRedesSociais com ID 2885. Campo used_stories_instagram_mandalecas definido como 1.0.
INFO:root:Dados comitados para DeliveryControlRedesSociais com ID 2885.
INFO:root:Atualizando DeliveryControlRedesSociais com ID 2885. Campo used_reels_instagram_mandalecas definido como 1.0.
INFO:root:Dados comitados para DeliveryControlRedesSociais com ID 2885.
INFO:root:Atualizando DeliveryControlRedesSociais com ID 2885. Campo used_reels_instagram_mandalecas definido como 1.0.
INFO:root:Dados comitados para DeliveryControlRedesSociais com ID 2885.
INFO:root:Atualizando DeliveryControlRedesSociais com ID 2885. Campo used_reels_instagram_mandalecas definido como 1.0.
INFO:root:Dados comitados para DeliveryControlRedesSociais com ID 2885.
INFO:root:Atualizando DeliveryControlRedesSociais com ID 2885. Campo used_reels_instagram_mandalecas definido como 1.0.
INFO:root:Dados comitados para DeliveryControlRedesSociais com ID 2885.
INFO:root:Atualizando DeliveryControlRedesSociais com ID 2885. Campo used_reels_instagram_mandalecas definido como 1.0.
INFO:root:Dados comitados para DeliveryControlRedesSociais com ID 2885.
INFO:root:Atualizando DeliveryControlRedesSociais com ID 2885. Campo used_reels_instagram_mandalecas definido como 1.0.
INFO:root:Dados comitados para DeliveryControlRedesSociais com ID 2885.
INFO:root:Atualizando DeliveryControlRedesSociais com ID 2885. Campo used_reels_instagram_mandalecas definido como 1.0.
INFO:root:Dados comitados para DeliveryControlRedesSociais com ID 2885.
INFO:root:Atualizando DeliveryControlRedesSociais com ID 2885. Campo used_reels_instagram_mandalecas definido como 1.0.
INFO:root:Dados comitados para DeliveryControlRedesSociais com ID 2885.
INFO:root:Atualizando DeliveryControlRedesSociais com ID 2885. Campo used_reels_instagram_mandalecas definido como 1.0.
INFO:root:Dados comitados para DeliveryControlRedesSociais com ID 2885.
INFO:root:Atualizando DeliveryControlRedesSociais com ID 2885. Campo used_reels_instagram_mandalecas definido como 1.0.
INFO:root:Dados comitados para DeliveryControlRedesSociais com ID 2885.
INFO:root:Atualizando DeliveryControlCreative com ID 2889. Campo used_creative_mandalecas definido como 1.0.
INFO:root:Dados comitados para DeliveryControlCreative com ID 2889.
INFO:root:Atualizando DeliveryControlCreative com ID 2889. Campo used_creative_mandalecas definido como 1.0.
INFO:root:Dados comitados para DeliveryControlCreative com ID 2889.
INFO:root:Calculando mandalecas acumuladas para o cliente: Ogunjá Revestimentos
INFO:root:Mandaleças usadas para o cliente Ogunjá Revestimentos (Criação): 7, (Adaptação): 0
INFO:root:Valores atualizados para o cliente Ogunjá Revestimentos: Criação: 77.0, Adaptação: 28.0, Conteúdo: 56.0, Stories: -3, Feed LinkedIn: 0, Feed TikTok: 0, Stories Repost: 0, Reels: -1, Feed Instagram: -1
INFO:root:Executando debug_display_data...
INFO:root:Cliente: Ogunjá Revestimentos, Mandalecas usadas (Criação): 0, Entregas: []
INFO:root:Dados do cliente Ogunjá Revestimentos: {'Nome do Cliente': 'Ogunjá Revestimentos', 'Total de Mandalecas Usadas (Criação)': 0, 'Mandalecas Contratadas (Criação)': 6.0, 'Mandalecas Acumuladas (Criação)': 0}
INFO:root:Executando debug_display_data...
INFO:root:Cliente: Ogunjá Revestimentos, Mandalecas usadas (Criação): 0, Entregas: []
INFO:root:Dados do cliente Ogunjá Revestimentos: {'Nome do Cliente': 'Ogunjá Revestimentos', 'Total de Mandalecas Usadas (Criação)': 0, 'Mandalecas Contratadas (Criação)': 6.0, 'Mandalecas Acumuladas (Criação)': 0}
INFO:root:Executando debug_display_data...
INFO:root:Cliente: Ogunjá Revestimentos, Mandalecas usadas (Criação): 0, Entregas: []
INFO:root:Dados do cliente Ogunjá Revestimentos: {'Nome do Cliente': 'Ogunjá Revestimentos', 'Total de Mandalecas Usadas (Criação)': 0, 'Mandalecas Contratadas (Criação)': 6.0, 'Mandalecas Acumuladas (Criação)': 0}
INFO:root:Executando debug_display_data...
INFO:root:Cliente: Ogunjá Revestimentos, Mandalecas usadas (Criação): 0, Entregas: []
INFO:root:Dados do cliente Ogunjá Revestimentos: {'Nome do Cliente': 'Ogunjá Revestimentos', 'Total de Mandalecas Usadas (Criação)': 0, 'Mandalecas Contratadas (Criação)': 6.0, 'Mandalecas Acumuladas (Criação)': 2.0}
INFO:root:Executando debug_display_data...
INFO:root:Cliente: Ogunjá Revestimentos, Mandalecas usadas (Criação): 0, Entregas: []
INFO:root:Dados do cliente Ogunjá Revestimentos: {'Nome do Cliente': 'Ogunjá Revestimentos', 'Total de Mandalecas Usadas (Criação)': 0, 'Mandalecas Contratadas (Criação)': 6.0, 'Mandalecas Acumuladas (Criação)': 2.0}
INFO:root:Executando debug_display_data...
INFO:root:Cliente: Ogunjá Revestimentos, Mandalecas usadas (Criação): 0, Entregas: []
INFO:root:Dados do cliente Ogunjá Revestimentos: {'Nome do Cliente': 'Ogunjá Revestimentos', 'Total de Mandalecas Usadas (Criação)': 0, 'Mandalecas Contratadas (Criação)': 6.0, 'Mandalecas Acumuladas (Criação)': 2.0}
INFO:root:Executando debug_display_data...
INFO:root:Cliente: Ogunjá Revestimentos, Mandalecas usadas (Criação): 0, Entregas: []
INFO:root:Dados do cliente Ogunjá Revestimentos: {'Nome do Cliente': 'Ogunjá Revestimentos', 'Total de Mandalecas Usadas (Criação)': 0, 'Mandalecas Contratadas (Criação)': 6.0, 'Mandalecas Acumuladas (Criação)': 2.0}
INFO:root:Executando debug_display_data...
INFO:root:Cliente: Ogunjá Revestimentos, Mandalecas usadas (Criação): 0, Entregas: []
INFO:root:Dados do cliente Ogunjá Revestimentos: {'Nome do Cliente': 'Ogunjá Revestimentos', 'Total de Mandalecas Usadas (Criação)': 0, 'Mandalecas Contratadas (Criação)': 6.0, 'Mandalecas Acumuladas (Criação)': 2.0}
INFO:root:Executando debug_display_data...
INFO:root:Cliente: Ogunjá Revestimentos, Mandalecas usadas (Criação): 0, Entregas: []
INFO:root:Dados do cliente Ogunjá Revestimentos: {'Nome do Cliente': 'Ogunjá Revestimentos', 'Total de Mandalecas Usadas (Criação)': 0, 'Mandalecas Contratadas (Criação)': 6.0, 'Mandalecas Acumuladas (Criação)': 2.0}
INFO:root:Executando debug_display_data...
INFO:root:Cliente: Ogunjá Revestimentos, Mandalecas usadas (Criação): 0, Entregas: []
INFO:root:Dados do cliente Ogunjá Revestimentos: {'Nome do Cliente': 'Ogunjá Revestimentos', 'Total de Mandalecas Usadas (Criação)': 0, 'Mandalecas Contratadas (Criação)': 6.0, 'Mandalecas Acumuladas (Criação)': 2.0}
INFO:root:Executando debug_display_data...
INFO:root:Cliente: SAEB - Sociedade de Anestesiologia do Estado da Bahia, Mandalecas usadas (Criação): 0, Entregas: []
INFO:root:Dados do cliente SAEB - Sociedade de Anestesiologia do Estado da Bahia: {'Nome do Cliente': 'SAEB - Sociedade de Anestesiologia do Estado da Bahia', 'Total de Mandalecas Usadas (Criação)': 0, 'Mandalecas Contratadas (Criação)': 0.0, 'Mandalecas Acumuladas (Criação)': 0}
INFO:root:Executando debug_display_data...
INFO:root:Cliente: Ogunjá Revestimentos, Mandalecas usadas (Criação): 0, Entregas: []
INFO:root:Dados do cliente Ogunjá Revestimentos: {'Nome do Cliente': 'Ogunjá Revestimentos', 'Total de Mandalecas Usadas (Criação)': 0, 'Mandalecas Contratadas (Criação)': 6.0, 'Mandalecas Acumuladas (Criação)': 2.0}
INFO:root:Executando debug_display_data...
INFO:root:Cliente: SAEB - Sociedade de Anestesiologia do Estado da Bahia, Mandalecas usadas (Criação): 0, Entregas: []
INFO:root:Dados do cliente SAEB - Sociedade de Anestesiologia do Estado da Bahia: {'Nome do Cliente': 'SAEB - Sociedade de Anestesiologia do Estado da Bahia', 'Total de Mandalecas Usadas (Criação)': 0, 'Mandalecas Contratadas (Criação)': 0.0, 'Mandalecas Acumuladas (Criação)': 0}
INFO:root:Executando debug_display_data...
INFO:root:Cliente: Ogunjá Revestimentos, Mandalecas usadas (Criação): 0, Entregas: []
INFO:root:Dados do cliente Ogunjá Revestimentos: {'Nome do Cliente': 'Ogunjá Revestimentos', 'Total de Mandalecas Usadas (Criação)': 0, 'Mandalecas Contratadas (Criação)': 6.0, 'Mandalecas Acumuladas (Criação)': 2.0}
INFO:root:Executando debug_display_data...
INFO:root:Cliente: Ogunjá Revestimentos, Mandalecas usadas (Criação): 0, Entregas: []
INFO:root:Dados do cliente Ogunjá Revestimentos: {'Nome do Cliente': 'Ogunjá Revestimentos', 'Total de Mandalecas Usadas (Criação)': 0, 'Mandalecas Contratadas (Criação)': 6.0, 'Mandalecas Acumuladas (Criação)': 2.0}
INFO:root:Executando debug_display_data...
INFO:root:Cliente: Ogunjá Revestimentos, Mandalecas usadas (Criação): 0, Entregas: []
INFO:root:Dados do cliente Ogunjá Revestimentos: {'Nome do Cliente': 'Ogunjá Revestimentos', 'Total de Mandalecas Usadas (Criação)': 0, 'Mandalecas Contratadas (Criação)': 6.0, 'Mandalecas Acumuladas (Criação)': 2.0}
INFO:root:Executando debug_display_data...
INFO:root:Cliente: Ogunjá Revestimentos, Mandalecas usadas (Criação): 0, Entregas: []
INFO:root:Dados do cliente Ogunjá Revestimentos: {'Nome do Cliente': 'Ogunjá Revestimentos', 'Total de Mandalecas Usadas (Criação)': 0, 'Mandalecas Contratadas (Criação)': 6.0, 'Mandalecas Acumuladas (Criação)': 2.0}
INFO:root:Executando debug_display_data...
INFO:root:Cliente: Ogunjá Revestimentos, Mandalecas usadas (Criação): 0, Entregas: []
INFO:root:Dados do cliente Ogunjá Revestimentos: {'Nome do Cliente': 'Ogunjá Revestimentos', 'Total de Mandalecas Usadas (Criação)': 0, 'Mandalecas Contratadas (Criação)': 6.0, 'Mandalecas Acumuladas (Criação)': 2.0}
INFO:root:Executando debug_display_data...
INFO:root:Cliente: Ogunjá Revestimentos, Mandalecas usadas (Criação): 7, Entregas: [('Criação OGUNJÁ | Caruru - fitinha bonfim personalizada OP (M) #2 mdl 1', 1), ('Criação Crachás Ogunjá  Crachás Centro Logistico mdl 1', 1), ('Criação Peças dia do evento < OGUNJA | Vídeo Institucional (D) mdl 1', 1), ('Criação OGUNJA | Assinatura de email mdl 1', 1), ('Criação Ajuste Ogunjá Support para Ogunjá Service mdl 1', 1), ('Criação Ogunjá | Reconexão Instagram - Página Facebook mdl 1', 1), ('Criação MOTE DA CAMPANHA < Redação mdl 1', 1)]
INFO:root:Dados do cliente Ogunjá Revestimentos: {'Nome do Cliente': 'Ogunjá Revestimentos', 'Total de Mandalecas Usadas (Criação)': 7, 'Mandalecas Contratadas (Criação)': 6.0, 'Mandalecas Acumuladas (Criação)': 2.0}
INFO:root:Tabela de Debug: [{'Cliente': 'Ogunjá Revestimentos', 'used_creative_mandalecas': 1, 'job_creation_date': datetime.date(2023, 5, 3)}, {'Cliente': 'Ogunjá Revestimentos', 'used_creative_mandalecas': 1, 'job_creation_date': datetime.date(2023, 5, 9)}, {'Cliente': 'Ogunjá Revestimentos', 'used_creative_mandalecas': 1, 'job_creation_date': datetime.date(2023, 5, 10)}, {'Cliente': 'Ogunjá Revestimentos', 'used_creative_mandalecas': 1, 'job_creation_date': datetime.date(2023, 5, 29)}, {'Cliente': 'Ogunjá Revestimentos', 'used_creative_mandalecas': 1, 'job_creation_date': datetime.date(2023, 5, 15)}, {'Cliente': 'Ogunjá Revestimentos', 'used_creative_mandalecas': 1, 'job_creation_date': datetime.date(2023, 5, 9)}, {'Cliente': 'Ogunjá Revestimentos', 'used_creative_mandalecas': 1, 'job_creation_date': datetime.date(2023, 5, 29)}]
INFO:root:Executando debug_display_data...
INFO:root:Cliente: Ogunjá Revestimentos, Mandalecas usadas (Criação): 0, Entregas: []
INFO:root:Dados do cliente Ogunjá Revestimentos: {'Nome do Cliente': 'Ogunjá Revestimentos', 'Total de Mandalecas Usadas (Criação)': 0, 'Mandalecas Contratadas (Criação)': 6.0, 'Mandalecas Acumuladas (Criação)': 2.0}
INFO:root:Executando debug_display_data...
INFO:root:Cliente: Ogunjá Revestimentos, Mandalecas usadas (Criação): 0, Entregas: []
INFO:root:Dados do cliente Ogunjá Revestimentos: {'Nome do Cliente': 'Ogunjá Revestimentos', 'Total de Mandalecas Usadas (Criação)': 0, 'Mandalecas Contratadas (Criação)': 6.0, 'Mandalecas Acumuladas (Criação)': 2.0}
INFO:root:Executando debug_display_data...
INFO:root:Cliente: Ogunjá Revestimentos, Mandalecas usadas (Criação): 0, Entregas: []
INFO:root:Dados do cliente Ogunjá Revestimentos: {'Nome do Cliente': 'Ogunjá Revestimentos', 'Total de Mandalecas Usadas (Criação)': 0, 'Mandalecas Contratadas (Criação)': 6.0, 'Mandalecas Acumuladas (Criação)': 2.0}
INFO:root:Executando debug_display_data...
INFO:root:Cliente: Ogunjá Revestimentos, Mandalecas usadas (Criação): 0, Entregas: []
INFO:root:Dados do cliente Ogunjá Revestimentos: {'Nome do Cliente': 'Ogunjá Revestimentos', 'Total de Mandalecas Usadas (Criação)': 0, 'Mandalecas Contratadas (Criação)': 6.0, 'Mandalecas Acumuladas (Criação)': 2.0}
ERROR:root:Erro ao exibir os dados: 
    Invalid value of type 'builtins.set' received for the 'text' property of layout.annotation
        Received value: {0}

    The 'text' property is a string and must be specified as:
      - A string
      - A number that will be converted to a string
Traceback (most recent call last):
  File "/home/debrito/Documentos/central/page_criacao_logic.py", line 97, in debug_display_data
    display_gauge_chart(
  File "/home/debrito/Documentos/central/page_criacao_logic.py", line 39, in display_gauge_chart
    fig.update_layout(
  File "/home/debrito/Documentos/central/venv/lib/python3.10/site-packages/plotly/graph_objs/_figure.py", line 788, in update_layout
    return super(Figure, self).update_layout(dict1, overwrite, **kwargs)
  File "/home/debrito/Documentos/central/venv/lib/python3.10/site-packages/plotly/basedatatypes.py", line 1391, in update_layout
    self.layout.update(dict1, overwrite=overwrite, **kwargs)
  File "/home/debrito/Documentos/central/venv/lib/python3.10/site-packages/plotly/basedatatypes.py", line 5137, in update
    BaseFigure._perform_update(self, kwargs, overwrite=overwrite)
  File "/home/debrito/Documentos/central/venv/lib/python3.10/site-packages/plotly/basedatatypes.py", line 3937, in _perform_update
    plotly_obj[key] = val
  File "/home/debrito/Documentos/central/venv/lib/python3.10/site-packages/plotly/basedatatypes.py", line 5912, in __setitem__
    super(BaseLayoutHierarchyType, self).__setitem__(prop, value)
  File "/home/debrito/Documentos/central/venv/lib/python3.10/site-packages/plotly/basedatatypes.py", line 4870, in __setitem__
    self._set_array_prop(prop, value)
  File "/home/debrito/Documentos/central/venv/lib/python3.10/site-packages/plotly/basedatatypes.py", line 5351, in _set_array_prop
    val = validator.validate_coerce(val, skip_invalid=self._skip_invalid)
  File "/home/debrito/Documentos/central/venv/lib/python3.10/site-packages/_plotly_utils/basevalidators.py", line 2576, in validate_coerce
    res.append(self.data_class(v_el, skip_invalid=skip_invalid))
  File "/home/debrito/Documentos/central/venv/lib/python3.10/site-packages/plotly/graph_objs/layout/_annotation.py", line 2033, in __init__
    self["text"] = _v
  File "/home/debrito/Documentos/central/venv/lib/python3.10/site-packages/plotly/basedatatypes.py", line 4874, in __setitem__
    self._set_prop(prop, value)
  File "/home/debrito/Documentos/central/venv/lib/python3.10/site-packages/plotly/basedatatypes.py", line 5218, in _set_prop
    raise err
  File "/home/debrito/Documentos/central/venv/lib/python3.10/site-packages/plotly/basedatatypes.py", line 5213, in _set_prop
    val = validator.validate_coerce(val)
  File "/home/debrito/Documentos/central/venv/lib/python3.10/site-packages/_plotly_utils/basevalidators.py", line 1104, in validate_coerce
    self.raise_invalid_val(v)
  File "/home/debrito/Documentos/central/venv/lib/python3.10/site-packages/_plotly_utils/basevalidators.py", line 296, in raise_invalid_val
    raise ValueError(
ValueError: 
    Invalid value of type 'builtins.set' received for the 'text' property of layout.annotation
        Received value: {0}

    The 'text' property is a string and must be specified as:
      - A string
      - A number that will be converted to a string
INFO:root:Executando debug_display_data...
INFO:root:Cliente: Ogunjá Revestimentos, Mandalecas usadas (Criação): 0, Entregas: []
INFO:root:Dados do cliente Ogunjá Revestimentos: {'Nome do Cliente': 'Ogunjá Revestimentos', 'Total de Mandalecas Usadas (Criação)': 0, 'Mandalecas Contratadas (Criação)': 6.0, 'Mandalecas Acumuladas (Criação)': 2.0}
INFO:root:Executando debug_display_data...
INFO:root:Cliente: Ogunjá Revestimentos, Mandalecas usadas (Criação): 0, Entregas: []
INFO:root:Dados do cliente Ogunjá Revestimentos: {'Nome do Cliente': 'Ogunjá Revestimentos', 'Total de Mandalecas Usadas (Criação)': 0, 'Mandalecas Contratadas (Criação)': 6.0, 'Mandalecas Acumuladas (Criação)': 2.0}
INFO:root:Executando debug_display_data...
INFO:root:Cliente: Ogunjá Revestimentos, Mandalecas usadas (Criação): 0, Entregas: []
INFO:root:Dados do cliente Ogunjá Revestimentos: {'Nome do Cliente': 'Ogunjá Revestimentos', 'Total de Mandalecas Usadas (Criação)': 0, 'Mandalecas Contratadas (Criação)': 6.0, 'Mandalecas Acumuladas (Criação)': 2.0}
INFO:root:Executando debug_display_data...
INFO:root:Cliente: Ogunjá Revestimentos, Mandalecas usadas (Criação): 0, Entregas: []
INFO:root:Dados do cliente Ogunjá Revestimentos: {'Nome do Cliente': 'Ogunjá Revestimentos', 'Total de Mandalecas Usadas (Criação)': 0, 'Mandalecas Contratadas (Criação)': 6.0, 'Mandalecas Acumuladas (Criação)': 2.0}
INFO:root:Executando debug_display_data...
INFO:root:Cliente: Ogunjá Revestimentos, Mandalecas usadas (Criação): 0, Entregas: []
INFO:root:Dados do cliente Ogunjá Revestimentos: {'Nome do Cliente': 'Ogunjá Revestimentos', 'Total de Mandalecas Usadas (Criação)': 0, 'Mandalecas Contratadas (Criação)': 6.0, 'Mandalecas Acumuladas (Criação)': 2.0}
INFO:root:Executando debug_display_data...
INFO:root:Cliente: Ogunjá Revestimentos, Mandalecas usadas (Criação): 0, Entregas: []
INFO:root:Dados do cliente Ogunjá Revestimentos: {'Nome do Cliente': 'Ogunjá Revestimentos', 'Total de Mandalecas Usadas (Criação)': 0, 'Mandalecas Contratadas (Criação)': 6.0, 'Mandalecas Acumuladas (Criação)': 2.0}
INFO:root:Executando debug_display_data...
INFO:root:Cliente: Ogunjá Revestimentos, Mandalecas usadas (Criação): 0, Entregas: []
INFO:root:Dados do cliente Ogunjá Revestimentos: {'Nome do Cliente': 'Ogunjá Revestimentos', 'Total de Mandalecas Usadas (Criação)': 0, 'Mandalecas Contratadas (Criação)': 6.0, 'Mandalecas Acumuladas (Criação)': 2.0}
INFO:root:Executando debug_display_data...
INFO:root:Cliente: Ogunjá Revestimentos, Mandalecas usadas (Criação): 0, Entregas: []
INFO:root:Dados do cliente Ogunjá Revestimentos: {'Nome do Cliente': 'Ogunjá Revestimentos', 'Total de Mandalecas Usadas (Criação)': 0, 'Mandalecas Contratadas (Criação)': 6.0, 'Mandalecas Acumuladas (Criação)': 2.0}
INFO:root:Executando debug_display_data...
INFO:root:Cliente: Ogunjá Revestimentos, Mandalecas usadas (Criação): 0, Entregas: []
INFO:root:Dados do cliente Ogunjá Revestimentos: {'Nome do Cliente': 'Ogunjá Revestimentos', 'Total de Mandalecas Usadas (Criação)': 0, 'Mandalecas Contratadas (Criação)': 6.0, 'Mandalecas Acumuladas (Criação)': 2.0}
INFO:root:Executando debug_display_data...
INFO:root:Cliente: Ogunjá Revestimentos, Mandalecas usadas (Criação): 0, Entregas: []
INFO:root:Dados do cliente Ogunjá Revestimentos: {'Nome do Cliente': 'Ogunjá Revestimentos', 'Total de Mandalecas Usadas (Criação)': 0, 'Mandalecas Contratadas (Criação)': 6.0, 'Mandalecas Acumuladas (Criação)': 2.0}
INFO:root:Executando debug_display_data...
INFO:root:Cliente: Ogunjá Revestimentos, Mandalecas usadas (Criação): 0, Entregas: []
INFO:root:Dados do cliente Ogunjá Revestimentos: {'Nome do Cliente': 'Ogunjá Revestimentos', 'Total de Mandalecas Usadas (Criação)': 0, 'Mandalecas Contratadas (Criação)': 6.0, 'Mandalecas Acumuladas (Criação)': 2.0}
INFO:root:Executando debug_display_data...
INFO:root:Cliente: Ogunjá Revestimentos, Mandalecas usadas (Criação): 0, Entregas: []
INFO:root:Dados do cliente Ogunjá Revestimentos: {'Nome do Cliente': 'Ogunjá Revestimentos', 'Total de Mandalecas Usadas (Criação)': 0, 'Mandalecas Contratadas (Criação)': 6.0, 'Mandalecas Acumuladas (Criação)': 2.0}
INFO:root:Executando debug_display_data...
INFO:root:Cliente: Ogunjá Revestimentos, Mandalecas usadas (Criação): 0, Entregas: []
INFO:root:Dados do cliente Ogunjá Revestimentos: {'Nome do Cliente': 'Ogunjá Revestimentos', 'Total de Mandalecas Usadas (Criação)': 0, 'Mandalecas Contratadas (Criação)': 6.0, 'Mandalecas Acumuladas (Criação)': 2.0}
INFO:root:Executando debug_display_data...
INFO:root:Cliente: Ogunjá Revestimentos, Mandalecas usadas (Criação): 0, Entregas: []
INFO:root:Dados do cliente Ogunjá Revestimentos: {'Nome do Cliente': 'Ogunjá Revestimentos', 'Total de Mandalecas Usadas (Criação)': 0, 'Mandalecas Contratadas (Criação)': 6.0, 'Mandalecas Acumuladas (Criação)': 2.0}
INFO:root:Executando debug_display_data...
INFO:root:Cliente: Ogunjá Revestimentos, Mandalecas usadas (Criação): 0, Entregas: []
INFO:root:Dados do cliente Ogunjá Revestimentos: {'Nome do Cliente': 'Ogunjá Revestimentos', 'Total de Mandalecas Usadas (Criação)': 0, 'Mandalecas Contratadas (Criação)': 6.0, 'Mandalecas Acumuladas (Criação)': 2.0}
INFO:root:Executando debug_display_data...
INFO:root:Cliente: Ogunjá Revestimentos, Mandalecas usadas (Criação): 0, Entregas: []
INFO:root:Cliente: Ogunjá Revestimentos, Mandalecas usadas (Adaptação): 0, Entregas: []
INFO:root:Dados do cliente Ogunjá Revestimentos: {'Nome do Cliente': 'Ogunjá Revestimentos', 'Total de Mandalecas Usadas (Criação)': 0, 'Mandalecas Contratadas (Criação)': 6.0, 'Mandalecas Acumuladas (Criação)': 2.0, 'Total de Mandalecas Usadas (Adaptação)': 0, 'Mandalecas Contratadas (Adaptação)': 2.0, 'Mandalecas Acumuladas (Adaptação)': 0}
INFO:root:Executando debug_display_data...
INFO:root:Cliente: Ogunjá Revestimentos, Mandalecas usadas (Criação): 0, Entregas: []
INFO:root:Cliente: Ogunjá Revestimentos, Mandalecas usadas (Adaptação): 0, Entregas: []
INFO:root:Dados do cliente Ogunjá Revestimentos: {'Nome do Cliente': 'Ogunjá Revestimentos', 'Total de Mandalecas Usadas (Criação)': 0, 'Mandalecas Contratadas (Criação)': 6.0, 'Mandalecas Acumuladas (Criação)': 2.0, 'Total de Mandalecas Usadas (Adaptação)': 0, 'Mandalecas Contratadas (Adaptação)': 2.0, 'Mandalecas Acumuladas (Adaptação)': 0}
INFO:root:Executando debug_display_data...
INFO:root:Cliente: Ogunjá Revestimentos, Mandalecas usadas (Criação): 0, Entregas: []
INFO:root:Cliente: Ogunjá Revestimentos, Mandalecas usadas (Adaptação): 0, Entregas: []
INFO:root:Dados do cliente Ogunjá Revestimentos: {'Nome do Cliente': 'Ogunjá Revestimentos', 'Total de Mandalecas Usadas (Criação)': 0, 'Mandalecas Contratadas (Criação)': 6.0, 'Mandalecas Acumuladas (Criação)': 2.0, 'Total de Mandalecas Usadas (Adaptação)': 0, 'Mandalecas Contratadas (Adaptação)': 2.0, 'Mandalecas Acumuladas (Adaptação)': 0}
INFO:root:Executando debug_display_data...
INFO:root:Cliente: Ogunjá Revestimentos, Mandalecas usadas (Criação): 0, Entregas: []
INFO:root:Cliente: Ogunjá Revestimentos, Mandalecas usadas (Adaptação): 0, Entregas: []
INFO:root:Dados do cliente Ogunjá Revestimentos: {'Nome do Cliente': 'Ogunjá Revestimentos', 'Total de Mandalecas Usadas (Criação)': 0, 'Mandalecas Contratadas (Criação)': 6.0, 'Mandalecas Acumuladas (Criação)': 2.0, 'Total de Mandalecas Usadas (Adaptação)': 0, 'Mandalecas Contratadas (Adaptação)': 2.0, 'Mandalecas Acumuladas (Adaptação)': 0}
INFO:root:Executando debug_display_data...
INFO:root:Cliente: Ogunjá Revestimentos, Mandalecas usadas (Criação): 0, Entregas: []
INFO:root:Cliente: Ogunjá Revestimentos, Mandalecas usadas (Adaptação): 0, Entregas: []
INFO:root:Dados do cliente Ogunjá Revestimentos: {'Nome do Cliente': 'Ogunjá Revestimentos', 'Total de Mandalecas Usadas (Criação)': 0, 'Mandalecas Contratadas (Criação)': 6.0, 'Mandalecas Acumuladas (Criação)': 2.0, 'Total de Mandalecas Usadas (Adaptação)': 0, 'Mandalecas Contratadas (Adaptação)': 2.0, 'Mandalecas Acumuladas (Adaptação)': 0}
INFO:root:Executando debug_display_data...
INFO:root:Cliente: Ogunjá Revestimentos, Mandalecas usadas (Criação): 0, Entregas: []
INFO:root:Cliente: Ogunjá Revestimentos, Mandalecas usadas (Adaptação): 0, Entregas: []
INFO:root:Dados do cliente Ogunjá Revestimentos: {'Nome do Cliente': 'Ogunjá Revestimentos', 'Total de Mandalecas Usadas (Criação)': 0, 'Mandalecas Contratadas (Criação)': 6.0, 'Mandalecas Acumuladas (Criação)': 2.0, 'Total de Mandalecas Usadas (Adaptação)': 0, 'Mandalecas Contratadas (Adaptação)': 2.0, 'Mandalecas Acumuladas (Adaptação)': 0}
INFO:root:Executando debug_display_data...
INFO:root:Cliente: Ogunjá Revestimentos, Mandalecas usadas (Criação): 0, Entregas: []
INFO:root:Cliente: Ogunjá Revestimentos, Mandalecas usadas (Adaptação): 0, Entregas: []
INFO:root:Dados do cliente Ogunjá Revestimentos: {'Nome do Cliente': 'Ogunjá Revestimentos', 'Total de Mandalecas Usadas (Criação)': 0, 'Mandalecas Contratadas (Criação)': 6.0, 'Mandalecas Acumuladas (Criação)': 2.0, 'Total de Mandalecas Usadas (Adaptação)': 0, 'Mandalecas Contratadas (Adaptação)': 2.0, 'Mandalecas Acumuladas (Adaptação)': 0}
INFO:root:Executando debug_display_data...
INFO:root:Cliente: Ogunjá Revestimentos, Mandalecas usadas (Criação): 0, Entregas: []
INFO:root:Cliente: Ogunjá Revestimentos, Mandalecas usadas (Adaptação): 0, Entregas: []
INFO:root:Dados do cliente Ogunjá Revestimentos: {'Nome do Cliente': 'Ogunjá Revestimentos', 'Total de Mandalecas Usadas (Criação)': 0, 'Mandalecas Contratadas (Criação)': 6.0, 'Mandalecas Acumuladas (Criação)': 2.0, 'Total de Mandalecas Usadas (Adaptação)': 0, 'Mandalecas Contratadas (Adaptação)': 2.0, 'Mandalecas Acumuladas (Adaptação)': 0}
INFO:root:Executando debug_display_data...
INFO:root:Cliente: Ogunjá Revestimentos, Mandalecas usadas (Criação): 0, Entregas: []
INFO:root:Cliente: Ogunjá Revestimentos, Mandalecas usadas (Adaptação): 0, Entregas: []
INFO:root:Dados do cliente Ogunjá Revestimentos: {'Nome do Cliente': 'Ogunjá Revestimentos', 'Total de Mandalecas Usadas (Criação)': 0, 'Mandalecas Contratadas (Criação)': 6.0, 'Mandalecas Acumuladas (Criação)': 2.0, 'Total de Mandalecas Usadas (Adaptação)': 0, 'Mandalecas Contratadas (Adaptação)': 2.0, 'Mandalecas Acumuladas (Adaptação)': 0}
INFO:root:Executando debug_display_data...
INFO:root:Cliente: Ogunjá Revestimentos, Mandalecas usadas (Criação): 0, Entregas: []
INFO:root:Cliente: Ogunjá Revestimentos, Mandalecas usadas (Adaptação): 0, Entregas: []
INFO:root:Dados do cliente Ogunjá Revestimentos: {'Nome do Cliente': 'Ogunjá Revestimentos', 'Total de Mandalecas Usadas (Criação)': 0, 'Mandalecas Contratadas (Criação)': 6.0, 'Mandalecas Acumuladas (Criação)': 2.0, 'Total de Mandalecas Usadas (Adaptação)': 0, 'Mandalecas Contratadas (Adaptação)': 2.0, 'Mandalecas Acumuladas (Adaptação)': 0}
INFO:root:Executando debug_display_data...
INFO:root:Cliente: Ogunjá Revestimentos, Mandalecas usadas (Criação): 0, Entregas: []
INFO:root:Cliente: Ogunjá Revestimentos, Mandalecas usadas (Adaptação): 0, Entregas: []
INFO:root:Dados do cliente Ogunjá Revestimentos: {'Nome do Cliente': 'Ogunjá Revestimentos', 'Total de Mandalecas Usadas (Criação)': 0, 'Mandalecas Contratadas (Criação)': 6.0, 'Mandalecas Acumuladas (Criação)': 2.0, 'Total de Mandalecas Usadas (Adaptação)': 0, 'Mandalecas Contratadas (Adaptação)': 2.0, 'Mandalecas Acumuladas (Adaptação)': 0}
INFO:root:Executando debug_display_data...
INFO:root:Cliente: Ogunjá Revestimentos, Mandalecas usadas (Criação): 0, Entregas: []
INFO:root:Cliente: Ogunjá Revestimentos, Mandalecas usadas (Adaptação): 0, Entregas: []
INFO:root:Dados do cliente Ogunjá Revestimentos: {'Nome do Cliente': 'Ogunjá Revestimentos', 'Total de Mandalecas Usadas (Criação)': 0, 'Mandalecas Contratadas (Criação)': 6.0, 'Mandalecas Acumuladas (Criação)': 2.0, 'Total de Mandalecas Usadas (Adaptação)': 0, 'Mandalecas Contratadas (Adaptação)': 2.0, 'Mandalecas Acumuladas (Adaptação)': 0}
INFO:root:Executando debug_display_data...
ERROR:root:Erro ao exibir os dados: name 'DeliveryControlCreative' is not defined
Traceback (most recent call last):
  File "/home/debrito/Documentos/central/page_criacao_logic.py", line 78, in debug_display_data
    entregas_creative = session.query(DeliveryControlCreative).filter(
NameError: name 'DeliveryControlCreative' is not defined
INFO:root:Executando debug_display_data...
INFO:root:Cliente: Ogunjá Revestimentos, Mandalecas usadas (Criação): 0, Entregas: []
INFO:root:Cliente: Ogunjá Revestimentos, Mandalecas usadas (Adaptação): 0, Entregas: []
INFO:root:Dados do cliente Ogunjá Revestimentos: {'Nome do Cliente': 'Ogunjá Revestimentos', 'Total de Mandalecas Usadas (Criação)': 0, 'Mandalecas Contratadas (Criação)': 0.0, 'Mandalecas Acumuladas (Criação)': 0, 'Total de Mandalecas Usadas (Adaptação)': 0, 'Mandalecas Contratadas (Adaptação)': 2.0, 'Mandalecas Acumuladas (Adaptação)': 0}
INFO:root:Executando debug_display_data...
INFO:root:Cliente: Ogunjá Revestimentos, Mandalecas usadas (Criação): 0, Entregas: []
INFO:root:Cliente: Ogunjá Revestimentos, Mandalecas usadas (Adaptação): 0, Entregas: []
INFO:root:Dados do cliente Ogunjá Revestimentos: {'Nome do Cliente': 'Ogunjá Revestimentos', 'Total de Mandalecas Usadas (Criação)': 0, 'Mandalecas Contratadas (Criação)': 0.0, 'Mandalecas Acumuladas (Criação)': 0, 'Total de Mandalecas Usadas (Adaptação)': 0, 'Mandalecas Contratadas (Adaptação)': 2.0, 'Mandalecas Acumuladas (Adaptação)': 0}
INFO:root:Executando debug_display_data...
INFO:root:Cliente: Ogunjá Revestimentos, Mandalecas usadas (Criação): 0, Entregas: []
INFO:root:Cliente: Ogunjá Revestimentos, Mandalecas usadas (Adaptação): 0, Entregas: []
INFO:root:Dados do cliente Ogunjá Revestimentos: {'Nome do Cliente': 'Ogunjá Revestimentos', 'Total de Mandalecas Usadas (Criação)': 0, 'Mandalecas Contratadas (Criação)': 0.0, 'Mandalecas Acumuladas (Criação)': 0, 'Total de Mandalecas Usadas (Adaptação)': 0, 'Mandalecas Contratadas (Adaptação)': 2.0, 'Mandalecas Acumuladas (Adaptação)': 0}
INFO:root:Executando debug_display_data...
INFO:root:Cliente: Ogunjá Revestimentos, Mandalecas usadas (Criação): 0, Entregas: []
INFO:root:Cliente: Ogunjá Revestimentos, Mandalecas usadas (Adaptação): 0, Entregas: []
INFO:root:Dados do cliente Ogunjá Revestimentos: {'Nome do Cliente': 'Ogunjá Revestimentos', 'Total de Mandalecas Usadas (Criação)': 0, 'Mandalecas Contratadas (Criação)': 0.0, 'Mandalecas Acumuladas (Criação)': 0, 'Total de Mandalecas Usadas (Adaptação)': 0, 'Mandalecas Contratadas (Adaptação)': 2.0, 'Mandalecas Acumuladas (Adaptação)': 0}
INFO:root:Executando debug_display_data...
INFO:root:Cliente: Ogunjá Revestimentos, Mandalecas usadas (Criação): 0, Entregas: []
INFO:root:Cliente: Ogunjá Revestimentos, Mandalecas usadas (Adaptação): 0, Entregas: []
INFO:root:Dados do cliente Ogunjá Revestimentos: {'Nome do Cliente': 'Ogunjá Revestimentos', 'Total de Mandalecas Usadas (Criação)': 0, 'Mandalecas Contratadas (Criação)': 0.0, 'Mandalecas Acumuladas (Criação)': 0, 'Total de Mandalecas Usadas (Adaptação)': 0, 'Mandalecas Contratadas (Adaptação)': 2.0, 'Mandalecas Acumuladas (Adaptação)': 0}
INFO:root:Executando debug_display_data...
INFO:root:Cliente: Ogunjá Revestimentos, Mandalecas usadas (Criação): 0, Entregas: []
INFO:root:Cliente: Ogunjá Revestimentos, Mandalecas usadas (Adaptação): 0, Entregas: []
INFO:root:Dados do cliente Ogunjá Revestimentos: {'Nome do Cliente': 'Ogunjá Revestimentos', 'Total de Mandalecas Usadas (Criação)': 0, 'Mandalecas Contratadas (Criação)': 0.0, 'Mandalecas Acumuladas (Criação)': 0, 'Total de Mandalecas Usadas (Adaptação)': 0, 'Mandalecas Contratadas (Adaptação)': 2.0, 'Mandalecas Acumuladas (Adaptação)': 0}
INFO:root:Executando debug_display_data...
INFO:root:Cliente: Ogunjá Revestimentos, Mandalecas usadas (Criação): 0, Entregas: []
INFO:root:Cliente: Ogunjá Revestimentos, Mandalecas usadas (Adaptação): 0, Entregas: []
INFO:root:Dados do cliente Ogunjá Revestimentos: {'Nome do Cliente': 'Ogunjá Revestimentos', 'Total de Mandalecas Usadas (Criação)': 0, 'Mandalecas Contratadas (Criação)': 0.0, 'Mandalecas Acumuladas (Criação)': 0, 'Total de Mandalecas Usadas (Adaptação)': 0, 'Mandalecas Contratadas (Adaptação)': 2.0, 'Mandalecas Acumuladas (Adaptação)': 0}
INFO:root:Executando debug_display_data...
INFO:root:Cliente: Ogunjá Revestimentos, Mandalecas usadas (Criação): 0, Entregas: []
INFO:root:Cliente: Ogunjá Revestimentos, Mandalecas usadas (Adaptação): 0, Entregas: []
INFO:root:Dados do cliente Ogunjá Revestimentos: {'Nome do Cliente': 'Ogunjá Revestimentos', 'Total de Mandalecas Usadas (Criação)': 0, 'Mandalecas Contratadas (Criação)': 0.0, 'Mandalecas Acumuladas (Criação)': 0, 'Total de Mandalecas Usadas (Adaptação)': 0, 'Mandalecas Contratadas (Adaptação)': 2.0, 'Mandalecas Acumuladas (Adaptação)': 0}
INFO:root:Executando debug_display_data...
INFO:root:Cliente: Ogunjá Revestimentos, Mandalecas usadas (Criação): 0, Entregas: []
INFO:root:Cliente: Ogunjá Revestimentos, Mandalecas usadas (Adaptação): 0, Entregas: []
INFO:root:Dados do cliente Ogunjá Revestimentos: {'Nome do Cliente': 'Ogunjá Revestimentos', 'Total de Mandalecas Usadas (Criação)': 0, 'Mandalecas Contratadas (Criação)': 0.0, 'Mandalecas Acumuladas (Criação)': 0, 'Total de Mandalecas Usadas (Adaptação)': 0, 'Mandalecas Contratadas (Adaptação)': 2.0, 'Mandalecas Acumuladas (Adaptação)': 0}
INFO:root:Executando debug_display_data...
INFO:root:Cliente: Ogunjá Revestimentos, Mandalecas usadas (Criação): 0, Entregas: []
INFO:root:Cliente: Ogunjá Revestimentos, Mandalecas usadas (Adaptação): 0, Entregas: []
INFO:root:Cliente: Ogunjá Revestimentos, Mandalecas usadas (Produção de Conteúdo): 0, Entregas: []
INFO:root:Dados do cliente Ogunjá Revestimentos: {'Nome do Cliente': 'Ogunjá Revestimentos', 'Total de Mandalecas Usadas (Criação)': 0, 'Mandalecas Contratadas (Criação)': 0.0, 'Mandalecas Acumuladas (Criação)': 0, 'Total de Mandalecas Usadas (Adaptação)': 0, 'Mandalecas Contratadas (Adaptação)': 2.0, 'Mandalecas Acumuladas (Adaptação)': 0, 'Total de Mandalecas Usadas (Produção de Conteúdo)': 0, 'Mandalecas Contratadas (Produção de Conteúdo)': 0.0, 'Mandalecas Acumuladas (Produção de Conteúdo)': 0}
INFO:root:Executando debug_display_data...
INFO:root:Cliente: Ogunjá Revestimentos, Mandalecas usadas (Criação): 0, Entregas: []
INFO:root:Cliente: Ogunjá Revestimentos, Mandalecas usadas (Adaptação): 0, Entregas: []
INFO:root:Cliente: Ogunjá Revestimentos, Mandalecas usadas (Produção de Conteúdo): 0, Entregas: []
INFO:root:Dados do cliente Ogunjá Revestimentos: {'Nome do Cliente': 'Ogunjá Revestimentos', 'Total de Mandalecas Usadas (Criação)': 0, 'Mandalecas Contratadas (Criação)': 0.0, 'Mandalecas Acumuladas (Criação)': 0, 'Total de Mandalecas Usadas (Adaptação)': 0, 'Mandalecas Contratadas (Adaptação)': 2.0, 'Mandalecas Acumuladas (Adaptação)': 0, 'Total de Mandalecas Usadas (Produção de Conteúdo)': 0, 'Mandalecas Contratadas (Produção de Conteúdo)': 0.0, 'Mandalecas Acumuladas (Produção de Conteúdo)': 0}
INFO:root:Executando debug_display_data...
INFO:root:Cliente: Ogunjá Revestimentos, Mandalecas usadas (Criação): 0, Entregas: []
INFO:root:Cliente: Ogunjá Revestimentos, Mandalecas usadas (Adaptação): 0, Entregas: []
INFO:root:Cliente: Ogunjá Revestimentos, Mandalecas usadas (Produção de Conteúdo): 0, Entregas: []
INFO:root:Dados do cliente Ogunjá Revestimentos: {'Nome do Cliente': 'Ogunjá Revestimentos', 'Total de Mandalecas Usadas (Criação)': 0, 'Mandalecas Contratadas (Criação)': 0.0, 'Mandalecas Acumuladas (Criação)': 0, 'Total de Mandalecas Usadas (Adaptação)': 0, 'Mandalecas Contratadas (Adaptação)': 2.0, 'Mandalecas Acumuladas (Adaptação)': 0, 'Total de Mandalecas Usadas (Produção de Conteúdo)': 0, 'Mandalecas Contratadas (Produção de Conteúdo)': 0.0, 'Mandalecas Acumuladas (Produção de Conteúdo)': 0}
INFO:root:Executando debug_display_data...
INFO:root:Cliente: Ogunjá Revestimentos, Mandalecas usadas (Reels Instagram): 0
INFO:root:Cliente: Ogunjá Revestimentos, Mandalecas usadas (Stories Instagram): 0
INFO:root:Cliente: Ogunjá Revestimentos, Mandalecas usadas (Stories): 0
INFO:root:Cliente: Ogunjá Revestimentos, Mandalecas usadas (Feed Instagram): 0
INFO:root:Cliente: Ogunjá Revestimentos, Mandalecas usadas (Feed Tiktok): 0
INFO:root:Cliente: Ogunjá Revestimentos, Mandalecas usadas (Feed Linkedin): 0
INFO:root:Cliente: Ogunjá Revestimentos, Mandalecas usadas (Stories Repost): 0
INFO:root:Cliente: Ogunjá Revestimentos, Mandalecas usadas ( Produção de Conteúdo): 0
INFO:root:Cliente: Ogunjá Revestimentos, Mandalecas usadas (Criação): 0
INFO:root:Cliente: Ogunjá Revestimentos, Mandalecas usadas (Adaptação): 0
INFO:root:Cliente: Ogunjá Revestimentos, Mandalecas usadas (Produção): 0
INFO:root:Cliente: Ogunjá Revestimentos, Mandalecas usadas (Tráfego Pago): 0
ERROR:root:Erro ao exibir os dados: 'Client' object has no attribute 'accumulated_feed_linkedin_mandalecas'
Traceback (most recent call last):
  File "/home/debrito/Documentos/central/page_criacao_logic.py", line 103, in debug_display_data
    'Feed LinkedIn': client.accumulated_feed_linkedin_mandalecas or 0,
AttributeError: 'Client' object has no attribute 'accumulated_feed_linkedin_mandalecas'
INFO:root:Executando debug_display_data...
INFO:root:Cliente: Ogunjá Revestimentos, Mandalecas usadas (Reels Instagram): 0
INFO:root:Cliente: Ogunjá Revestimentos, Mandalecas usadas (Stories Instagram): 0
INFO:root:Cliente: Ogunjá Revestimentos, Mandalecas usadas (Stories): 0
INFO:root:Cliente: Ogunjá Revestimentos, Mandalecas usadas (Feed Instagram): 0
INFO:root:Cliente: Ogunjá Revestimentos, Mandalecas usadas (Feed Tiktok): 0
INFO:root:Cliente: Ogunjá Revestimentos, Mandalecas usadas (Feed Linkedin): 0
INFO:root:Cliente: Ogunjá Revestimentos, Mandalecas usadas (Stories Repost): 0
INFO:root:Cliente: Ogunjá Revestimentos, Mandalecas usadas ( Produção de Conteúdo): 0
INFO:root:Cliente: Ogunjá Revestimentos, Mandalecas usadas (Criação): 0
INFO:root:Cliente: Ogunjá Revestimentos, Mandalecas usadas (Adaptação): 0
INFO:root:Cliente: Ogunjá Revestimentos, Mandalecas usadas (Produção): 0
INFO:root:Cliente: Ogunjá Revestimentos, Mandalecas usadas (Tráfego Pago): 0
ERROR:root:Erro ao exibir os dados: 'Client' object has no attribute 'accumulated_feed_linkedin_mandalecas'
Traceback (most recent call last):
  File "/home/debrito/Documentos/central/page_criacao_logic.py", line 103, in debug_display_data
    'Feed LinkedIn': client.accumulated_feed_linkedin_mandalecas or 0,
AttributeError: 'Client' object has no attribute 'accumulated_feed_linkedin_mandalecas'
INFO:root:Executando debug_display_data...
INFO:root:Cliente: Ogunjá Revestimentos, Mandalecas usadas (Reels Instagram): 0
INFO:root:Cliente: Ogunjá Revestimentos, Mandalecas usadas (Stories Instagram): 0
INFO:root:Cliente: Ogunjá Revestimentos, Mandalecas usadas (Stories): 0
INFO:root:Cliente: Ogunjá Revestimentos, Mandalecas usadas (Feed Instagram): 0
INFO:root:Cliente: Ogunjá Revestimentos, Mandalecas usadas (Feed Tiktok): 0
INFO:root:Cliente: Ogunjá Revestimentos, Mandalecas usadas (Feed Linkedin): 0
INFO:root:Cliente: Ogunjá Revestimentos, Mandalecas usadas (Stories Repost): 0
INFO:root:Cliente: Ogunjá Revestimentos, Mandalecas usadas ( Produção de Conteúdo): 0
INFO:root:Cliente: Ogunjá Revestimentos, Mandalecas usadas (Criação): 0
INFO:root:Cliente: Ogunjá Revestimentos, Mandalecas usadas (Adaptação): 0
INFO:root:Cliente: Ogunjá Revestimentos, Mandalecas usadas (Produção): 0
INFO:root:Cliente: Ogunjá Revestimentos, Mandalecas usadas (Tráfego Pago): 0
ERROR:root:Erro ao exibir os dados: 'Client' object has no attribute 'accumulated_feed_linkedin_mandalecas'
Traceback (most recent call last):
  File "/home/debrito/Documentos/central/page_criacao_logic.py", line 103, in debug_display_data
    'Feed LinkedIn': client.accumulated_feed_linkedin_mandalecas or 0,
AttributeError: 'Client' object has no attribute 'accumulated_feed_linkedin_mandalecas'
INFO:root:Criando nova entrada in DeliveryControl com ID 2815. Campo used_creative_mandalecas definido como 1.0.
INFO:root:Dados comitados para DeliveryControl com ID 2815.
INFO:root:Criando nova entrada in DeliveryControl com ID 2818. Campo used_creative_mandalecas definido como 1.0.
INFO:root:Dados comitados para DeliveryControl com ID 2818.
ERROR:root:Erro ao processar trabalhos: 'Criação' is not among the defined enum values. Enum name: jobcategoryenum. Possible values: REELS_INSTA.., STORIES_INS.., STORIES, ..., TRAFEGO_PAG..
Traceback (most recent call last):
  File "/home/debrito/Documentos/central/venv/lib/python3.10/site-packages/sqlalchemy/sql/sqltypes.py", line 1609, in _object_value_for_elem
    return self._object_lookup[elem]
KeyError: 'Criação'

The above exception was the direct cause of the following exception:

Traceback (most recent call last):
  File "/home/debrito/Documentos/central/process_xlsx.py", line 273, in process_jobs
    upsert_delivery_control(session, doc_id, client, row, job_link, mandalecas, job_creation_date, job_start_date, job_finish_date, user_in_charge, categoria)
  File "/home/debrito/Documentos/central/process_xlsx.py", line 300, in upsert_delivery_control
    existing_entry = session.query(DeliveryControl).filter_by(id=doc_id).first()
  File "/home/debrito/Documentos/central/venv/lib/python3.10/site-packages/sqlalchemy/orm/query.py", line 2728, in first
    return self.limit(1)._iter().first()  # type: ignore
  File "/home/debrito/Documentos/central/venv/lib/python3.10/site-packages/sqlalchemy/engine/result.py", line 1786, in first
    return self._only_one_row(
  File "/home/debrito/Documentos/central/venv/lib/python3.10/site-packages/sqlalchemy/engine/result.py", line 749, in _only_one_row
    row: Optional[_InterimRowType[Any]] = onerow(hard_close=True)
  File "/home/debrito/Documentos/central/venv/lib/python3.10/site-packages/sqlalchemy/engine/result.py", line 1673, in _fetchone_impl
    return self._real_result._fetchone_impl(hard_close=hard_close)
  File "/home/debrito/Documentos/central/venv/lib/python3.10/site-packages/sqlalchemy/engine/result.py", line 2259, in _fetchone_impl
    row = next(self.iterator, _NO_ROW)
  File "/home/debrito/Documentos/central/venv/lib/python3.10/site-packages/sqlalchemy/orm/loading.py", line 219, in chunks
    fetch = cursor._raw_all_rows()
  File "/home/debrito/Documentos/central/venv/lib/python3.10/site-packages/sqlalchemy/engine/result.py", line 541, in _raw_all_rows
    return [make_row(row) for row in rows]
  File "/home/debrito/Documentos/central/venv/lib/python3.10/site-packages/sqlalchemy/engine/result.py", line 541, in <listcomp>
    return [make_row(row) for row in rows]
  File "lib/sqlalchemy/cyextension/resultproxy.pyx", line 22, in sqlalchemy.cyextension.resultproxy.BaseRow.__init__
  File "lib/sqlalchemy/cyextension/resultproxy.pyx", line 79, in sqlalchemy.cyextension.resultproxy._apply_processors
  File "/home/debrito/Documentos/central/venv/lib/python3.10/site-packages/sqlalchemy/sql/sqltypes.py", line 1729, in process
    value = self._object_value_for_elem(value)
  File "/home/debrito/Documentos/central/venv/lib/python3.10/site-packages/sqlalchemy/sql/sqltypes.py", line 1611, in _object_value_for_elem
    raise LookupError(
LookupError: 'Criação' is not among the defined enum values. Enum name: jobcategoryenum. Possible values: REELS_INSTA.., STORIES_INS.., STORIES, ..., TRAFEGO_PAG..
INFO:root:Executando debug_display_data...
INFO:root:Cliente: Ogunjá Revestimentos, Mandalecas usadas (Reels Instagram): 0
INFO:root:Cliente: Ogunjá Revestimentos, Mandalecas usadas (Stories Instagram): 0
INFO:root:Cliente: Ogunjá Revestimentos, Mandalecas usadas (Stories): 0
INFO:root:Cliente: Ogunjá Revestimentos, Mandalecas usadas (Feed Instagram): 0
INFO:root:Cliente: Ogunjá Revestimentos, Mandalecas usadas (Feed Tiktok): 0
INFO:root:Cliente: Ogunjá Revestimentos, Mandalecas usadas (Feed Linkedin): 0
INFO:root:Cliente: Ogunjá Revestimentos, Mandalecas usadas (Stories Repost): 0
INFO:root:Cliente: Ogunjá Revestimentos, Mandalecas usadas ( Produção de Conteúdo): 0
INFO:root:Cliente: Ogunjá Revestimentos, Mandalecas usadas (Criação): 0
INFO:root:Cliente: Ogunjá Revestimentos, Mandalecas usadas (Adaptação): 0
INFO:root:Cliente: Ogunjá Revestimentos, Mandalecas usadas (Produção): 0
INFO:root:Cliente: Ogunjá Revestimentos, Mandalecas usadas (Tráfego Pago): 0
ERROR:root:Erro ao exibir os dados: 'Client' object has no attribute 'accumulated_feed_linkedin_mandalecas'
Traceback (most recent call last):
  File "/home/debrito/Documentos/central/page_criacao_logic.py", line 103, in debug_display_data
    'Feed LinkedIn': client.accumulated_feed_linkedin_mandalecas or 0,
AttributeError: 'Client' object has no attribute 'accumulated_feed_linkedin_mandalecas'
INFO:root:Executando debug_display_data...
INFO:root:Cliente: Ogunjá Revestimentos, Mandalecas usadas (Reels Instagram): 0
INFO:root:Cliente: Ogunjá Revestimentos, Mandalecas usadas (Stories Instagram): 0
INFO:root:Cliente: Ogunjá Revestimentos, Mandalecas usadas (Stories): 0
INFO:root:Cliente: Ogunjá Revestimentos, Mandalecas usadas (Feed Instagram): 0
INFO:root:Cliente: Ogunjá Revestimentos, Mandalecas usadas (Feed Tiktok): 0
INFO:root:Cliente: Ogunjá Revestimentos, Mandalecas usadas (Feed Linkedin): 0
INFO:root:Cliente: Ogunjá Revestimentos, Mandalecas usadas (Stories Repost): 0
INFO:root:Cliente: Ogunjá Revestimentos, Mandalecas usadas ( Produção de Conteúdo): 0
INFO:root:Cliente: Ogunjá Revestimentos, Mandalecas usadas (Criação): 0
INFO:root:Cliente: Ogunjá Revestimentos, Mandalecas usadas (Adaptação): 0
INFO:root:Cliente: Ogunjá Revestimentos, Mandalecas usadas (Produção): 0
INFO:root:Cliente: Ogunjá Revestimentos, Mandalecas usadas (Tráfego Pago): 0
ERROR:root:Erro ao exibir os dados: 'Client' object has no attribute 'accumulated_feed_linkedin_mandalecas'
Traceback (most recent call last):
  File "/home/debrito/Documentos/central/page_criacao_logic.py", line 103, in debug_display_data
    'Feed LinkedIn': client.accumulated_feed_linkedin_mandalecas or 0,
AttributeError: 'Client' object has no attribute 'accumulated_feed_linkedin_mandalecas'
ERROR:root:Erro ao processar trabalhos: 'Criação' is not among the defined enum values. Enum name: jobcategoryenum. Possible values: REELS_INSTA.., STORIES_INS.., STORIES, ..., TRAFEGO_PAG..
Traceback (most recent call last):
  File "/home/debrito/Documentos/central/venv/lib/python3.10/site-packages/sqlalchemy/sql/sqltypes.py", line 1609, in _object_value_for_elem
    return self._object_lookup[elem]
KeyError: 'Criação'

The above exception was the direct cause of the following exception:

Traceback (most recent call last):
  File "/home/debrito/Documentos/central/process_xlsx.py", line 273, in process_jobs
    upsert_delivery_control(session, doc_id, client, row, job_link, mandalecas, job_creation_date, job_start_date, job_finish_date, user_in_charge, categoria)
  File "/home/debrito/Documentos/central/process_xlsx.py", line 300, in upsert_delivery_control
    existing_entry = session.query(DeliveryControl).filter_by(id=doc_id).first()
  File "/home/debrito/Documentos/central/venv/lib/python3.10/site-packages/sqlalchemy/orm/query.py", line 2728, in first
    return self.limit(1)._iter().first()  # type: ignore
  File "/home/debrito/Documentos/central/venv/lib/python3.10/site-packages/sqlalchemy/engine/result.py", line 1786, in first
    return self._only_one_row(
  File "/home/debrito/Documentos/central/venv/lib/python3.10/site-packages/sqlalchemy/engine/result.py", line 749, in _only_one_row
    row: Optional[_InterimRowType[Any]] = onerow(hard_close=True)
  File "/home/debrito/Documentos/central/venv/lib/python3.10/site-packages/sqlalchemy/engine/result.py", line 1673, in _fetchone_impl
    return self._real_result._fetchone_impl(hard_close=hard_close)
  File "/home/debrito/Documentos/central/venv/lib/python3.10/site-packages/sqlalchemy/engine/result.py", line 2259, in _fetchone_impl
    row = next(self.iterator, _NO_ROW)
  File "/home/debrito/Documentos/central/venv/lib/python3.10/site-packages/sqlalchemy/orm/loading.py", line 219, in chunks
    fetch = cursor._raw_all_rows()
  File "/home/debrito/Documentos/central/venv/lib/python3.10/site-packages/sqlalchemy/engine/result.py", line 541, in _raw_all_rows
    return [make_row(row) for row in rows]
  File "/home/debrito/Documentos/central/venv/lib/python3.10/site-packages/sqlalchemy/engine/result.py", line 541, in <listcomp>
    return [make_row(row) for row in rows]
  File "lib/sqlalchemy/cyextension/resultproxy.pyx", line 22, in sqlalchemy.cyextension.resultproxy.BaseRow.__init__
  File "lib/sqlalchemy/cyextension/resultproxy.pyx", line 79, in sqlalchemy.cyextension.resultproxy._apply_processors
  File "/home/debrito/Documentos/central/venv/lib/python3.10/site-packages/sqlalchemy/sql/sqltypes.py", line 1729, in process
    value = self._object_value_for_elem(value)
  File "/home/debrito/Documentos/central/venv/lib/python3.10/site-packages/sqlalchemy/sql/sqltypes.py", line 1611, in _object_value_for_elem
    raise LookupError(
LookupError: 'Criação' is not among the defined enum values. Enum name: jobcategoryenum. Possible values: REELS_INSTA.., STORIES_INS.., STORIES, ..., TRAFEGO_PAG..
INFO:root:Executando debug_display_data...
INFO:root:Cliente: Ogunjá Revestimentos, Mandalecas usadas (Reels Instagram): 0
INFO:root:Cliente: Ogunjá Revestimentos, Mandalecas usadas (Stories Instagram): 0
INFO:root:Cliente: Ogunjá Revestimentos, Mandalecas usadas (Stories): 0
INFO:root:Cliente: Ogunjá Revestimentos, Mandalecas usadas (Feed Instagram): 0
INFO:root:Cliente: Ogunjá Revestimentos, Mandalecas usadas (Feed Tiktok): 0
INFO:root:Cliente: Ogunjá Revestimentos, Mandalecas usadas (Feed Linkedin): 0
INFO:root:Cliente: Ogunjá Revestimentos, Mandalecas usadas (Stories Repost): 0
INFO:root:Cliente: Ogunjá Revestimentos, Mandalecas usadas ( Produção de Conteúdo): 0
INFO:root:Cliente: Ogunjá Revestimentos, Mandalecas usadas (Criação): 0
INFO:root:Cliente: Ogunjá Revestimentos, Mandalecas usadas (Adaptação): 0
INFO:root:Cliente: Ogunjá Revestimentos, Mandalecas usadas (Produção): 0
INFO:root:Cliente: Ogunjá Revestimentos, Mandalecas usadas (Tráfego Pago): 0
ERROR:root:Erro ao exibir os dados: 'Client' object has no attribute 'accumulated_feed_linkedin_mandalecas'
Traceback (most recent call last):
  File "/home/debrito/Documentos/central/page_criacao_logic.py", line 103, in debug_display_data
    'Feed LinkedIn': client.accumulated_feed_linkedin_mandalecas or 0,
AttributeError: 'Client' object has no attribute 'accumulated_feed_linkedin_mandalecas'
INFO:root:Executando debug_display_data...
INFO:root:Cliente: Ogunjá Revestimentos, Mandalecas usadas (Reels Instagram): 0
INFO:root:Cliente: Ogunjá Revestimentos, Mandalecas usadas (Stories Instagram): 0
INFO:root:Cliente: Ogunjá Revestimentos, Mandalecas usadas (Stories): 0
INFO:root:Cliente: Ogunjá Revestimentos, Mandalecas usadas (Feed Instagram): 0
INFO:root:Cliente: Ogunjá Revestimentos, Mandalecas usadas (Feed Tiktok): 0
INFO:root:Cliente: Ogunjá Revestimentos, Mandalecas usadas (Feed Linkedin): 0
INFO:root:Cliente: Ogunjá Revestimentos, Mandalecas usadas (Stories Repost): 0
INFO:root:Cliente: Ogunjá Revestimentos, Mandalecas usadas ( Produção de Conteúdo): 0
INFO:root:Cliente: Ogunjá Revestimentos, Mandalecas usadas (Criação): 0
INFO:root:Cliente: Ogunjá Revestimentos, Mandalecas usadas (Adaptação): 0
INFO:root:Cliente: Ogunjá Revestimentos, Mandalecas usadas (Produção): 0
INFO:root:Cliente: Ogunjá Revestimentos, Mandalecas usadas (Tráfego Pago): 0
ERROR:root:Erro ao exibir os dados: 'Client' object has no attribute 'accumulated_feed_linkedin_mandalecas'
Traceback (most recent call last):
  File "/home/debrito/Documentos/central/page_criacao_logic.py", line 103, in debug_display_data
    'Feed LinkedIn': client.accumulated_feed_linkedin_mandalecas or 0,
AttributeError: 'Client' object has no attribute 'accumulated_feed_linkedin_mandalecas'
INFO:root:Executando debug_display_data...
INFO:root:Cliente: Ogunjá Revestimentos, Mandalecas usadas (Reels Instagram): 0
INFO:root:Cliente: Ogunjá Revestimentos, Mandalecas usadas (Stories Instagram): 0
INFO:root:Cliente: Ogunjá Revestimentos, Mandalecas usadas (Stories): 0
INFO:root:Cliente: Ogunjá Revestimentos, Mandalecas usadas (Feed Instagram): 0
INFO:root:Cliente: Ogunjá Revestimentos, Mandalecas usadas (Feed Tiktok): 0
INFO:root:Cliente: Ogunjá Revestimentos, Mandalecas usadas (Feed Linkedin): 0
INFO:root:Cliente: Ogunjá Revestimentos, Mandalecas usadas (Stories Repost): 0
INFO:root:Cliente: Ogunjá Revestimentos, Mandalecas usadas ( Produção de Conteúdo): 0
INFO:root:Cliente: Ogunjá Revestimentos, Mandalecas usadas (Criação): 0
INFO:root:Cliente: Ogunjá Revestimentos, Mandalecas usadas (Adaptação): 0
INFO:root:Cliente: Ogunjá Revestimentos, Mandalecas usadas (Produção): 0
INFO:root:Cliente: Ogunjá Revestimentos, Mandalecas usadas (Tráfego Pago): 0
ERROR:root:Erro ao exibir os dados: 'Client' object has no attribute 'accumulated_feed_linkedin_mandalecas'
Traceback (most recent call last):
  File "/home/debrito/Documentos/central/page_criacao_logic.py", line 103, in debug_display_data
    'Feed LinkedIn': client.accumulated_feed_linkedin_mandalecas or 0,
AttributeError: 'Client' object has no attribute 'accumulated_feed_linkedin_mandalecas'
ERROR:root:Erro ao processar trabalhos: 'Criação' is not among the defined enum values. Enum name: jobcategoryenum. Possible values: REELS_INSTA.., STORIES_INS.., STORIES, ..., TRAFEGO_PAG..
Traceback (most recent call last):
  File "/home/debrito/Documentos/central/venv/lib/python3.10/site-packages/sqlalchemy/sql/sqltypes.py", line 1609, in _object_value_for_elem
    return self._object_lookup[elem]
KeyError: 'Criação'

The above exception was the direct cause of the following exception:

Traceback (most recent call last):
  File "/home/debrito/Documentos/central/process_xlsx.py", line 273, in process_jobs
    upsert_delivery_control(session, doc_id, client, row, job_link, mandalecas, job_creation_date, job_start_date, job_finish_date, user_in_charge, categoria)
  File "/home/debrito/Documentos/central/process_xlsx.py", line 300, in upsert_delivery_control
    existing_entry = session.query(DeliveryControl).filter_by(id=doc_id).first()
  File "/home/debrito/Documentos/central/venv/lib/python3.10/site-packages/sqlalchemy/orm/query.py", line 2728, in first
    return self.limit(1)._iter().first()  # type: ignore
  File "/home/debrito/Documentos/central/venv/lib/python3.10/site-packages/sqlalchemy/engine/result.py", line 1786, in first
    return self._only_one_row(
  File "/home/debrito/Documentos/central/venv/lib/python3.10/site-packages/sqlalchemy/engine/result.py", line 749, in _only_one_row
    row: Optional[_InterimRowType[Any]] = onerow(hard_close=True)
  File "/home/debrito/Documentos/central/venv/lib/python3.10/site-packages/sqlalchemy/engine/result.py", line 1673, in _fetchone_impl
    return self._real_result._fetchone_impl(hard_close=hard_close)
  File "/home/debrito/Documentos/central/venv/lib/python3.10/site-packages/sqlalchemy/engine/result.py", line 2259, in _fetchone_impl
    row = next(self.iterator, _NO_ROW)
  File "/home/debrito/Documentos/central/venv/lib/python3.10/site-packages/sqlalchemy/orm/loading.py", line 219, in chunks
    fetch = cursor._raw_all_rows()
  File "/home/debrito/Documentos/central/venv/lib/python3.10/site-packages/sqlalchemy/engine/result.py", line 541, in _raw_all_rows
    return [make_row(row) for row in rows]
  File "/home/debrito/Documentos/central/venv/lib/python3.10/site-packages/sqlalchemy/engine/result.py", line 541, in <listcomp>
    return [make_row(row) for row in rows]
  File "lib/sqlalchemy/cyextension/resultproxy.pyx", line 22, in sqlalchemy.cyextension.resultproxy.BaseRow.__init__
  File "lib/sqlalchemy/cyextension/resultproxy.pyx", line 79, in sqlalchemy.cyextension.resultproxy._apply_processors
  File "/home/debrito/Documentos/central/venv/lib/python3.10/site-packages/sqlalchemy/sql/sqltypes.py", line 1729, in process
    value = self._object_value_for_elem(value)
  File "/home/debrito/Documentos/central/venv/lib/python3.10/site-packages/sqlalchemy/sql/sqltypes.py", line 1611, in _object_value_for_elem
    raise LookupError(
LookupError: 'Criação' is not among the defined enum values. Enum name: jobcategoryenum. Possible values: REELS_INSTA.., STORIES_INS.., STORIES, ..., TRAFEGO_PAG..
INFO:root:Executando debug_display_data...
INFO:root:Cliente: Ogunjá Revestimentos, Mandalecas usadas (Reels Instagram): 0
INFO:root:Cliente: Ogunjá Revestimentos, Mandalecas usadas (Stories Instagram): 0
INFO:root:Cliente: Ogunjá Revestimentos, Mandalecas usadas (Stories): 0
INFO:root:Cliente: Ogunjá Revestimentos, Mandalecas usadas (Feed Instagram): 0
INFO:root:Cliente: Ogunjá Revestimentos, Mandalecas usadas (Feed Tiktok): 0
INFO:root:Cliente: Ogunjá Revestimentos, Mandalecas usadas (Feed Linkedin): 0
INFO:root:Cliente: Ogunjá Revestimentos, Mandalecas usadas (Stories Repost): 0
INFO:root:Cliente: Ogunjá Revestimentos, Mandalecas usadas ( Produção de Conteúdo): 0
INFO:root:Cliente: Ogunjá Revestimentos, Mandalecas usadas (Criação): 0
INFO:root:Cliente: Ogunjá Revestimentos, Mandalecas usadas (Adaptação): 0
INFO:root:Cliente: Ogunjá Revestimentos, Mandalecas usadas (Produção): 0
INFO:root:Cliente: Ogunjá Revestimentos, Mandalecas usadas (Tráfego Pago): 0
ERROR:root:Erro ao exibir os dados: 'Client' object has no attribute 'accumulated_feed_linkedin_mandalecas'
Traceback (most recent call last):
  File "/home/debrito/Documentos/central/page_criacao_logic.py", line 103, in debug_display_data
    'Feed LinkedIn': client.accumulated_feed_linkedin_mandalecas or 0,
AttributeError: 'Client' object has no attribute 'accumulated_feed_linkedin_mandalecas'
INFO:root:Executando debug_display_data...
INFO:root:Cliente: Ogunjá Revestimentos, Mandalecas usadas (Reels Instagram): 0
INFO:root:Cliente: Ogunjá Revestimentos, Mandalecas usadas (Stories Instagram): 0
INFO:root:Cliente: Ogunjá Revestimentos, Mandalecas usadas (Stories): 0
INFO:root:Cliente: Ogunjá Revestimentos, Mandalecas usadas (Feed Instagram): 0
INFO:root:Cliente: Ogunjá Revestimentos, Mandalecas usadas (Feed Tiktok): 0
INFO:root:Cliente: Ogunjá Revestimentos, Mandalecas usadas (Feed Linkedin): 0
INFO:root:Cliente: Ogunjá Revestimentos, Mandalecas usadas (Stories Repost): 0
INFO:root:Cliente: Ogunjá Revestimentos, Mandalecas usadas ( Produção de Conteúdo): 0
INFO:root:Cliente: Ogunjá Revestimentos, Mandalecas usadas (Criação): 0
INFO:root:Cliente: Ogunjá Revestimentos, Mandalecas usadas (Adaptação): 0
INFO:root:Cliente: Ogunjá Revestimentos, Mandalecas usadas (Produção): 0
INFO:root:Cliente: Ogunjá Revestimentos, Mandalecas usadas (Tráfego Pago): 0
ERROR:root:Erro ao exibir os dados: 'Client' object has no attribute 'accumulated_feed_linkedin_mandalecas'
Traceback (most recent call last):
  File "/home/debrito/Documentos/central/page_criacao_logic.py", line 103, in debug_display_data
    'Feed LinkedIn': client.accumulated_feed_linkedin_mandalecas or 0,
AttributeError: 'Client' object has no attribute 'accumulated_feed_linkedin_mandalecas'
INFO:root:Executando debug_display_data...
ERROR:root:Erro ao exibir os dados: 'Criação' is not among the defined enum values. Enum name: jobcategoryenum. Possible values: REELS_INSTA.., STORIES_INS.., STORIES, ..., TRAFEGO_PAG..
Traceback (most recent call last):
  File "/home/debrito/Documentos/central/venv/lib/python3.10/site-packages/sqlalchemy/sql/sqltypes.py", line 1609, in _object_value_for_elem
    return self._object_lookup[elem]
KeyError: 'Criação'

The above exception was the direct cause of the following exception:

Traceback (most recent call last):
  File "/home/debrito/Documentos/central/page_criacao_logic.py", line 82, in debug_display_data
    ).all()
  File "/home/debrito/Documentos/central/venv/lib/python3.10/site-packages/sqlalchemy/orm/query.py", line 2673, in all
    return self._iter().all()  # type: ignore
  File "/home/debrito/Documentos/central/venv/lib/python3.10/site-packages/sqlalchemy/engine/result.py", line 1769, in all
    return self._allrows()
  File "/home/debrito/Documentos/central/venv/lib/python3.10/site-packages/sqlalchemy/engine/result.py", line 548, in _allrows
    rows = self._fetchall_impl()
  File "/home/debrito/Documentos/central/venv/lib/python3.10/site-packages/sqlalchemy/engine/result.py", line 1676, in _fetchall_impl
    return self._real_result._fetchall_impl()
  File "/home/debrito/Documentos/central/venv/lib/python3.10/site-packages/sqlalchemy/engine/result.py", line 2270, in _fetchall_impl
    return list(self.iterator)
  File "/home/debrito/Documentos/central/venv/lib/python3.10/site-packages/sqlalchemy/orm/loading.py", line 219, in chunks
    fetch = cursor._raw_all_rows()
  File "/home/debrito/Documentos/central/venv/lib/python3.10/site-packages/sqlalchemy/engine/result.py", line 541, in _raw_all_rows
    return [make_row(row) for row in rows]
  File "/home/debrito/Documentos/central/venv/lib/python3.10/site-packages/sqlalchemy/engine/result.py", line 541, in <listcomp>
    return [make_row(row) for row in rows]
  File "lib/sqlalchemy/cyextension/resultproxy.pyx", line 22, in sqlalchemy.cyextension.resultproxy.BaseRow.__init__
  File "lib/sqlalchemy/cyextension/resultproxy.pyx", line 79, in sqlalchemy.cyextension.resultproxy._apply_processors
  File "/home/debrito/Documentos/central/venv/lib/python3.10/site-packages/sqlalchemy/sql/sqltypes.py", line 1729, in process
    value = self._object_value_for_elem(value)
  File "/home/debrito/Documentos/central/venv/lib/python3.10/site-packages/sqlalchemy/sql/sqltypes.py", line 1611, in _object_value_for_elem
    raise LookupError(
LookupError: 'Criação' is not among the defined enum values. Enum name: jobcategoryenum. Possible values: REELS_INSTA.., STORIES_INS.., STORIES, ..., TRAFEGO_PAG..
INFO:root:Executando debug_display_data...
INFO:root:Cliente: Ogunjá Revestimentos, Mandalecas usadas (Reels Instagram): 0
INFO:root:Cliente: Ogunjá Revestimentos, Mandalecas usadas (Stories Instagram): 0
INFO:root:Cliente: Ogunjá Revestimentos, Mandalecas usadas (Stories): 0
INFO:root:Cliente: Ogunjá Revestimentos, Mandalecas usadas (Feed Instagram): 0
INFO:root:Cliente: Ogunjá Revestimentos, Mandalecas usadas (Feed Tiktok): 0
INFO:root:Cliente: Ogunjá Revestimentos, Mandalecas usadas (Feed Linkedin): 0
INFO:root:Cliente: Ogunjá Revestimentos, Mandalecas usadas (Stories Repost): 0
INFO:root:Cliente: Ogunjá Revestimentos, Mandalecas usadas ( Produção de Conteúdo): 0
INFO:root:Cliente: Ogunjá Revestimentos, Mandalecas usadas (Criação): 0
INFO:root:Cliente: Ogunjá Revestimentos, Mandalecas usadas (Adaptação): 0
INFO:root:Cliente: Ogunjá Revestimentos, Mandalecas usadas (Produção): 0
INFO:root:Cliente: Ogunjá Revestimentos, Mandalecas usadas (Tráfego Pago): 0
ERROR:root:Erro ao exibir os dados: 'Client' object has no attribute 'accumulated_feed_linkedin_mandalecas'
Traceback (most recent call last):
  File "/home/debrito/Documentos/central/page_criacao_logic.py", line 103, in debug_display_data
    'Feed LinkedIn': client.accumulated_feed_linkedin_mandalecas or 0,
AttributeError: 'Client' object has no attribute 'accumulated_feed_linkedin_mandalecas'
INFO:root:Executando debug_display_data...
INFO:root:Cliente: Ogunjá Revestimentos, Mandalecas usadas (Reels Instagram): 0
INFO:root:Cliente: Ogunjá Revestimentos, Mandalecas usadas (Stories Instagram): 0
INFO:root:Cliente: Ogunjá Revestimentos, Mandalecas usadas (Stories): 0
INFO:root:Cliente: Ogunjá Revestimentos, Mandalecas usadas (Feed Instagram): 0
INFO:root:Cliente: Ogunjá Revestimentos, Mandalecas usadas (Feed Tiktok): 0
INFO:root:Cliente: Ogunjá Revestimentos, Mandalecas usadas (Feed Linkedin): 0
INFO:root:Cliente: Ogunjá Revestimentos, Mandalecas usadas (Stories Repost): 0
INFO:root:Cliente: Ogunjá Revestimentos, Mandalecas usadas ( Produção de Conteúdo): 0
INFO:root:Cliente: Ogunjá Revestimentos, Mandalecas usadas (Criação): 0
INFO:root:Cliente: Ogunjá Revestimentos, Mandalecas usadas (Adaptação): 0
INFO:root:Cliente: Ogunjá Revestimentos, Mandalecas usadas (Produção): 0
INFO:root:Cliente: Ogunjá Revestimentos, Mandalecas usadas (Tráfego Pago): 0
ERROR:root:Erro ao exibir os dados: 'Client' object has no attribute 'accumulated_feed_linkedin_mandalecas'
Traceback (most recent call last):
  File "/home/debrito/Documentos/central/page_criacao_logic.py", line 103, in debug_display_data
    'Feed LinkedIn': client.accumulated_feed_linkedin_mandalecas or 0,
AttributeError: 'Client' object has no attribute 'accumulated_feed_linkedin_mandalecas'
INFO:root:Executando debug_display_data...
ERROR:root:Erro ao exibir os dados: 'Criação' is not among the defined enum values. Enum name: jobcategoryenum. Possible values: REELS_INSTA.., STORIES_INS.., STORIES, ..., TRAFEGO_PAG..
Traceback (most recent call last):
  File "/home/debrito/Documentos/central/venv/lib/python3.10/site-packages/sqlalchemy/sql/sqltypes.py", line 1609, in _object_value_for_elem
    return self._object_lookup[elem]
KeyError: 'Criação'

The above exception was the direct cause of the following exception:

Traceback (most recent call last):
  File "/home/debrito/Documentos/central/page_criacao_logic.py", line 82, in debug_display_data
    ).all()
  File "/home/debrito/Documentos/central/venv/lib/python3.10/site-packages/sqlalchemy/orm/query.py", line 2673, in all
    return self._iter().all()  # type: ignore
  File "/home/debrito/Documentos/central/venv/lib/python3.10/site-packages/sqlalchemy/engine/result.py", line 1769, in all
    return self._allrows()
  File "/home/debrito/Documentos/central/venv/lib/python3.10/site-packages/sqlalchemy/engine/result.py", line 548, in _allrows
    rows = self._fetchall_impl()
  File "/home/debrito/Documentos/central/venv/lib/python3.10/site-packages/sqlalchemy/engine/result.py", line 1676, in _fetchall_impl
    return self._real_result._fetchall_impl()
  File "/home/debrito/Documentos/central/venv/lib/python3.10/site-packages/sqlalchemy/engine/result.py", line 2270, in _fetchall_impl
    return list(self.iterator)
  File "/home/debrito/Documentos/central/venv/lib/python3.10/site-packages/sqlalchemy/orm/loading.py", line 219, in chunks
    fetch = cursor._raw_all_rows()
  File "/home/debrito/Documentos/central/venv/lib/python3.10/site-packages/sqlalchemy/engine/result.py", line 541, in _raw_all_rows
    return [make_row(row) for row in rows]
  File "/home/debrito/Documentos/central/venv/lib/python3.10/site-packages/sqlalchemy/engine/result.py", line 541, in <listcomp>
    return [make_row(row) for row in rows]
  File "lib/sqlalchemy/cyextension/resultproxy.pyx", line 22, in sqlalchemy.cyextension.resultproxy.BaseRow.__init__
  File "lib/sqlalchemy/cyextension/resultproxy.pyx", line 79, in sqlalchemy.cyextension.resultproxy._apply_processors
  File "/home/debrito/Documentos/central/venv/lib/python3.10/site-packages/sqlalchemy/sql/sqltypes.py", line 1729, in process
    value = self._object_value_for_elem(value)
  File "/home/debrito/Documentos/central/venv/lib/python3.10/site-packages/sqlalchemy/sql/sqltypes.py", line 1611, in _object_value_for_elem
    raise LookupError(
LookupError: 'Criação' is not among the defined enum values. Enum name: jobcategoryenum. Possible values: REELS_INSTA.., STORIES_INS.., STORIES, ..., TRAFEGO_PAG..
INFO:root:Executando debug_display_data...
ERROR:root:Erro ao exibir os dados: 'Criação' is not among the defined enum values. Enum name: jobcategoryenum. Possible values: REELS_INSTA.., STORIES_INS.., STORIES, ..., TRAFEGO_PAG..
Traceback (most recent call last):
  File "/home/debrito/Documentos/central/venv/lib/python3.10/site-packages/sqlalchemy/sql/sqltypes.py", line 1609, in _object_value_for_elem
    return self._object_lookup[elem]
KeyError: 'Criação'

The above exception was the direct cause of the following exception:

Traceback (most recent call last):
  File "/home/debrito/Documentos/central/page_criacao_logic.py", line 82, in debug_display_data
    ).all()
  File "/home/debrito/Documentos/central/venv/lib/python3.10/site-packages/sqlalchemy/orm/query.py", line 2673, in all
    return self._iter().all()  # type: ignore
  File "/home/debrito/Documentos/central/venv/lib/python3.10/site-packages/sqlalchemy/engine/result.py", line 1769, in all
    return self._allrows()
  File "/home/debrito/Documentos/central/venv/lib/python3.10/site-packages/sqlalchemy/engine/result.py", line 548, in _allrows
    rows = self._fetchall_impl()
  File "/home/debrito/Documentos/central/venv/lib/python3.10/site-packages/sqlalchemy/engine/result.py", line 1676, in _fetchall_impl
    return self._real_result._fetchall_impl()
  File "/home/debrito/Documentos/central/venv/lib/python3.10/site-packages/sqlalchemy/engine/result.py", line 2270, in _fetchall_impl
    return list(self.iterator)
  File "/home/debrito/Documentos/central/venv/lib/python3.10/site-packages/sqlalchemy/orm/loading.py", line 219, in chunks
    fetch = cursor._raw_all_rows()
  File "/home/debrito/Documentos/central/venv/lib/python3.10/site-packages/sqlalchemy/engine/result.py", line 541, in _raw_all_rows
    return [make_row(row) for row in rows]
  File "/home/debrito/Documentos/central/venv/lib/python3.10/site-packages/sqlalchemy/engine/result.py", line 541, in <listcomp>
    return [make_row(row) for row in rows]
  File "lib/sqlalchemy/cyextension/resultproxy.pyx", line 22, in sqlalchemy.cyextension.resultproxy.BaseRow.__init__
  File "lib/sqlalchemy/cyextension/resultproxy.pyx", line 79, in sqlalchemy.cyextension.resultproxy._apply_processors
  File "/home/debrito/Documentos/central/venv/lib/python3.10/site-packages/sqlalchemy/sql/sqltypes.py", line 1729, in process
    value = self._object_value_for_elem(value)
  File "/home/debrito/Documentos/central/venv/lib/python3.10/site-packages/sqlalchemy/sql/sqltypes.py", line 1611, in _object_value_for_elem
    raise LookupError(
LookupError: 'Criação' is not among the defined enum values. Enum name: jobcategoryenum. Possible values: REELS_INSTA.., STORIES_INS.., STORIES, ..., TRAFEGO_PAG..
INFO:root:Executando debug_display_data...
ERROR:root:Erro ao exibir os dados: 'Criação' is not among the defined enum values. Enum name: jobcategoryenum. Possible values: REELS_INSTA.., STORIES_INS.., STORIES, ..., TRAFEGO_PAG..
Traceback (most recent call last):
  File "/home/debrito/Documentos/central/venv/lib/python3.10/site-packages/sqlalchemy/sql/sqltypes.py", line 1609, in _object_value_for_elem
    return self._object_lookup[elem]
KeyError: 'Criação'

The above exception was the direct cause of the following exception:

Traceback (most recent call last):
  File "/home/debrito/Documentos/central/page_criacao_logic.py", line 82, in debug_display_data
    ).all()
  File "/home/debrito/Documentos/central/venv/lib/python3.10/site-packages/sqlalchemy/orm/query.py", line 2673, in all
    return self._iter().all()  # type: ignore
  File "/home/debrito/Documentos/central/venv/lib/python3.10/site-packages/sqlalchemy/engine/result.py", line 1769, in all
    return self._allrows()
  File "/home/debrito/Documentos/central/venv/lib/python3.10/site-packages/sqlalchemy/engine/result.py", line 548, in _allrows
    rows = self._fetchall_impl()
  File "/home/debrito/Documentos/central/venv/lib/python3.10/site-packages/sqlalchemy/engine/result.py", line 1676, in _fetchall_impl
    return self._real_result._fetchall_impl()
  File "/home/debrito/Documentos/central/venv/lib/python3.10/site-packages/sqlalchemy/engine/result.py", line 2270, in _fetchall_impl
    return list(self.iterator)
  File "/home/debrito/Documentos/central/venv/lib/python3.10/site-packages/sqlalchemy/orm/loading.py", line 219, in chunks
    fetch = cursor._raw_all_rows()
  File "/home/debrito/Documentos/central/venv/lib/python3.10/site-packages/sqlalchemy/engine/result.py", line 541, in _raw_all_rows
    return [make_row(row) for row in rows]
  File "/home/debrito/Documentos/central/venv/lib/python3.10/site-packages/sqlalchemy/engine/result.py", line 541, in <listcomp>
    return [make_row(row) for row in rows]
  File "lib/sqlalchemy/cyextension/resultproxy.pyx", line 22, in sqlalchemy.cyextension.resultproxy.BaseRow.__init__
  File "lib/sqlalchemy/cyextension/resultproxy.pyx", line 79, in sqlalchemy.cyextension.resultproxy._apply_processors
  File "/home/debrito/Documentos/central/venv/lib/python3.10/site-packages/sqlalchemy/sql/sqltypes.py", line 1729, in process
    value = self._object_value_for_elem(value)
  File "/home/debrito/Documentos/central/venv/lib/python3.10/site-packages/sqlalchemy/sql/sqltypes.py", line 1611, in _object_value_for_elem
    raise LookupError(
LookupError: 'Criação' is not among the defined enum values. Enum name: jobcategoryenum. Possible values: REELS_INSTA.., STORIES_INS.., STORIES, ..., TRAFEGO_PAG..
INFO:root:Executando debug_display_data...
INFO:root:Cliente: Ogunjá Revestimentos, Mandalecas usadas (Reels Instagram): 0
INFO:root:Cliente: Ogunjá Revestimentos, Mandalecas usadas (Stories Instagram): 0
INFO:root:Cliente: Ogunjá Revestimentos, Mandalecas usadas (Stories): 0
INFO:root:Cliente: Ogunjá Revestimentos, Mandalecas usadas (Feed Instagram): 0
INFO:root:Cliente: Ogunjá Revestimentos, Mandalecas usadas (Feed Tiktok): 0
INFO:root:Cliente: Ogunjá Revestimentos, Mandalecas usadas (Feed Linkedin): 0
INFO:root:Cliente: Ogunjá Revestimentos, Mandalecas usadas (Stories Repost): 0
INFO:root:Cliente: Ogunjá Revestimentos, Mandalecas usadas ( Produção de Conteúdo): 0
INFO:root:Cliente: Ogunjá Revestimentos, Mandalecas usadas (Criação): 0
INFO:root:Cliente: Ogunjá Revestimentos, Mandalecas usadas (Adaptação): 0
INFO:root:Cliente: Ogunjá Revestimentos, Mandalecas usadas (Produção): 0
INFO:root:Cliente: Ogunjá Revestimentos, Mandalecas usadas (Tráfego Pago): 0
ERROR:root:Erro ao exibir os dados: 'Client' object has no attribute 'accumulated_feed_linkedin_mandalecas'
Traceback (most recent call last):
  File "/home/debrito/Documentos/central/page_criacao_logic.py", line 103, in debug_display_data
    'Feed LinkedIn': client.accumulated_feed_linkedin_mandalecas or 0,
AttributeError: 'Client' object has no attribute 'accumulated_feed_linkedin_mandalecas'
INFO:root:Executando debug_display_data...
INFO:root:Cliente: Ogunjá Revestimentos, Mandalecas usadas (Reels Instagram): 0
INFO:root:Cliente: Ogunjá Revestimentos, Mandalecas usadas (Stories Instagram): 0
INFO:root:Cliente: Ogunjá Revestimentos, Mandalecas usadas (Stories): 0
INFO:root:Cliente: Ogunjá Revestimentos, Mandalecas usadas (Feed Instagram): 0
INFO:root:Cliente: Ogunjá Revestimentos, Mandalecas usadas (Feed Tiktok): 0
INFO:root:Cliente: Ogunjá Revestimentos, Mandalecas usadas (Feed Linkedin): 0
INFO:root:Cliente: Ogunjá Revestimentos, Mandalecas usadas (Stories Repost): 0
INFO:root:Cliente: Ogunjá Revestimentos, Mandalecas usadas ( Produção de Conteúdo): 0
INFO:root:Cliente: Ogunjá Revestimentos, Mandalecas usadas (Criação): 0
INFO:root:Cliente: Ogunjá Revestimentos, Mandalecas usadas (Adaptação): 0
INFO:root:Cliente: Ogunjá Revestimentos, Mandalecas usadas (Produção): 0
INFO:root:Cliente: Ogunjá Revestimentos, Mandalecas usadas (Tráfego Pago): 0
ERROR:root:Erro ao exibir os dados: 'Client' object has no attribute 'accumulated_feed_linkedin_mandalecas'
Traceback (most recent call last):
  File "/home/debrito/Documentos/central/page_criacao_logic.py", line 103, in debug_display_data
    'Feed LinkedIn': client.accumulated_feed_linkedin_mandalecas or 0,
AttributeError: 'Client' object has no attribute 'accumulated_feed_linkedin_mandalecas'
INFO:root:Executando debug_display_data...
INFO:root:Cliente: Ogunjá Revestimentos, Mandalecas usadas (Reels Instagram): 0
INFO:root:Cliente: Ogunjá Revestimentos, Mandalecas usadas (Stories Instagram): 0
INFO:root:Cliente: Ogunjá Revestimentos, Mandalecas usadas (Stories): 0
INFO:root:Cliente: Ogunjá Revestimentos, Mandalecas usadas (Feed Instagram): 0
INFO:root:Cliente: Ogunjá Revestimentos, Mandalecas usadas (Feed Tiktok): 0
INFO:root:Cliente: Ogunjá Revestimentos, Mandalecas usadas (Feed Linkedin): 0
INFO:root:Cliente: Ogunjá Revestimentos, Mandalecas usadas (Stories Repost): 0
INFO:root:Cliente: Ogunjá Revestimentos, Mandalecas usadas ( Produção de Conteúdo): 0
INFO:root:Cliente: Ogunjá Revestimentos, Mandalecas usadas (Criação): 0
INFO:root:Cliente: Ogunjá Revestimentos, Mandalecas usadas (Adaptação): 0
INFO:root:Cliente: Ogunjá Revestimentos, Mandalecas usadas (Produção): 0
INFO:root:Cliente: Ogunjá Revestimentos, Mandalecas usadas (Tráfego Pago): 0
ERROR:root:Erro ao exibir os dados: 'Client' object has no attribute 'accumulated_feed_linkedin_mandalecas'
Traceback (most recent call last):
  File "/home/debrito/Documentos/central/page_criacao_logic.py", line 103, in debug_display_data
    'Feed LinkedIn': client.accumulated_feed_linkedin_mandalecas or 0,
AttributeError: 'Client' object has no attribute 'accumulated_feed_linkedin_mandalecas'
INFO:root:Executando debug_display_data...
INFO:root:Cliente: Ogunjá Revestimentos, Mandalecas usadas (Reels Instagram): 0
INFO:root:Cliente: Ogunjá Revestimentos, Mandalecas usadas (Stories Instagram): 0
INFO:root:Cliente: Ogunjá Revestimentos, Mandalecas usadas (Stories): 0
INFO:root:Cliente: Ogunjá Revestimentos, Mandalecas usadas (Feed Instagram): 0
INFO:root:Cliente: Ogunjá Revestimentos, Mandalecas usadas (Feed Tiktok): 0
INFO:root:Cliente: Ogunjá Revestimentos, Mandalecas usadas (Feed Linkedin): 0
INFO:root:Cliente: Ogunjá Revestimentos, Mandalecas usadas (Stories Repost): 0
INFO:root:Cliente: Ogunjá Revestimentos, Mandalecas usadas ( Produção de Conteúdo): 0
INFO:root:Cliente: Ogunjá Revestimentos, Mandalecas usadas (Criação): 0
INFO:root:Cliente: Ogunjá Revestimentos, Mandalecas usadas (Adaptação): 0
INFO:root:Cliente: Ogunjá Revestimentos, Mandalecas usadas (Produção): 0
INFO:root:Cliente: Ogunjá Revestimentos, Mandalecas usadas (Tráfego Pago): 0
ERROR:root:Erro ao exibir os dados: 'Client' object has no attribute 'accumulated_feed_linkedin_mandalecas'
Traceback (most recent call last):
  File "/home/debrito/Documentos/central/page_criacao_logic.py", line 103, in debug_display_data
    'Feed LinkedIn': client.accumulated_feed_linkedin_mandalecas or 0,
AttributeError: 'Client' object has no attribute 'accumulated_feed_linkedin_mandalecas'
INFO:root:Executando debug_display_data...
INFO:root:Cliente: Ogunjá Revestimentos, Mandalecas usadas (Reels Instagram): 0
INFO:root:Cliente: Ogunjá Revestimentos, Mandalecas usadas (Stories Instagram): 0
INFO:root:Cliente: Ogunjá Revestimentos, Mandalecas usadas (Stories): 0
INFO:root:Cliente: Ogunjá Revestimentos, Mandalecas usadas (Feed Instagram): 0
INFO:root:Cliente: Ogunjá Revestimentos, Mandalecas usadas (Feed Tiktok): 0
INFO:root:Cliente: Ogunjá Revestimentos, Mandalecas usadas (Feed Linkedin): 0
INFO:root:Cliente: Ogunjá Revestimentos, Mandalecas usadas (Stories Repost): 0
INFO:root:Cliente: Ogunjá Revestimentos, Mandalecas usadas ( Produção de Conteúdo): 0
INFO:root:Cliente: Ogunjá Revestimentos, Mandalecas usadas (Criação): 0
INFO:root:Cliente: Ogunjá Revestimentos, Mandalecas usadas (Adaptação): 0
INFO:root:Cliente: Ogunjá Revestimentos, Mandalecas usadas (Produção): 0
INFO:root:Cliente: Ogunjá Revestimentos, Mandalecas usadas (Tráfego Pago): 0
ERROR:root:Erro ao exibir os dados: 'Client' object has no attribute 'accumulated_feed_linkedin_mandalecas'
Traceback (most recent call last):
  File "/home/debrito/Documentos/central/page_criacao_logic.py", line 103, in debug_display_data
    'Feed LinkedIn': client.accumulated_feed_linkedin_mandalecas or 0,
AttributeError: 'Client' object has no attribute 'accumulated_feed_linkedin_mandalecas'
INFO:root:Executando debug_display_data...
INFO:root:Cliente: Procardíaco, Mandalecas usadas (Reels Instagram): 0
INFO:root:Cliente: Procardíaco, Mandalecas usadas (Stories Instagram): 0
INFO:root:Cliente: Procardíaco, Mandalecas usadas (Stories): 0
INFO:root:Cliente: Procardíaco, Mandalecas usadas (Feed Instagram): 0
INFO:root:Cliente: Procardíaco, Mandalecas usadas (Feed Tiktok): 0
INFO:root:Cliente: Procardíaco, Mandalecas usadas (Feed Linkedin): 0
INFO:root:Cliente: Procardíaco, Mandalecas usadas (Stories Repost): 0
INFO:root:Cliente: Procardíaco, Mandalecas usadas ( Produção de Conteúdo): 0
INFO:root:Cliente: Procardíaco, Mandalecas usadas (Criação): 0
INFO:root:Cliente: Procardíaco, Mandalecas usadas (Adaptação): 0
INFO:root:Cliente: Procardíaco, Mandalecas usadas (Produção): 0
INFO:root:Cliente: Procardíaco, Mandalecas usadas (Tráfego Pago): 0
ERROR:root:Erro ao exibir os dados: 'Client' object has no attribute 'accumulated_feed_linkedin_mandalecas'
Traceback (most recent call last):
  File "/home/debrito/Documentos/central/page_criacao_logic.py", line 103, in debug_display_data
    'Feed LinkedIn': client.accumulated_feed_linkedin_mandalecas or 0,
AttributeError: 'Client' object has no attribute 'accumulated_feed_linkedin_mandalecas'
INFO:root:Executando debug_display_data...
INFO:root:Cliente: Procardíaco, Mandalecas usadas (Criação): 0, Entregas: []
INFO:root:Cliente: Procardíaco, Mandalecas usadas (Adaptação): 0, Entregas: []
INFO:root:Cliente: Procardíaco, Mandalecas usadas (Produção de Conteúdo): 0, Entregas: []
INFO:root:Dados do cliente Procardíaco: {'Nome do Cliente': 'Procardíaco', 'Total de Mandalecas Usadas (Criação)': 0, 'Mandalecas Contratadas (Criação)': 0.0, 'Mandalecas Acumuladas (Criação)': 0, 'Total de Mandalecas Usadas (Adaptação)': 0, 'Mandalecas Contratadas (Adaptação)': 2.0, 'Mandalecas Acumuladas (Adaptação)': 0, 'Total de Mandalecas Usadas (Produção de Conteúdo)': 0, 'Mandalecas Contratadas (Produção de Conteúdo)': 0.0, 'Mandalecas Acumuladas (Produção de Conteúdo)': 0}
INFO:root:Executando debug_display_data...
INFO:root:Cliente: Procardíaco, Mandalecas usadas (Criação): 0, Entregas: []
INFO:root:Cliente: Procardíaco, Mandalecas usadas (Adaptação): 0, Entregas: []
INFO:root:Cliente: Procardíaco, Mandalecas usadas (Produção de Conteúdo): 0, Entregas: []
INFO:root:Dados do cliente Procardíaco: {'Nome do Cliente': 'Procardíaco', 'Total de Mandalecas Usadas (Criação)': 0, 'Mandalecas Contratadas (Criação)': 0.0, 'Mandalecas Acumuladas (Criação)': 0, 'Total de Mandalecas Usadas (Adaptação)': 0, 'Mandalecas Contratadas (Adaptação)': 2.0, 'Mandalecas Acumuladas (Adaptação)': 0, 'Total de Mandalecas Usadas (Produção de Conteúdo)': 0, 'Mandalecas Contratadas (Produção de Conteúdo)': 0.0, 'Mandalecas Acumuladas (Produção de Conteúdo)': 0}
INFO:root:Executando debug_display_data...
INFO:root:Cliente: Ogunjá Revestimentos, Mandalecas usadas (Criação): 0, Entregas: []
INFO:root:Cliente: Ogunjá Revestimentos, Mandalecas usadas (Adaptação): 0, Entregas: []
INFO:root:Cliente: Ogunjá Revestimentos, Mandalecas usadas (Produção de Conteúdo): 0, Entregas: []
INFO:root:Dados do cliente Ogunjá Revestimentos: {'Nome do Cliente': 'Ogunjá Revestimentos', 'Total de Mandalecas Usadas (Criação)': 0, 'Mandalecas Contratadas (Criação)': 0.0, 'Mandalecas Acumuladas (Criação)': 0, 'Total de Mandalecas Usadas (Adaptação)': 0, 'Mandalecas Contratadas (Adaptação)': 2.0, 'Mandalecas Acumuladas (Adaptação)': 0, 'Total de Mandalecas Usadas (Produção de Conteúdo)': 0, 'Mandalecas Contratadas (Produção de Conteúdo)': 0.0, 'Mandalecas Acumuladas (Produção de Conteúdo)': 0}
INFO:root:Executando debug_display_data...
INFO:root:Cliente: Ogunjá Revestimentos, Mandalecas usadas (Criação): 0, Entregas: []
INFO:root:Cliente: Ogunjá Revestimentos, Mandalecas usadas (Adaptação): 0, Entregas: []
INFO:root:Cliente: Ogunjá Revestimentos, Mandalecas usadas (Produção de Conteúdo): 0, Entregas: []
INFO:root:Dados do cliente Ogunjá Revestimentos: {'Nome do Cliente': 'Ogunjá Revestimentos', 'Total de Mandalecas Usadas (Criação)': 0, 'Mandalecas Contratadas (Criação)': 0.0, 'Mandalecas Acumuladas (Criação)': 0, 'Total de Mandalecas Usadas (Adaptação)': 0, 'Mandalecas Contratadas (Adaptação)': 2.0, 'Mandalecas Acumuladas (Adaptação)': 0, 'Total de Mandalecas Usadas (Produção de Conteúdo)': 0, 'Mandalecas Contratadas (Produção de Conteúdo)': 0.0, 'Mandalecas Acumuladas (Produção de Conteúdo)': 0}
INFO:root:Executando debug_display_data...
INFO:root:Cliente: Ogunjá Revestimentos, Mandalecas usadas (Criação): 0, Entregas: []
INFO:root:Cliente: Ogunjá Revestimentos, Mandalecas usadas (Adaptação): 0, Entregas: []
INFO:root:Dados do cliente Ogunjá Revestimentos: {'Nome do Cliente': 'Ogunjá Revestimentos', 'Total de Mandalecas Usadas (Criação)': 0, 'Mandalecas Contratadas (Criação)': 0.0, 'Mandalecas Acumuladas (Criação)': 0, 'Total de Mandalecas Usadas (Adaptação)': 0, 'Mandalecas Contratadas (Adaptação)': 2.0, 'Mandalecas Acumuladas (Adaptação)': 0}
INFO:root:Executando debug_display_data...
INFO:root:Cliente: Ogunjá Revestimentos, Mandalecas usadas (Criação): 0, Entregas: []
INFO:root:Cliente: Ogunjá Revestimentos, Mandalecas usadas (Adaptação): 0, Entregas: []
INFO:root:Dados do cliente Ogunjá Revestimentos: {'Nome do Cliente': 'Ogunjá Revestimentos', 'Total de Mandalecas Usadas (Criação)': 0, 'Mandalecas Contratadas (Criação)': 0.0, 'Mandalecas Acumuladas (Criação)': 0, 'Total de Mandalecas Usadas (Adaptação)': 0, 'Mandalecas Contratadas (Adaptação)': 2.0, 'Mandalecas Acumuladas (Adaptação)': 0}
INFO:root:Executando debug_display_data...
INFO:root:Cliente: Ogunjá Revestimentos, Mandalecas usadas (Criação): 0, Entregas: []
INFO:root:Cliente: Ogunjá Revestimentos, Mandalecas usadas (Adaptação): 0, Entregas: []
INFO:root:Dados do cliente Ogunjá Revestimentos: {'Nome do Cliente': 'Ogunjá Revestimentos', 'Total de Mandalecas Usadas (Criação)': 0, 'Mandalecas Contratadas (Criação)': 0.0, 'Mandalecas Acumuladas (Criação)': 0, 'Total de Mandalecas Usadas (Adaptação)': 0, 'Mandalecas Contratadas (Adaptação)': 2.0, 'Mandalecas Acumuladas (Adaptação)': 0}
INFO:root:Executando debug_display_data...
INFO:root:Cliente: Ogunjá Revestimentos, Mandalecas usadas (Criação): 0, Entregas: []
INFO:root:Cliente: Ogunjá Revestimentos, Mandalecas usadas (Adaptação): 0, Entregas: []
INFO:root:Dados do cliente Ogunjá Revestimentos: {'Nome do Cliente': 'Ogunjá Revestimentos', 'Total de Mandalecas Usadas (Criação)': 0, 'Mandalecas Contratadas (Criação)': 0.0, 'Mandalecas Acumuladas (Criação)': 0, 'Total de Mandalecas Usadas (Adaptação)': 0, 'Mandalecas Contratadas (Adaptação)': 2.0, 'Mandalecas Acumuladas (Adaptação)': 0}
INFO:root:Executando debug_display_data...
INFO:root:Cliente: Ogunjá Revestimentos, Mandalecas usadas (Criação): 0, Entregas: []
INFO:root:Cliente: Ogunjá Revestimentos, Mandalecas usadas (Adaptação): 0, Entregas: []
INFO:root:Dados do cliente Ogunjá Revestimentos: {'Nome do Cliente': 'Ogunjá Revestimentos', 'Total de Mandalecas Usadas (Criação)': 0, 'Mandalecas Contratadas (Criação)': 0.0, 'Mandalecas Acumuladas (Criação)': 0, 'Total de Mandalecas Usadas (Adaptação)': 0, 'Mandalecas Contratadas (Adaptação)': 2.0, 'Mandalecas Acumuladas (Adaptação)': 0}
INFO:root:Executando debug_display_data...
INFO:root:Cliente: Ogunjá Revestimentos, Mandalecas usadas (Criação): 0, Entregas: []
INFO:root:Cliente: Ogunjá Revestimentos, Mandalecas usadas (Adaptação): 0, Entregas: []
INFO:root:Dados do cliente Ogunjá Revestimentos: {'Nome do Cliente': 'Ogunjá Revestimentos', 'Total de Mandalecas Usadas (Criação)': 0, 'Mandalecas Contratadas (Criação)': 0.0, 'Mandalecas Acumuladas (Criação)': 0, 'Total de Mandalecas Usadas (Adaptação)': 0, 'Mandalecas Contratadas (Adaptação)': 2.0, 'Mandalecas Acumuladas (Adaptação)': 0}
INFO:root:Executando debug_display_data...
INFO:root:Cliente: Ogunjá Revestimentos, Mandalecas usadas (Criação): 0, Entregas: []
INFO:root:Cliente: Ogunjá Revestimentos, Mandalecas usadas (Adaptação): 0, Entregas: []
INFO:root:Dados do cliente Ogunjá Revestimentos: {'Nome do Cliente': 'Ogunjá Revestimentos', 'Total de Mandalecas Usadas (Criação)': 0, 'Mandalecas Contratadas (Criação)': 0.0, 'Mandalecas Acumuladas (Criação)': 0, 'Total de Mandalecas Usadas (Adaptação)': 0, 'Mandalecas Contratadas (Adaptação)': 2.0, 'Mandalecas Acumuladas (Adaptação)': 0}
INFO:root:Executando debug_display_data...
INFO:root:Cliente: Ogunjá Revestimentos, Mandalecas usadas (Criação): 0, Entregas: []
INFO:root:Cliente: Ogunjá Revestimentos, Mandalecas usadas (Adaptação): 0, Entregas: []
INFO:root:Dados do cliente Ogunjá Revestimentos: {'Nome do Cliente': 'Ogunjá Revestimentos', 'Total de Mandalecas Usadas (Criação)': 0, 'Mandalecas Contratadas (Criação)': 0.0, 'Mandalecas Acumuladas (Criação)': 0, 'Total de Mandalecas Usadas (Adaptação)': 0, 'Mandalecas Contratadas (Adaptação)': 2.0, 'Mandalecas Acumuladas (Adaptação)': 0}
INFO:root:Executando debug_display_data...
INFO:root:Cliente: Ogunjá Revestimentos, Mandalecas usadas (Criação): 0, Entregas: []
INFO:root:Cliente: Ogunjá Revestimentos, Mandalecas usadas (Adaptação): 0, Entregas: []
INFO:root:Dados do cliente Ogunjá Revestimentos: {'Nome do Cliente': 'Ogunjá Revestimentos', 'Total de Mandalecas Usadas (Criação)': 0, 'Mandalecas Contratadas (Criação)': 0.0, 'Mandalecas Acumuladas (Criação)': 0, 'Total de Mandalecas Usadas (Adaptação)': 0, 'Mandalecas Contratadas (Adaptação)': 2.0, 'Mandalecas Acumuladas (Adaptação)': 0}
INFO:root:Executando debug_display_data...
INFO:root:Cliente: Ogunjá Revestimentos, Mandalecas usadas (Criação): 0, Entregas: []
INFO:root:Cliente: Ogunjá Revestimentos, Mandalecas usadas (Adaptação): 0, Entregas: []
INFO:root:Dados do cliente Ogunjá Revestimentos: {'Nome do Cliente': 'Ogunjá Revestimentos', 'Total de Mandalecas Usadas (Criação)': 0, 'Mandalecas Contratadas (Criação)': 0.0, 'Mandalecas Acumuladas (Criação)': 0, 'Total de Mandalecas Usadas (Adaptação)': 0, 'Mandalecas Contratadas (Adaptação)': 2.0, 'Mandalecas Acumuladas (Adaptação)': 0}
INFO:root:Executando debug_display_data...
INFO:root:Cliente: Ogunjá Revestimentos, Mandalecas usadas (Criação): 0, Entregas: []
INFO:root:Cliente: Ogunjá Revestimentos, Mandalecas usadas (Adaptação): 0, Entregas: []
INFO:root:Dados do cliente Ogunjá Revestimentos: {'Nome do Cliente': 'Ogunjá Revestimentos', 'Total de Mandalecas Usadas (Criação)': 0, 'Mandalecas Contratadas (Criação)': 0.0, 'Mandalecas Acumuladas (Criação)': 0, 'Total de Mandalecas Usadas (Adaptação)': 0, 'Mandalecas Contratadas (Adaptação)': 2.0, 'Mandalecas Acumuladas (Adaptação)': 0}
INFO:root:Executando debug_display_data...
INFO:root:Cliente: Ogunjá Revestimentos, Mandalecas usadas (Criação): 0, Entregas: []
INFO:root:Cliente: Ogunjá Revestimentos, Mandalecas usadas (Adaptação): 0, Entregas: []
INFO:root:Dados do cliente Ogunjá Revestimentos: {'Nome do Cliente': 'Ogunjá Revestimentos', 'Total de Mandalecas Usadas (Criação)': 0, 'Mandalecas Contratadas (Criação)': 6.0, 'Mandalecas Acumuladas (Criação)': 3.0, 'Total de Mandalecas Usadas (Adaptação)': 0, 'Mandalecas Contratadas (Adaptação)': 2.0, 'Mandalecas Acumuladas (Adaptação)': 4.0}
INFO:root:Executando debug_display_data...
INFO:root:Cliente: Ogunjá Revestimentos, Mandalecas usadas (Criação): 0, Entregas: []
INFO:root:Cliente: Ogunjá Revestimentos, Mandalecas usadas (Adaptação): 0, Entregas: []
INFO:root:Dados do cliente Ogunjá Revestimentos: {'Nome do Cliente': 'Ogunjá Revestimentos', 'Total de Mandalecas Usadas (Criação)': 0, 'Mandalecas Contratadas (Criação)': 6.0, 'Mandalecas Acumuladas (Criação)': 3.0, 'Total de Mandalecas Usadas (Adaptação)': 0, 'Mandalecas Contratadas (Adaptação)': 2.0, 'Mandalecas Acumuladas (Adaptação)': 4.0}
INFO:root:Executando debug_display_data...
INFO:root:Cliente: Ogunjá Revestimentos, Mandalecas usadas (Criação): 0, Entregas: []
INFO:root:Cliente: Ogunjá Revestimentos, Mandalecas usadas (Adaptação): 0, Entregas: []
INFO:root:Dados do cliente Ogunjá Revestimentos: {'Nome do Cliente': 'Ogunjá Revestimentos', 'Total de Mandalecas Usadas (Criação)': 0, 'Mandalecas Contratadas (Criação)': 6.0, 'Mandalecas Acumuladas (Criação)': 3.0, 'Total de Mandalecas Usadas (Adaptação)': 0, 'Mandalecas Contratadas (Adaptação)': 2.0, 'Mandalecas Acumuladas (Adaptação)': 4.0}
INFO:root:Executando debug_display_data...
INFO:root:Cliente: Ogunjá Revestimentos, Mandalecas usadas (Criação): 0, Entregas: []
INFO:root:Cliente: Ogunjá Revestimentos, Mandalecas usadas (Adaptação): 0, Entregas: []
INFO:root:Dados do cliente Ogunjá Revestimentos: {'Nome do Cliente': 'Ogunjá Revestimentos', 'Total de Mandalecas Usadas (Criação)': 0, 'Mandalecas Contratadas (Criação)': 6.0, 'Mandalecas Acumuladas (Criação)': 3.0, 'Total de Mandalecas Usadas (Adaptação)': 0, 'Mandalecas Contratadas (Adaptação)': 2.0, 'Mandalecas Acumuladas (Adaptação)': 4.0}
INFO:root:Executando debug_display_data...
INFO:root:Cliente: Ogunjá Revestimentos, Mandalecas usadas (Criação): 0, Entregas: []
INFO:root:Cliente: Ogunjá Revestimentos, Mandalecas usadas (Adaptação): 0, Entregas: []
INFO:root:Dados do cliente Ogunjá Revestimentos: {'Nome do Cliente': 'Ogunjá Revestimentos', 'Total de Mandalecas Usadas (Criação)': 0, 'Mandalecas Contratadas (Criação)': 6.0, 'Mandalecas Acumuladas (Criação)': 3.0, 'Total de Mandalecas Usadas (Adaptação)': 0, 'Mandalecas Contratadas (Adaptação)': 2.0, 'Mandalecas Acumuladas (Adaptação)': 4.0}
INFO:root:Executando debug_display_data...
INFO:root:Cliente: Ogunjá Revestimentos, Mandalecas usadas (Criação): 0, Entregas: []
INFO:root:Cliente: Ogunjá Revestimentos, Mandalecas usadas (Adaptação): 0, Entregas: []
INFO:root:Dados do cliente Ogunjá Revestimentos: {'Nome do Cliente': 'Ogunjá Revestimentos', 'Total de Mandalecas Usadas (Criação)': 0, 'Mandalecas Contratadas (Criação)': 6.0, 'Mandalecas Acumuladas (Criação)': 3.0, 'Total de Mandalecas Usadas (Adaptação)': 0, 'Mandalecas Contratadas (Adaptação)': 2.0, 'Mandalecas Acumuladas (Adaptação)': 4.0}
INFO:root:Executando debug_display_data...
INFO:root:Cliente: Ogunjá Revestimentos, Mandalecas usadas (Criação): 0, Entregas: []
INFO:root:Cliente: Ogunjá Revestimentos, Mandalecas usadas (Adaptação): 0, Entregas: []
INFO:root:Dados do cliente Ogunjá Revestimentos: {'Nome do Cliente': 'Ogunjá Revestimentos', 'Total de Mandalecas Usadas (Criação)': 0, 'Mandalecas Contratadas (Criação)': 6.0, 'Mandalecas Acumuladas (Criação)': 3.0, 'Total de Mandalecas Usadas (Adaptação)': 0, 'Mandalecas Contratadas (Adaptação)': 2.0, 'Mandalecas Acumuladas (Adaptação)': 4.0}
INFO:root:Executando debug_display_data...
INFO:root:Cliente: Ogunjá Revestimentos, Mandalecas usadas (Criação): 0, Entregas: []
INFO:root:Cliente: Ogunjá Revestimentos, Mandalecas usadas (Adaptação): 0, Entregas: []
INFO:root:Dados do cliente Ogunjá Revestimentos: {'Nome do Cliente': 'Ogunjá Revestimentos', 'Total de Mandalecas Usadas (Criação)': 0, 'Mandalecas Contratadas (Criação)': 6.0, 'Mandalecas Acumuladas (Criação)': 3.0, 'Total de Mandalecas Usadas (Adaptação)': 0, 'Mandalecas Contratadas (Adaptação)': 2.0, 'Mandalecas Acumuladas (Adaptação)': 4.0}
INFO:root:Executando debug_display_data...
INFO:root:Cliente: Ogunjá Revestimentos, Mandalecas usadas (Criação): 0, Entregas: []
INFO:root:Cliente: Ogunjá Revestimentos, Mandalecas usadas (Adaptação): 0, Entregas: []
INFO:root:Dados do cliente Ogunjá Revestimentos: {'Nome do Cliente': 'Ogunjá Revestimentos', 'Total de Mandalecas Usadas (Criação)': 0, 'Mandalecas Contratadas (Criação)': 6.0, 'Mandalecas Acumuladas (Criação)': 3.0, 'Total de Mandalecas Usadas (Adaptação)': 0, 'Mandalecas Contratadas (Adaptação)': 2.0, 'Mandalecas Acumuladas (Adaptação)': 4.0}
INFO:root:Criando nova entrada in DeliveryControl com ID 2815. Campo used_creative_mandalecas definido como 1.0.
INFO:root:Dados comitados para DeliveryControl com ID 2815.
INFO:root:Criando nova entrada in DeliveryControl com ID 2818. Campo used_creative_mandalecas definido como 1.0.
INFO:root:Dados comitados para DeliveryControl com ID 2818.
INFO:root:Executando debug_display_data...
INFO:root:Cliente: Ogunjá Revestimentos, Mandalecas usadas (Criação): 0, Entregas: []
INFO:root:Cliente: Ogunjá Revestimentos, Mandalecas usadas (Adaptação): 0, Entregas: []
INFO:root:Dados do cliente Ogunjá Revestimentos: {'Nome do Cliente': 'Ogunjá Revestimentos', 'Total de Mandalecas Usadas (Criação)': 0, 'Mandalecas Contratadas (Criação)': 6.0, 'Mandalecas Acumuladas (Criação)': 3.0, 'Total de Mandalecas Usadas (Adaptação)': 0, 'Mandalecas Contratadas (Adaptação)': 2.0, 'Mandalecas Acumuladas (Adaptação)': 4.0}
INFO:root:Executando debug_display_data...
INFO:root:Cliente: Ogunjá Revestimentos, Mandalecas usadas (Criação): 0, Entregas: []
INFO:root:Cliente: Ogunjá Revestimentos, Mandalecas usadas (Adaptação): 0, Entregas: []
INFO:root:Dados do cliente Ogunjá Revestimentos: {'Nome do Cliente': 'Ogunjá Revestimentos', 'Total de Mandalecas Usadas (Criação)': 0, 'Mandalecas Contratadas (Criação)': 6.0, 'Mandalecas Acumuladas (Criação)': 3.0, 'Total de Mandalecas Usadas (Adaptação)': 0, 'Mandalecas Contratadas (Adaptação)': 2.0, 'Mandalecas Acumuladas (Adaptação)': 4.0}
INFO:root:Executando debug_display_data...
ERROR:root:Erro ao exibir os dados: 'Criação' is not among the defined enum values. Enum name: jobcategoryenum. Possible values: REELS_INSTA.., STORIES_INS.., STORIES, ..., TRAFEGO_PAG..
Traceback (most recent call last):
  File "/home/debrito/Documentos/central/venv/lib/python3.10/site-packages/sqlalchemy/sql/sqltypes.py", line 1609, in _object_value_for_elem
    return self._object_lookup[elem]
KeyError: 'Criação'

The above exception was the direct cause of the following exception:

Traceback (most recent call last):
  File "/home/debrito/Documentos/central/page_criacao_logic.py", line 82, in debug_display_data
    ).all()
  File "/home/debrito/Documentos/central/venv/lib/python3.10/site-packages/sqlalchemy/orm/query.py", line 2673, in all
    return self._iter().all()  # type: ignore
  File "/home/debrito/Documentos/central/venv/lib/python3.10/site-packages/sqlalchemy/engine/result.py", line 1769, in all
    return self._allrows()
  File "/home/debrito/Documentos/central/venv/lib/python3.10/site-packages/sqlalchemy/engine/result.py", line 548, in _allrows
    rows = self._fetchall_impl()
  File "/home/debrito/Documentos/central/venv/lib/python3.10/site-packages/sqlalchemy/engine/result.py", line 1676, in _fetchall_impl
    return self._real_result._fetchall_impl()
  File "/home/debrito/Documentos/central/venv/lib/python3.10/site-packages/sqlalchemy/engine/result.py", line 2270, in _fetchall_impl
    return list(self.iterator)
  File "/home/debrito/Documentos/central/venv/lib/python3.10/site-packages/sqlalchemy/orm/loading.py", line 219, in chunks
    fetch = cursor._raw_all_rows()
  File "/home/debrito/Documentos/central/venv/lib/python3.10/site-packages/sqlalchemy/engine/result.py", line 541, in _raw_all_rows
    return [make_row(row) for row in rows]
  File "/home/debrito/Documentos/central/venv/lib/python3.10/site-packages/sqlalchemy/engine/result.py", line 541, in <listcomp>
    return [make_row(row) for row in rows]
  File "lib/sqlalchemy/cyextension/resultproxy.pyx", line 22, in sqlalchemy.cyextension.resultproxy.BaseRow.__init__
  File "lib/sqlalchemy/cyextension/resultproxy.pyx", line 79, in sqlalchemy.cyextension.resultproxy._apply_processors
  File "/home/debrito/Documentos/central/venv/lib/python3.10/site-packages/sqlalchemy/sql/sqltypes.py", line 1729, in process
    value = self._object_value_for_elem(value)
  File "/home/debrito/Documentos/central/venv/lib/python3.10/site-packages/sqlalchemy/sql/sqltypes.py", line 1611, in _object_value_for_elem
    raise LookupError(
LookupError: 'Criação' is not among the defined enum values. Enum name: jobcategoryenum. Possible values: REELS_INSTA.., STORIES_INS.., STORIES, ..., TRAFEGO_PAG..
INFO:root:Executando debug_display_data...
INFO:root:Cliente: Ogunjá Revestimentos, Mandalecas usadas (Criação): 0, Entregas: []
INFO:root:Cliente: Ogunjá Revestimentos, Mandalecas usadas (Adaptação): 0, Entregas: []
INFO:root:Dados do cliente Ogunjá Revestimentos: {'Nome do Cliente': 'Ogunjá Revestimentos', 'Total de Mandalecas Usadas (Criação)': 0, 'Mandalecas Contratadas (Criação)': 6.0, 'Mandalecas Acumuladas (Criação)': 3.0, 'Total de Mandalecas Usadas (Adaptação)': 0, 'Mandalecas Contratadas (Adaptação)': 2.0, 'Mandalecas Acumuladas (Adaptação)': 4.0}
INFO:root:Executando debug_display_data...
INFO:root:Cliente: Ogunjá Revestimentos, Mandalecas usadas (Criação): 0, Entregas: []
INFO:root:Cliente: Ogunjá Revestimentos, Mandalecas usadas (Adaptação): 0, Entregas: []
INFO:root:Dados do cliente Ogunjá Revestimentos: {'Nome do Cliente': 'Ogunjá Revestimentos', 'Total de Mandalecas Usadas (Criação)': 0, 'Mandalecas Contratadas (Criação)': 6.0, 'Mandalecas Acumuladas (Criação)': 3.0, 'Total de Mandalecas Usadas (Adaptação)': 0, 'Mandalecas Contratadas (Adaptação)': 2.0, 'Mandalecas Acumuladas (Adaptação)': 4.0}
INFO:root:Executando debug_display_data...
INFO:root:Cliente: Ogunjá Revestimentos, Mandalecas usadas (Criação): 0, Entregas: []
INFO:root:Cliente: Ogunjá Revestimentos, Mandalecas usadas (Adaptação): 0, Entregas: []
INFO:root:Dados do cliente Ogunjá Revestimentos: {'Nome do Cliente': 'Ogunjá Revestimentos', 'Total de Mandalecas Usadas (Criação)': 0, 'Mandalecas Contratadas (Criação)': 6.0, 'Mandalecas Acumuladas (Criação)': 3.0, 'Total de Mandalecas Usadas (Adaptação)': 0, 'Mandalecas Contratadas (Adaptação)': 2.0, 'Mandalecas Acumuladas (Adaptação)': 4.0}
INFO:root:Executando debug_display_data...
INFO:root:Cliente: Ogunjá Revestimentos, Mandalecas usadas (Criação): 0, Entregas: []
INFO:root:Cliente: Ogunjá Revestimentos, Mandalecas usadas (Adaptação): 0, Entregas: []
INFO:root:Dados do cliente Ogunjá Revestimentos: {'Nome do Cliente': 'Ogunjá Revestimentos', 'Total de Mandalecas Usadas (Criação)': 0, 'Mandalecas Contratadas (Criação)': 6.0, 'Mandalecas Acumuladas (Criação)': 3.0, 'Total de Mandalecas Usadas (Adaptação)': 0, 'Mandalecas Contratadas (Adaptação)': 2.0, 'Mandalecas Acumuladas (Adaptação)': 4.0}
INFO:root:Executando debug_display_data...
INFO:root:Cliente: Ogunjá Revestimentos, Mandalecas usadas (Criação): 0, Entregas: []
INFO:root:Cliente: Ogunjá Revestimentos, Mandalecas usadas (Adaptação): 0, Entregas: []
INFO:root:Dados do cliente Ogunjá Revestimentos: {'Nome do Cliente': 'Ogunjá Revestimentos', 'Total de Mandalecas Usadas (Criação)': 0, 'Mandalecas Contratadas (Criação)': 0.0, 'Mandalecas Acumuladas (Criação)': 0, 'Total de Mandalecas Usadas (Adaptação)': 0, 'Mandalecas Contratadas (Adaptação)': 2.0, 'Mandalecas Acumuladas (Adaptação)': 0}
INFO:root:Executando debug_display_data...
INFO:root:Cliente: Ogunjá Revestimentos, Mandalecas usadas (Criação): 0, Entregas: []
INFO:root:Cliente: Ogunjá Revestimentos, Mandalecas usadas (Adaptação): 0, Entregas: []
INFO:root:Dados do cliente Ogunjá Revestimentos: {'Nome do Cliente': 'Ogunjá Revestimentos', 'Total de Mandalecas Usadas (Criação)': 0, 'Mandalecas Contratadas (Criação)': 0.0, 'Mandalecas Acumuladas (Criação)': 0, 'Total de Mandalecas Usadas (Adaptação)': 0, 'Mandalecas Contratadas (Adaptação)': 2.0, 'Mandalecas Acumuladas (Adaptação)': 0}
INFO:root:Criando nova entrada in DeliveryControl com ID 2815. Campo used_creative_mandalecas definido como 1.0.
INFO:root:Dados comitados para DeliveryControl com ID 2815.
INFO:root:Criando nova entrada in DeliveryControl com ID 2818. Campo used_creative_mandalecas definido como 1.0.
INFO:root:Dados comitados para DeliveryControl com ID 2818.
INFO:root:Atualizando DeliveryControl com ID 2818. Campo used_creative_mandalecas definido como 1.0.
INFO:root:Dados comitados para DeliveryControl com ID 2818.
INFO:root:Atualizando DeliveryControl com ID 2818. Campo used_creative_mandalecas definido como 1.0.
INFO:root:Dados comitados para DeliveryControl com ID 2818.
INFO:root:Criando nova entrada in DeliveryControl com ID 2819. Campo used_stories_instagram_mandalecas definido como 1.0.
INFO:root:Dados comitados para DeliveryControl com ID 2819.
INFO:root:Criando nova entrada in DeliveryControl com ID 2820. Campo used_creative_mandalecas definido como 1.0.
INFO:root:Dados comitados para DeliveryControl com ID 2820.
INFO:root:Atualizando DeliveryControl com ID 2820. Campo used_creative_mandalecas definido como 1.0.
INFO:root:Dados comitados para DeliveryControl com ID 2820.
INFO:root:Atualizando DeliveryControl com ID 2820. Campo used_creative_mandalecas definido como 1.0.
INFO:root:Dados comitados para DeliveryControl com ID 2820.
INFO:root:Atualizando DeliveryControl com ID 2820. Campo used_creative_mandalecas definido como 1.0.
INFO:root:Dados comitados para DeliveryControl com ID 2820.
INFO:root:Atualizando DeliveryControl com ID 2820. Campo used_creative_mandalecas definido como 1.0.
INFO:root:Dados comitados para DeliveryControl com ID 2820.
INFO:root:Atualizando DeliveryControl com ID 2820. Campo used_creative_mandalecas definido como 1.0.
INFO:root:Dados comitados para DeliveryControl com ID 2820.
INFO:root:Atualizando DeliveryControl com ID 2820. Campo used_creative_mandalecas definido como 1.0.
INFO:root:Dados comitados para DeliveryControl com ID 2820.
INFO:root:Atualizando DeliveryControl com ID 2820. Campo used_creative_mandalecas definido como 1.0.
INFO:root:Dados comitados para DeliveryControl com ID 2820.
INFO:root:Atualizando DeliveryControl com ID 2820. Campo used_creative_mandalecas definido como 1.0.
INFO:root:Dados comitados para DeliveryControl com ID 2820.
INFO:root:Atualizando DeliveryControl com ID 2820. Campo used_creative_mandalecas definido como 1.0.
INFO:root:Dados comitados para DeliveryControl com ID 2820.
INFO:root:Atualizando DeliveryControl com ID 2820. Campo used_creative_mandalecas definido como 1.0.
INFO:root:Dados comitados para DeliveryControl com ID 2820.
INFO:root:Criando nova entrada in DeliveryControl com ID 2821. Campo used_creative_mandalecas definido como 1.0.
INFO:root:Dados comitados para DeliveryControl com ID 2821.
INFO:root:Criando nova entrada in DeliveryControl com ID 2822. Campo used_creative_mandalecas definido como 1.0.
INFO:root:Dados comitados para DeliveryControl com ID 2822.
INFO:root:Criando nova entrada in DeliveryControl com ID 2826. Campo used_creative_mandalecas definido como 1.0.
INFO:root:Dados comitados para DeliveryControl com ID 2826.
INFO:root:Atualizando DeliveryControl com ID 2826. Campo used_stories_instagram_mandalecas definido como 1.0.
INFO:root:Dados comitados para DeliveryControl com ID 2826.
INFO:root:Atualizando DeliveryControl com ID 2826. Campo used_stories_instagram_mandalecas definido como 1.0.
INFO:root:Dados comitados para DeliveryControl com ID 2826.
INFO:root:Atualizando DeliveryControl com ID 2826. Campo used_stories_instagram_mandalecas definido como 1.0.
INFO:root:Dados comitados para DeliveryControl com ID 2826.
INFO:root:Atualizando DeliveryControl com ID 2826. Campo used_feed_instagram_mandalecas definido como 1.0.
INFO:root:Dados comitados para DeliveryControl com ID 2826.
INFO:root:Atualizando DeliveryControl com ID 2826. Campo used_feed_instagram_mandalecas definido como 1.0.
INFO:root:Dados comitados para DeliveryControl com ID 2826.
INFO:root:Atualizando DeliveryControl com ID 2826. Campo used_feed_instagram_mandalecas definido como 1.0.
INFO:root:Dados comitados para DeliveryControl com ID 2826.
INFO:root:Criando nova entrada in DeliveryControl com ID 2885. Campo used_reels_instagram_mandalecas definido como 1.0.
INFO:root:Dados comitados para DeliveryControl com ID 2885.
INFO:root:Atualizando DeliveryControl com ID 2885. Campo used_stories_instagram_mandalecas definido como 1.0.
INFO:root:Dados comitados para DeliveryControl com ID 2885.
INFO:root:Atualizando DeliveryControl com ID 2885. Campo used_reels_instagram_mandalecas definido como 1.0.
INFO:root:Dados comitados para DeliveryControl com ID 2885.
INFO:root:Atualizando DeliveryControl com ID 2885. Campo used_reels_instagram_mandalecas definido como 1.0.
INFO:root:Dados comitados para DeliveryControl com ID 2885.
INFO:root:Atualizando DeliveryControl com ID 2885. Campo used_reels_instagram_mandalecas definido como 1.0.
INFO:root:Dados comitados para DeliveryControl com ID 2885.
INFO:root:Atualizando DeliveryControl com ID 2885. Campo used_reels_instagram_mandalecas definido como 1.0.
INFO:root:Dados comitados para DeliveryControl com ID 2885.
INFO:root:Atualizando DeliveryControl com ID 2885. Campo used_reels_instagram_mandalecas definido como 1.0.
INFO:root:Dados comitados para DeliveryControl com ID 2885.
INFO:root:Atualizando DeliveryControl com ID 2885. Campo used_reels_instagram_mandalecas definido como 1.0.
INFO:root:Dados comitados para DeliveryControl com ID 2885.
INFO:root:Atualizando DeliveryControl com ID 2885. Campo used_reels_instagram_mandalecas definido como 1.0.
INFO:root:Dados comitados para DeliveryControl com ID 2885.
INFO:root:Atualizando DeliveryControl com ID 2885. Campo used_reels_instagram_mandalecas definido como 1.0.
INFO:root:Dados comitados para DeliveryControl com ID 2885.
INFO:root:Atualizando DeliveryControl com ID 2885. Campo used_reels_instagram_mandalecas definido como 1.0.
INFO:root:Dados comitados para DeliveryControl com ID 2885.
INFO:root:Atualizando DeliveryControl com ID 2885. Campo used_reels_instagram_mandalecas definido como 1.0.
INFO:root:Dados comitados para DeliveryControl com ID 2885.
INFO:root:Criando nova entrada in DeliveryControl com ID 2889. Campo used_creative_mandalecas definido como 1.0.
INFO:root:Dados comitados para DeliveryControl com ID 2889.
INFO:root:Atualizando DeliveryControl com ID 2889. Campo used_creative_mandalecas definido como 1.0.
INFO:root:Dados comitados para DeliveryControl com ID 2889.
INFO:root:Executando debug_display_data...
INFO:root:Cliente: Ogunjá Revestimentos, Mandalecas usadas (Criação): 6, Entregas: [('Criação OGUNJÁ | Caruru - fitinha bonfim personalizada OP (M) #2 mdl 1', 1), ('Criação Crachás Ogunjá  Crachás Centro Logistico mdl 1', 1), ('Criação Stories  Ogunjá mdl 1', 0), ('Criação Peças dia do evento < OGUNJA | Vídeo Institucional (D) mdl 1', 1), ('Criação OGUNJA | Assinatura de email mdl 1', 1), ('Criação Ajuste Ogunjá Support para Ogunjá Service mdl 1', 1), ('Feed Instagram Ogunjá | Reconexão Instagram - Página Facebook < colocar permissões True no banco de dados quando reconectar mdl 1', 1), ('Criação Reels loja (designer Renata e cliente) < Publicação mdl 1', 0), ('Criação MOTE DA CAMPANHA < Redação mdl 1', 1)]
INFO:root:Cliente: Ogunjá Revestimentos, Mandalecas usadas (Adaptação): 0, Entregas: [('Criação OGUNJÁ | Caruru - fitinha bonfim personalizada OP (M) #2 mdl 1', 1), ('Criação Crachás Ogunjá  Crachás Centro Logistico mdl 1', 1), ('Criação Stories  Ogunjá mdl 1', 0), ('Criação Peças dia do evento < OGUNJA | Vídeo Institucional (D) mdl 1', 1), ('Criação OGUNJA | Assinatura de email mdl 1', 1), ('Criação Ajuste Ogunjá Support para Ogunjá Service mdl 1', 1), ('Feed Instagram Ogunjá | Reconexão Instagram - Página Facebook < colocar permissões True no banco de dados quando reconectar mdl 1', 1), ('Criação Reels loja (designer Renata e cliente) < Publicação mdl 1', 0), ('Criação MOTE DA CAMPANHA < Redação mdl 1', 1)]
INFO:root:Dados do cliente Ogunjá Revestimentos: {'Nome do Cliente': 'Ogunjá Revestimentos', 'Total de Mandalecas Usadas (Criação)': 6, 'Mandalecas Contratadas (Criação)': 0.0, 'Mandalecas Acumuladas (Criação)': 0, 'Total de Mandalecas Usadas (Adaptação)': 0, 'Mandalecas Contratadas (Adaptação)': 2.0, 'Mandalecas Acumuladas (Adaptação)': 0}
INFO:root:Tabela de Debug: [{'Cliente': 'Ogunjá Revestimentos', 'used_creative_mandalecas': 1, 'job_creation_date': datetime.date(2023, 5, 3)}, {'Cliente': 'Ogunjá Revestimentos', 'used_creative_mandalecas': 1, 'job_creation_date': datetime.date(2023, 5, 9)}, {'Cliente': 'Ogunjá Revestimentos', 'used_creative_mandalecas': 0, 'job_creation_date': datetime.date(2023, 5, 5)}, {'Cliente': 'Ogunjá Revestimentos', 'used_creative_mandalecas': 1, 'job_creation_date': datetime.date(2023, 5, 10)}, {'Cliente': 'Ogunjá Revestimentos', 'used_creative_mandalecas': 1, 'job_creation_date': datetime.date(2023, 5, 29)}, {'Cliente': 'Ogunjá Revestimentos', 'used_creative_mandalecas': 1, 'job_creation_date': datetime.date(2023, 5, 15)}, {'Cliente': 'Ogunjá Revestimentos', 'used_creative_mandalecas': 1, 'job_creation_date': datetime.date(2023, 5, 9)}, {'Cliente': 'Ogunjá Revestimentos', 'used_creative_mandalecas': 0, 'job_creation_date': datetime.date(2023, 5, 25)}, {'Cliente': 'Ogunjá Revestimentos', 'used_creative_mandalecas': 1, 'job_creation_date': datetime.date(2023, 5, 29)}]
INFO:root:Atualizando DeliveryControl com ID 2815. Campo used_creative_mandalecas definido como 1.0.
INFO:root:Dados comitados para DeliveryControl com ID 2815.
INFO:root:Atualizando DeliveryControl com ID 2818. Campo used_creative_mandalecas definido como 1.0.
INFO:root:Dados comitados para DeliveryControl com ID 2818.
INFO:root:Atualizando DeliveryControl com ID 2818. Campo used_creative_mandalecas definido como 1.0.
INFO:root:Dados comitados para DeliveryControl com ID 2818.
INFO:root:Atualizando DeliveryControl com ID 2818. Campo used_creative_mandalecas definido como 1.0.
INFO:root:Dados comitados para DeliveryControl com ID 2818.
INFO:root:Atualizando DeliveryControl com ID 2819. Campo used_stories_instagram_mandalecas definido como 1.0.
INFO:root:Dados comitados para DeliveryControl com ID 2819.
INFO:root:Atualizando DeliveryControl com ID 2820. Campo used_creative_mandalecas definido como 1.0.
INFO:root:Dados comitados para DeliveryControl com ID 2820.
INFO:root:Atualizando DeliveryControl com ID 2820. Campo used_creative_mandalecas definido como 1.0.
INFO:root:Dados comitados para DeliveryControl com ID 2820.
INFO:root:Atualizando DeliveryControl com ID 2820. Campo used_creative_mandalecas definido como 1.0.
INFO:root:Dados comitados para DeliveryControl com ID 2820.
INFO:root:Atualizando DeliveryControl com ID 2820. Campo used_creative_mandalecas definido como 1.0.
INFO:root:Dados comitados para DeliveryControl com ID 2820.
INFO:root:Atualizando DeliveryControl com ID 2820. Campo used_creative_mandalecas definido como 1.0.
INFO:root:Dados comitados para DeliveryControl com ID 2820.
INFO:root:Atualizando DeliveryControl com ID 2820. Campo used_creative_mandalecas definido como 1.0.
INFO:root:Dados comitados para DeliveryControl com ID 2820.
INFO:root:Atualizando DeliveryControl com ID 2820. Campo used_creative_mandalecas definido como 1.0.
INFO:root:Dados comitados para DeliveryControl com ID 2820.
INFO:root:Atualizando DeliveryControl com ID 2820. Campo used_creative_mandalecas definido como 1.0.
INFO:root:Dados comitados para DeliveryControl com ID 2820.
INFO:root:Atualizando DeliveryControl com ID 2820. Campo used_creative_mandalecas definido como 1.0.
INFO:root:Dados comitados para DeliveryControl com ID 2820.
INFO:root:Atualizando DeliveryControl com ID 2820. Campo used_creative_mandalecas definido como 1.0.
INFO:root:Dados comitados para DeliveryControl com ID 2820.
INFO:root:Atualizando DeliveryControl com ID 2820. Campo used_creative_mandalecas definido como 1.0.
INFO:root:Dados comitados para DeliveryControl com ID 2820.
INFO:root:Atualizando DeliveryControl com ID 2821. Campo used_creative_mandalecas definido como 1.0.
INFO:root:Dados comitados para DeliveryControl com ID 2821.
INFO:root:Atualizando DeliveryControl com ID 2822. Campo used_creative_mandalecas definido como 1.0.
INFO:root:Dados comitados para DeliveryControl com ID 2822.
INFO:root:Atualizando DeliveryControl com ID 2826. Campo used_creative_mandalecas definido como 1.0.
INFO:root:Dados comitados para DeliveryControl com ID 2826.
INFO:root:Atualizando DeliveryControl com ID 2826. Campo used_stories_instagram_mandalecas definido como 1.0.
INFO:root:Dados comitados para DeliveryControl com ID 2826.
INFO:root:Atualizando DeliveryControl com ID 2826. Campo used_stories_instagram_mandalecas definido como 1.0.
INFO:root:Dados comitados para DeliveryControl com ID 2826.
INFO:root:Atualizando DeliveryControl com ID 2826. Campo used_stories_instagram_mandalecas definido como 1.0.
INFO:root:Dados comitados para DeliveryControl com ID 2826.
INFO:root:Atualizando DeliveryControl com ID 2826. Campo used_feed_instagram_mandalecas definido como 1.0.
INFO:root:Dados comitados para DeliveryControl com ID 2826.
INFO:root:Atualizando DeliveryControl com ID 2826. Campo used_feed_instagram_mandalecas definido como 1.0.
INFO:root:Dados comitados para DeliveryControl com ID 2826.
INFO:root:Atualizando DeliveryControl com ID 2826. Campo used_feed_instagram_mandalecas definido como 1.0.
INFO:root:Dados comitados para DeliveryControl com ID 2826.
INFO:root:Atualizando DeliveryControl com ID 2885. Campo used_reels_instagram_mandalecas definido como 1.0.
INFO:root:Dados comitados para DeliveryControl com ID 2885.
INFO:root:Atualizando DeliveryControl com ID 2885. Campo used_stories_instagram_mandalecas definido como 1.0.
INFO:root:Dados comitados para DeliveryControl com ID 2885.
INFO:root:Atualizando DeliveryControl com ID 2885. Campo used_reels_instagram_mandalecas definido como 1.0.
INFO:root:Dados comitados para DeliveryControl com ID 2885.
INFO:root:Atualizando DeliveryControl com ID 2885. Campo used_reels_instagram_mandalecas definido como 1.0.
INFO:root:Dados comitados para DeliveryControl com ID 2885.
INFO:root:Atualizando DeliveryControl com ID 2885. Campo used_reels_instagram_mandalecas definido como 1.0.
INFO:root:Dados comitados para DeliveryControl com ID 2885.
INFO:root:Atualizando DeliveryControl com ID 2885. Campo used_reels_instagram_mandalecas definido como 1.0.
INFO:root:Dados comitados para DeliveryControl com ID 2885.
INFO:root:Atualizando DeliveryControl com ID 2885. Campo used_reels_instagram_mandalecas definido como 1.0.
INFO:root:Dados comitados para DeliveryControl com ID 2885.
INFO:root:Atualizando DeliveryControl com ID 2885. Campo used_reels_instagram_mandalecas definido como 1.0.
INFO:root:Dados comitados para DeliveryControl com ID 2885.
INFO:root:Atualizando DeliveryControl com ID 2885. Campo used_reels_instagram_mandalecas definido como 1.0.
INFO:root:Dados comitados para DeliveryControl com ID 2885.
INFO:root:Atualizando DeliveryControl com ID 2885. Campo used_reels_instagram_mandalecas definido como 1.0.
INFO:root:Dados comitados para DeliveryControl com ID 2885.
INFO:root:Atualizando DeliveryControl com ID 2885. Campo used_reels_instagram_mandalecas definido como 1.0.
INFO:root:Dados comitados para DeliveryControl com ID 2885.
INFO:root:Atualizando DeliveryControl com ID 2885. Campo used_reels_instagram_mandalecas definido como 1.0.
INFO:root:Dados comitados para DeliveryControl com ID 2885.
INFO:root:Atualizando DeliveryControl com ID 2889. Campo used_creative_mandalecas definido como 1.0.
INFO:root:Dados comitados para DeliveryControl com ID 2889.
INFO:root:Atualizando DeliveryControl com ID 2889. Campo used_creative_mandalecas definido como 1.0.
INFO:root:Dados comitados para DeliveryControl com ID 2889.
INFO:root:Executando debug_display_data...
INFO:root:Cliente: Ogunjá Revestimentos, Mandalecas usadas (Criação): 0, Entregas: []
INFO:root:Cliente: Ogunjá Revestimentos, Mandalecas usadas (Adaptação): 0, Entregas: []
INFO:root:Dados do cliente Ogunjá Revestimentos: {'Nome do Cliente': 'Ogunjá Revestimentos', 'Total de Mandalecas Usadas (Criação)': 0, 'Mandalecas Contratadas (Criação)': 6.0, 'Mandalecas Acumuladas (Criação)': 0, 'Total de Mandalecas Usadas (Adaptação)': 0, 'Mandalecas Contratadas (Adaptação)': 2.0, 'Mandalecas Acumuladas (Adaptação)': 0}
INFO:root:Executando debug_display_data...
INFO:root:Cliente: Ogunjá Revestimentos, Mandalecas usadas (Criação): 0, Entregas: []
INFO:root:Cliente: Ogunjá Revestimentos, Mandalecas usadas (Adaptação): 0, Entregas: []
INFO:root:Dados do cliente Ogunjá Revestimentos: {'Nome do Cliente': 'Ogunjá Revestimentos', 'Total de Mandalecas Usadas (Criação)': 0, 'Mandalecas Contratadas (Criação)': 6.0, 'Mandalecas Acumuladas (Criação)': 0, 'Total de Mandalecas Usadas (Adaptação)': 0, 'Mandalecas Contratadas (Adaptação)': 2.0, 'Mandalecas Acumuladas (Adaptação)': 0}
INFO:root:Executando debug_display_data...
INFO:root:Cliente: Ogunjá Revestimentos, Mandalecas usadas (Criação): 0, Entregas: []
INFO:root:Cliente: Ogunjá Revestimentos, Mandalecas usadas (Adaptação): 0, Entregas: []
INFO:root:Dados do cliente Ogunjá Revestimentos: {'Nome do Cliente': 'Ogunjá Revestimentos', 'Total de Mandalecas Usadas (Criação)': 0, 'Mandalecas Contratadas (Criação)': 6.0, 'Mandalecas Acumuladas (Criação)': 0, 'Total de Mandalecas Usadas (Adaptação)': 0, 'Mandalecas Contratadas (Adaptação)': 2.0, 'Mandalecas Acumuladas (Adaptação)': 0}
INFO:root:Executando debug_display_data...
INFO:root:Cliente: Ogunjá Revestimentos, Mandalecas usadas (Criação): 0, Entregas: []
INFO:root:Cliente: Ogunjá Revestimentos, Mandalecas usadas (Adaptação): 0, Entregas: []
INFO:root:Dados do cliente Ogunjá Revestimentos: {'Nome do Cliente': 'Ogunjá Revestimentos', 'Total de Mandalecas Usadas (Criação)': 0, 'Mandalecas Contratadas (Criação)': 6.0, 'Mandalecas Acumuladas (Criação)': 0, 'Total de Mandalecas Usadas (Adaptação)': 0, 'Mandalecas Contratadas (Adaptação)': 2.0, 'Mandalecas Acumuladas (Adaptação)': 0}
INFO:root:Executando debug_display_data...
INFO:root:Cliente: Ogunjá Revestimentos, Mandalecas usadas (Criação): 0, Entregas: []
INFO:root:Cliente: Ogunjá Revestimentos, Mandalecas usadas (Adaptação): 0, Entregas: []
INFO:root:Dados do cliente Ogunjá Revestimentos: {'Nome do Cliente': 'Ogunjá Revestimentos', 'Total de Mandalecas Usadas (Criação)': 0, 'Mandalecas Contratadas (Criação)': 6.0, 'Mandalecas Acumuladas (Criação)': 0, 'Total de Mandalecas Usadas (Adaptação)': 0, 'Mandalecas Contratadas (Adaptação)': 2.0, 'Mandalecas Acumuladas (Adaptação)': 0}
INFO:root:Executando debug_display_data...
INFO:root:Cliente: Ogunjá Revestimentos, Mandalecas usadas (Criação): 6, Entregas: [('Criação OGUNJÁ | Caruru - fitinha bonfim personalizada OP (M) #2 mdl 1', 1), ('Criação Crachás Ogunjá  Crachás Centro Logistico mdl 1', 1), ('Criação Stories  Ogunjá mdl 1', 0), ('Criação Peças dia do evento < OGUNJA | Vídeo Institucional (D) mdl 1', 1), ('Criação OGUNJA | Assinatura de email mdl 1', 1), ('Criação Ajuste Ogunjá Support para Ogunjá Service mdl 1', 1), ('Feed Instagram Ogunjá | Reconexão Instagram - Página Facebook < colocar permissões True no banco de dados quando reconectar mdl 1', 1), ('Criação Reels loja (designer Renata e cliente) < Publicação mdl 1', 0), ('Criação MOTE DA CAMPANHA < Redação mdl 1', 1)]
INFO:root:Cliente: Ogunjá Revestimentos, Mandalecas usadas (Adaptação): 0, Entregas: [('Criação OGUNJÁ | Caruru - fitinha bonfim personalizada OP (M) #2 mdl 1', 1), ('Criação Crachás Ogunjá  Crachás Centro Logistico mdl 1', 1), ('Criação Stories  Ogunjá mdl 1', 0), ('Criação Peças dia do evento < OGUNJA | Vídeo Institucional (D) mdl 1', 1), ('Criação OGUNJA | Assinatura de email mdl 1', 1), ('Criação Ajuste Ogunjá Support para Ogunjá Service mdl 1', 1), ('Feed Instagram Ogunjá | Reconexão Instagram - Página Facebook < colocar permissões True no banco de dados quando reconectar mdl 1', 1), ('Criação Reels loja (designer Renata e cliente) < Publicação mdl 1', 0), ('Criação MOTE DA CAMPANHA < Redação mdl 1', 1)]
INFO:root:Dados do cliente Ogunjá Revestimentos: {'Nome do Cliente': 'Ogunjá Revestimentos', 'Total de Mandalecas Usadas (Criação)': 6, 'Mandalecas Contratadas (Criação)': 6.0, 'Mandalecas Acumuladas (Criação)': 0, 'Total de Mandalecas Usadas (Adaptação)': 0, 'Mandalecas Contratadas (Adaptação)': 2.0, 'Mandalecas Acumuladas (Adaptação)': 0}
INFO:root:Tabela de Debug: [{'Cliente': 'Ogunjá Revestimentos', 'used_creative_mandalecas': 1, 'job_creation_date': datetime.date(2023, 5, 3)}, {'Cliente': 'Ogunjá Revestimentos', 'used_creative_mandalecas': 1, 'job_creation_date': datetime.date(2023, 5, 9)}, {'Cliente': 'Ogunjá Revestimentos', 'used_creative_mandalecas': 0, 'job_creation_date': datetime.date(2023, 5, 5)}, {'Cliente': 'Ogunjá Revestimentos', 'used_creative_mandalecas': 1, 'job_creation_date': datetime.date(2023, 5, 10)}, {'Cliente': 'Ogunjá Revestimentos', 'used_creative_mandalecas': 1, 'job_creation_date': datetime.date(2023, 5, 29)}, {'Cliente': 'Ogunjá Revestimentos', 'used_creative_mandalecas': 1, 'job_creation_date': datetime.date(2023, 5, 15)}, {'Cliente': 'Ogunjá Revestimentos', 'used_creative_mandalecas': 1, 'job_creation_date': datetime.date(2023, 5, 9)}, {'Cliente': 'Ogunjá Revestimentos', 'used_creative_mandalecas': 0, 'job_creation_date': datetime.date(2023, 5, 25)}, {'Cliente': 'Ogunjá Revestimentos', 'used_creative_mandalecas': 1, 'job_creation_date': datetime.date(2023, 5, 29)}]
INFO:root:Executando debug_display_data...
INFO:root:Cliente: Ogunjá Revestimentos, Mandalecas usadas (Criação): 6, Entregas: [('Criação OGUNJÁ | Caruru - fitinha bonfim personalizada OP (M) #2 mdl 1', 1), ('Criação Crachás Ogunjá  Crachás Centro Logistico mdl 1', 1), ('Criação Stories  Ogunjá mdl 1', 0), ('Criação Peças dia do evento < OGUNJA | Vídeo Institucional (D) mdl 1', 1), ('Criação OGUNJA | Assinatura de email mdl 1', 1), ('Criação Ajuste Ogunjá Support para Ogunjá Service mdl 1', 1), ('Feed Instagram Ogunjá | Reconexão Instagram - Página Facebook < colocar permissões True no banco de dados quando reconectar mdl 1', 1), ('Criação Reels loja (designer Renata e cliente) < Publicação mdl 1', 0), ('Criação MOTE DA CAMPANHA < Redação mdl 1', 1)]
INFO:root:Cliente: Ogunjá Revestimentos, Mandalecas usadas (Adaptação): 0, Entregas: [('Criação OGUNJÁ | Caruru - fitinha bonfim personalizada OP (M) #2 mdl 1', 1), ('Criação Crachás Ogunjá  Crachás Centro Logistico mdl 1', 1), ('Criação Stories  Ogunjá mdl 1', 0), ('Criação Peças dia do evento < OGUNJA | Vídeo Institucional (D) mdl 1', 1), ('Criação OGUNJA | Assinatura de email mdl 1', 1), ('Criação Ajuste Ogunjá Support para Ogunjá Service mdl 1', 1), ('Feed Instagram Ogunjá | Reconexão Instagram - Página Facebook < colocar permissões True no banco de dados quando reconectar mdl 1', 1), ('Criação Reels loja (designer Renata e cliente) < Publicação mdl 1', 0), ('Criação MOTE DA CAMPANHA < Redação mdl 1', 1)]
INFO:root:Dados do cliente Ogunjá Revestimentos: {'Nome do Cliente': 'Ogunjá Revestimentos', 'Total de Mandalecas Usadas (Criação)': 6, 'Mandalecas Contratadas (Criação)': 6.0, 'Mandalecas Acumuladas (Criação)': 0, 'Total de Mandalecas Usadas (Adaptação)': 0, 'Mandalecas Contratadas (Adaptação)': 2.0, 'Mandalecas Acumuladas (Adaptação)': 0}
INFO:root:Tabela de Debug: [{'Cliente': 'Ogunjá Revestimentos', 'used_creative_mandalecas': 1, 'job_creation_date': datetime.date(2023, 5, 3)}, {'Cliente': 'Ogunjá Revestimentos', 'used_creative_mandalecas': 1, 'job_creation_date': datetime.date(2023, 5, 9)}, {'Cliente': 'Ogunjá Revestimentos', 'used_creative_mandalecas': 0, 'job_creation_date': datetime.date(2023, 5, 5)}, {'Cliente': 'Ogunjá Revestimentos', 'used_creative_mandalecas': 1, 'job_creation_date': datetime.date(2023, 5, 10)}, {'Cliente': 'Ogunjá Revestimentos', 'used_creative_mandalecas': 1, 'job_creation_date': datetime.date(2023, 5, 29)}, {'Cliente': 'Ogunjá Revestimentos', 'used_creative_mandalecas': 1, 'job_creation_date': datetime.date(2023, 5, 15)}, {'Cliente': 'Ogunjá Revestimentos', 'used_creative_mandalecas': 1, 'job_creation_date': datetime.date(2023, 5, 9)}, {'Cliente': 'Ogunjá Revestimentos', 'used_creative_mandalecas': 0, 'job_creation_date': datetime.date(2023, 5, 25)}, {'Cliente': 'Ogunjá Revestimentos', 'used_creative_mandalecas': 1, 'job_creation_date': datetime.date(2023, 5, 29)}]
INFO:root:Executando debug_display_data...
INFO:root:Cliente: Ogunjá Revestimentos, Mandalecas usadas (Criação): 6, Entregas: [('Criação OGUNJÁ | Caruru - fitinha bonfim personalizada OP (M) #2 mdl 1', 1), ('Criação Crachás Ogunjá  Crachás Centro Logistico mdl 1', 1), ('Criação Stories  Ogunjá mdl 1', 0), ('Criação Peças dia do evento < OGUNJA | Vídeo Institucional (D) mdl 1', 1), ('Criação OGUNJA | Assinatura de email mdl 1', 1), ('Criação Ajuste Ogunjá Support para Ogunjá Service mdl 1', 1), ('Feed Instagram Ogunjá | Reconexão Instagram - Página Facebook < colocar permissões True no banco de dados quando reconectar mdl 1', 1), ('Criação Reels loja (designer Renata e cliente) < Publicação mdl 1', 0), ('Criação MOTE DA CAMPANHA < Redação mdl 1', 1)]
INFO:root:Cliente: Ogunjá Revestimentos, Mandalecas usadas (Adaptação): 0, Entregas: [('Criação OGUNJÁ | Caruru - fitinha bonfim personalizada OP (M) #2 mdl 1', 1), ('Criação Crachás Ogunjá  Crachás Centro Logistico mdl 1', 1), ('Criação Stories  Ogunjá mdl 1', 0), ('Criação Peças dia do evento < OGUNJA | Vídeo Institucional (D) mdl 1', 1), ('Criação OGUNJA | Assinatura de email mdl 1', 1), ('Criação Ajuste Ogunjá Support para Ogunjá Service mdl 1', 1), ('Feed Instagram Ogunjá | Reconexão Instagram - Página Facebook < colocar permissões True no banco de dados quando reconectar mdl 1', 1), ('Criação Reels loja (designer Renata e cliente) < Publicação mdl 1', 0), ('Criação MOTE DA CAMPANHA < Redação mdl 1', 1)]
INFO:root:Dados do cliente Ogunjá Revestimentos: {'Nome do Cliente': 'Ogunjá Revestimentos', 'Total de Mandalecas Usadas (Criação)': 6, 'Mandalecas Contratadas (Criação)': 6.0, 'Mandalecas Acumuladas (Criação)': 0, 'Total de Mandalecas Usadas (Adaptação)': 0, 'Mandalecas Contratadas (Adaptação)': 2.0, 'Mandalecas Acumuladas (Adaptação)': 0}
INFO:root:Tabela de Debug: [{'Cliente': 'Ogunjá Revestimentos', 'used_creative_mandalecas': 1, 'job_creation_date': datetime.date(2023, 5, 3)}, {'Cliente': 'Ogunjá Revestimentos', 'used_creative_mandalecas': 1, 'job_creation_date': datetime.date(2023, 5, 9)}, {'Cliente': 'Ogunjá Revestimentos', 'used_creative_mandalecas': 0, 'job_creation_date': datetime.date(2023, 5, 5)}, {'Cliente': 'Ogunjá Revestimentos', 'used_creative_mandalecas': 1, 'job_creation_date': datetime.date(2023, 5, 10)}, {'Cliente': 'Ogunjá Revestimentos', 'used_creative_mandalecas': 1, 'job_creation_date': datetime.date(2023, 5, 29)}, {'Cliente': 'Ogunjá Revestimentos', 'used_creative_mandalecas': 1, 'job_creation_date': datetime.date(2023, 5, 15)}, {'Cliente': 'Ogunjá Revestimentos', 'used_creative_mandalecas': 1, 'job_creation_date': datetime.date(2023, 5, 9)}, {'Cliente': 'Ogunjá Revestimentos', 'used_creative_mandalecas': 0, 'job_creation_date': datetime.date(2023, 5, 25)}, {'Cliente': 'Ogunjá Revestimentos', 'used_creative_mandalecas': 1, 'job_creation_date': datetime.date(2023, 5, 29)}]
INFO:root:Executando debug_display_data...
INFO:root:Cliente: Ogunjá Revestimentos, Mandalecas usadas (Criação): 6, Entregas: [('Criação OGUNJÁ | Caruru - fitinha bonfim personalizada OP (M) #2 mdl 1', 1), ('Criação Crachás Ogunjá  Crachás Centro Logistico mdl 1', 1), ('Criação Stories  Ogunjá mdl 1', 0), ('Criação Peças dia do evento < OGUNJA | Vídeo Institucional (D) mdl 1', 1), ('Criação OGUNJA | Assinatura de email mdl 1', 1), ('Criação Ajuste Ogunjá Support para Ogunjá Service mdl 1', 1), ('Feed Instagram Ogunjá | Reconexão Instagram - Página Facebook < colocar permissões True no banco de dados quando reconectar mdl 1', 1), ('Criação Reels loja (designer Renata e cliente) < Publicação mdl 1', 0), ('Criação MOTE DA CAMPANHA < Redação mdl 1', 1)]
INFO:root:Cliente: Ogunjá Revestimentos, Mandalecas usadas (Adaptação): 0, Entregas: [('Criação OGUNJÁ | Caruru - fitinha bonfim personalizada OP (M) #2 mdl 1', 1), ('Criação Crachás Ogunjá  Crachás Centro Logistico mdl 1', 1), ('Criação Stories  Ogunjá mdl 1', 0), ('Criação Peças dia do evento < OGUNJA | Vídeo Institucional (D) mdl 1', 1), ('Criação OGUNJA | Assinatura de email mdl 1', 1), ('Criação Ajuste Ogunjá Support para Ogunjá Service mdl 1', 1), ('Feed Instagram Ogunjá | Reconexão Instagram - Página Facebook < colocar permissões True no banco de dados quando reconectar mdl 1', 1), ('Criação Reels loja (designer Renata e cliente) < Publicação mdl 1', 0), ('Criação MOTE DA CAMPANHA < Redação mdl 1', 1)]
INFO:root:Dados do cliente Ogunjá Revestimentos: {'Nome do Cliente': 'Ogunjá Revestimentos', 'Total de Mandalecas Usadas (Criação)': 6, 'Mandalecas Contratadas (Criação)': 6.0, 'Mandalecas Acumuladas (Criação)': 4.0, 'Total de Mandalecas Usadas (Adaptação)': 0, 'Mandalecas Contratadas (Adaptação)': 2.0, 'Mandalecas Acumuladas (Adaptação)': 0}
INFO:root:Tabela de Debug: [{'Cliente': 'Ogunjá Revestimentos', 'used_creative_mandalecas': 1, 'job_creation_date': datetime.date(2023, 5, 3)}, {'Cliente': 'Ogunjá Revestimentos', 'used_creative_mandalecas': 1, 'job_creation_date': datetime.date(2023, 5, 9)}, {'Cliente': 'Ogunjá Revestimentos', 'used_creative_mandalecas': 0, 'job_creation_date': datetime.date(2023, 5, 5)}, {'Cliente': 'Ogunjá Revestimentos', 'used_creative_mandalecas': 1, 'job_creation_date': datetime.date(2023, 5, 10)}, {'Cliente': 'Ogunjá Revestimentos', 'used_creative_mandalecas': 1, 'job_creation_date': datetime.date(2023, 5, 29)}, {'Cliente': 'Ogunjá Revestimentos', 'used_creative_mandalecas': 1, 'job_creation_date': datetime.date(2023, 5, 15)}, {'Cliente': 'Ogunjá Revestimentos', 'used_creative_mandalecas': 1, 'job_creation_date': datetime.date(2023, 5, 9)}, {'Cliente': 'Ogunjá Revestimentos', 'used_creative_mandalecas': 0, 'job_creation_date': datetime.date(2023, 5, 25)}, {'Cliente': 'Ogunjá Revestimentos', 'used_creative_mandalecas': 1, 'job_creation_date': datetime.date(2023, 5, 29)}]
INFO:root:Executando debug_display_data...
INFO:root:Cliente: Ogunjá Revestimentos, Mandalecas usadas (Criação): 6, Entregas: [('Criação OGUNJÁ | Caruru - fitinha bonfim personalizada OP (M) #2 mdl 1', 1), ('Criação Crachás Ogunjá  Crachás Centro Logistico mdl 1', 1), ('Criação Stories  Ogunjá mdl 1', 0), ('Criação Peças dia do evento < OGUNJA | Vídeo Institucional (D) mdl 1', 1), ('Criação OGUNJA | Assinatura de email mdl 1', 1), ('Criação Ajuste Ogunjá Support para Ogunjá Service mdl 1', 1), ('Feed Instagram Ogunjá | Reconexão Instagram - Página Facebook < colocar permissões True no banco de dados quando reconectar mdl 1', 1), ('Criação Reels loja (designer Renata e cliente) < Publicação mdl 1', 0), ('Criação MOTE DA CAMPANHA < Redação mdl 1', 1)]
INFO:root:Cliente: Ogunjá Revestimentos, Mandalecas usadas (Adaptação): 0, Entregas: [('Criação OGUNJÁ | Caruru - fitinha bonfim personalizada OP (M) #2 mdl 1', 1), ('Criação Crachás Ogunjá  Crachás Centro Logistico mdl 1', 1), ('Criação Stories  Ogunjá mdl 1', 0), ('Criação Peças dia do evento < OGUNJA | Vídeo Institucional (D) mdl 1', 1), ('Criação OGUNJA | Assinatura de email mdl 1', 1), ('Criação Ajuste Ogunjá Support para Ogunjá Service mdl 1', 1), ('Feed Instagram Ogunjá | Reconexão Instagram - Página Facebook < colocar permissões True no banco de dados quando reconectar mdl 1', 1), ('Criação Reels loja (designer Renata e cliente) < Publicação mdl 1', 0), ('Criação MOTE DA CAMPANHA < Redação mdl 1', 1)]
INFO:root:Dados do cliente Ogunjá Revestimentos: {'Nome do Cliente': 'Ogunjá Revestimentos', 'Total de Mandalecas Usadas (Criação)': 6, 'Mandalecas Contratadas (Criação)': 6.0, 'Mandalecas Acumuladas (Criação)': 4.0, 'Total de Mandalecas Usadas (Adaptação)': 0, 'Mandalecas Contratadas (Adaptação)': 2.0, 'Mandalecas Acumuladas (Adaptação)': 0}
INFO:root:Tabela de Debug: [{'Cliente': 'Ogunjá Revestimentos', 'used_creative_mandalecas': 1, 'job_creation_date': datetime.date(2023, 5, 3)}, {'Cliente': 'Ogunjá Revestimentos', 'used_creative_mandalecas': 1, 'job_creation_date': datetime.date(2023, 5, 9)}, {'Cliente': 'Ogunjá Revestimentos', 'used_creative_mandalecas': 0, 'job_creation_date': datetime.date(2023, 5, 5)}, {'Cliente': 'Ogunjá Revestimentos', 'used_creative_mandalecas': 1, 'job_creation_date': datetime.date(2023, 5, 10)}, {'Cliente': 'Ogunjá Revestimentos', 'used_creative_mandalecas': 1, 'job_creation_date': datetime.date(2023, 5, 29)}, {'Cliente': 'Ogunjá Revestimentos', 'used_creative_mandalecas': 1, 'job_creation_date': datetime.date(2023, 5, 15)}, {'Cliente': 'Ogunjá Revestimentos', 'used_creative_mandalecas': 1, 'job_creation_date': datetime.date(2023, 5, 9)}, {'Cliente': 'Ogunjá Revestimentos', 'used_creative_mandalecas': 0, 'job_creation_date': datetime.date(2023, 5, 25)}, {'Cliente': 'Ogunjá Revestimentos', 'used_creative_mandalecas': 1, 'job_creation_date': datetime.date(2023, 5, 29)}]
INFO:root:Executando debug_display_data...
INFO:root:Cliente: Ogunjá Revestimentos, Mandalecas usadas (Criação): 6, Entregas: [('Criação OGUNJÁ | Caruru - fitinha bonfim personalizada OP (M) #2 mdl 1', 1), ('Criação Crachás Ogunjá  Crachás Centro Logistico mdl 1', 1), ('Criação Stories  Ogunjá mdl 1', 0), ('Criação Peças dia do evento < OGUNJA | Vídeo Institucional (D) mdl 1', 1), ('Criação OGUNJA | Assinatura de email mdl 1', 1), ('Criação Ajuste Ogunjá Support para Ogunjá Service mdl 1', 1), ('Feed Instagram Ogunjá | Reconexão Instagram - Página Facebook < colocar permissões True no banco de dados quando reconectar mdl 1', 1), ('Criação Reels loja (designer Renata e cliente) < Publicação mdl 1', 0), ('Criação MOTE DA CAMPANHA < Redação mdl 1', 1)]
INFO:root:Cliente: Ogunjá Revestimentos, Mandalecas usadas (Adaptação): 0, Entregas: [('Criação OGUNJÁ | Caruru - fitinha bonfim personalizada OP (M) #2 mdl 1', 1), ('Criação Crachás Ogunjá  Crachás Centro Logistico mdl 1', 1), ('Criação Stories  Ogunjá mdl 1', 0), ('Criação Peças dia do evento < OGUNJA | Vídeo Institucional (D) mdl 1', 1), ('Criação OGUNJA | Assinatura de email mdl 1', 1), ('Criação Ajuste Ogunjá Support para Ogunjá Service mdl 1', 1), ('Feed Instagram Ogunjá | Reconexão Instagram - Página Facebook < colocar permissões True no banco de dados quando reconectar mdl 1', 1), ('Criação Reels loja (designer Renata e cliente) < Publicação mdl 1', 0), ('Criação MOTE DA CAMPANHA < Redação mdl 1', 1)]
INFO:root:Dados do cliente Ogunjá Revestimentos: {'Nome do Cliente': 'Ogunjá Revestimentos', 'Total de Mandalecas Usadas (Criação)': 6, 'Mandalecas Contratadas (Criação)': 6.0, 'Mandalecas Acumuladas (Criação)': 4.0, 'Total de Mandalecas Usadas (Adaptação)': 0, 'Mandalecas Contratadas (Adaptação)': 2.0, 'Mandalecas Acumuladas (Adaptação)': 0}
INFO:root:Tabela de Debug: [{'Cliente': 'Ogunjá Revestimentos', 'used_creative_mandalecas': 1, 'job_creation_date': datetime.date(2023, 5, 3)}, {'Cliente': 'Ogunjá Revestimentos', 'used_creative_mandalecas': 1, 'job_creation_date': datetime.date(2023, 5, 9)}, {'Cliente': 'Ogunjá Revestimentos', 'used_creative_mandalecas': 0, 'job_creation_date': datetime.date(2023, 5, 5)}, {'Cliente': 'Ogunjá Revestimentos', 'used_creative_mandalecas': 1, 'job_creation_date': datetime.date(2023, 5, 10)}, {'Cliente': 'Ogunjá Revestimentos', 'used_creative_mandalecas': 1, 'job_creation_date': datetime.date(2023, 5, 29)}, {'Cliente': 'Ogunjá Revestimentos', 'used_creative_mandalecas': 1, 'job_creation_date': datetime.date(2023, 5, 15)}, {'Cliente': 'Ogunjá Revestimentos', 'used_creative_mandalecas': 1, 'job_creation_date': datetime.date(2023, 5, 9)}, {'Cliente': 'Ogunjá Revestimentos', 'used_creative_mandalecas': 0, 'job_creation_date': datetime.date(2023, 5, 25)}, {'Cliente': 'Ogunjá Revestimentos', 'used_creative_mandalecas': 1, 'job_creation_date': datetime.date(2023, 5, 29)}]
INFO:root:Executando debug_display_data...
INFO:root:Cliente: Ogunjá Revestimentos, Mandalecas usadas (Criação): 6, Entregas: [('Criação OGUNJÁ | Caruru - fitinha bonfim personalizada OP (M) #2 mdl 1', 1), ('Criação Crachás Ogunjá  Crachás Centro Logistico mdl 1', 1), ('Criação Stories  Ogunjá mdl 1', 0), ('Criação Peças dia do evento < OGUNJA | Vídeo Institucional (D) mdl 1', 1), ('Criação OGUNJA | Assinatura de email mdl 1', 1), ('Criação Ajuste Ogunjá Support para Ogunjá Service mdl 1', 1), ('Feed Instagram Ogunjá | Reconexão Instagram - Página Facebook < colocar permissões True no banco de dados quando reconectar mdl 1', 1), ('Criação Reels loja (designer Renata e cliente) < Publicação mdl 1', 0), ('Criação MOTE DA CAMPANHA < Redação mdl 1', 1)]
INFO:root:Cliente: Ogunjá Revestimentos, Mandalecas usadas (Adaptação): 0, Entregas: [('Criação OGUNJÁ | Caruru - fitinha bonfim personalizada OP (M) #2 mdl 1', 1), ('Criação Crachás Ogunjá  Crachás Centro Logistico mdl 1', 1), ('Criação Stories  Ogunjá mdl 1', 0), ('Criação Peças dia do evento < OGUNJA | Vídeo Institucional (D) mdl 1', 1), ('Criação OGUNJA | Assinatura de email mdl 1', 1), ('Criação Ajuste Ogunjá Support para Ogunjá Service mdl 1', 1), ('Feed Instagram Ogunjá | Reconexão Instagram - Página Facebook < colocar permissões True no banco de dados quando reconectar mdl 1', 1), ('Criação Reels loja (designer Renata e cliente) < Publicação mdl 1', 0), ('Criação MOTE DA CAMPANHA < Redação mdl 1', 1)]
INFO:root:Dados do cliente Ogunjá Revestimentos: {'Nome do Cliente': 'Ogunjá Revestimentos', 'Total de Mandalecas Usadas (Criação)': 6, 'Mandalecas Contratadas (Criação)': 6.0, 'Mandalecas Acumuladas (Criação)': 4.0, 'Total de Mandalecas Usadas (Adaptação)': 0, 'Mandalecas Contratadas (Adaptação)': 2.0, 'Mandalecas Acumuladas (Adaptação)': 0}
INFO:root:Tabela de Debug: [{'Cliente': 'Ogunjá Revestimentos', 'used_creative_mandalecas': 1, 'job_creation_date': datetime.date(2023, 5, 3)}, {'Cliente': 'Ogunjá Revestimentos', 'used_creative_mandalecas': 1, 'job_creation_date': datetime.date(2023, 5, 9)}, {'Cliente': 'Ogunjá Revestimentos', 'used_creative_mandalecas': 0, 'job_creation_date': datetime.date(2023, 5, 5)}, {'Cliente': 'Ogunjá Revestimentos', 'used_creative_mandalecas': 1, 'job_creation_date': datetime.date(2023, 5, 10)}, {'Cliente': 'Ogunjá Revestimentos', 'used_creative_mandalecas': 1, 'job_creation_date': datetime.date(2023, 5, 29)}, {'Cliente': 'Ogunjá Revestimentos', 'used_creative_mandalecas': 1, 'job_creation_date': datetime.date(2023, 5, 15)}, {'Cliente': 'Ogunjá Revestimentos', 'used_creative_mandalecas': 1, 'job_creation_date': datetime.date(2023, 5, 9)}, {'Cliente': 'Ogunjá Revestimentos', 'used_creative_mandalecas': 0, 'job_creation_date': datetime.date(2023, 5, 25)}, {'Cliente': 'Ogunjá Revestimentos', 'used_creative_mandalecas': 1, 'job_creation_date': datetime.date(2023, 5, 29)}]
INFO:root:Executando debug_display_data...
INFO:root:Cliente: Ogunjá Revestimentos, Mandalecas usadas (Criação): 6, Entregas: [('Criação OGUNJÁ | Caruru - fitinha bonfim personalizada OP (M) #2 mdl 1', 1), ('Criação Crachás Ogunjá  Crachás Centro Logistico mdl 1', 1), ('Criação Stories  Ogunjá mdl 1', 0), ('Criação Peças dia do evento < OGUNJA | Vídeo Institucional (D) mdl 1', 1), ('Criação OGUNJA | Assinatura de email mdl 1', 1), ('Criação Ajuste Ogunjá Support para Ogunjá Service mdl 1', 1), ('Feed Instagram Ogunjá | Reconexão Instagram - Página Facebook < colocar permissões True no banco de dados quando reconectar mdl 1', 1), ('Criação Reels loja (designer Renata e cliente) < Publicação mdl 1', 0), ('Criação MOTE DA CAMPANHA < Redação mdl 1', 1)]
INFO:root:Cliente: Ogunjá Revestimentos, Mandalecas usadas (Adaptação): 0, Entregas: [('Criação OGUNJÁ | Caruru - fitinha bonfim personalizada OP (M) #2 mdl 1', 1), ('Criação Crachás Ogunjá  Crachás Centro Logistico mdl 1', 1), ('Criação Stories  Ogunjá mdl 1', 0), ('Criação Peças dia do evento < OGUNJA | Vídeo Institucional (D) mdl 1', 1), ('Criação OGUNJA | Assinatura de email mdl 1', 1), ('Criação Ajuste Ogunjá Support para Ogunjá Service mdl 1', 1), ('Feed Instagram Ogunjá | Reconexão Instagram - Página Facebook < colocar permissões True no banco de dados quando reconectar mdl 1', 1), ('Criação Reels loja (designer Renata e cliente) < Publicação mdl 1', 0), ('Criação MOTE DA CAMPANHA < Redação mdl 1', 1)]
INFO:root:Dados do cliente Ogunjá Revestimentos: {'Nome do Cliente': 'Ogunjá Revestimentos', 'Total de Mandalecas Usadas (Criação)': 6, 'Mandalecas Contratadas (Criação)': 6.0, 'Mandalecas Acumuladas (Criação)': 4.0, 'Total de Mandalecas Usadas (Adaptação)': 0, 'Mandalecas Contratadas (Adaptação)': 2.0, 'Mandalecas Acumuladas (Adaptação)': 0}
INFO:root:Tabela de Debug: [{'Cliente': 'Ogunjá Revestimentos', 'used_creative_mandalecas': 1, 'job_creation_date': datetime.date(2023, 5, 3)}, {'Cliente': 'Ogunjá Revestimentos', 'used_creative_mandalecas': 1, 'job_creation_date': datetime.date(2023, 5, 9)}, {'Cliente': 'Ogunjá Revestimentos', 'used_creative_mandalecas': 0, 'job_creation_date': datetime.date(2023, 5, 5)}, {'Cliente': 'Ogunjá Revestimentos', 'used_creative_mandalecas': 1, 'job_creation_date': datetime.date(2023, 5, 10)}, {'Cliente': 'Ogunjá Revestimentos', 'used_creative_mandalecas': 1, 'job_creation_date': datetime.date(2023, 5, 29)}, {'Cliente': 'Ogunjá Revestimentos', 'used_creative_mandalecas': 1, 'job_creation_date': datetime.date(2023, 5, 15)}, {'Cliente': 'Ogunjá Revestimentos', 'used_creative_mandalecas': 1, 'job_creation_date': datetime.date(2023, 5, 9)}, {'Cliente': 'Ogunjá Revestimentos', 'used_creative_mandalecas': 0, 'job_creation_date': datetime.date(2023, 5, 25)}, {'Cliente': 'Ogunjá Revestimentos', 'used_creative_mandalecas': 1, 'job_creation_date': datetime.date(2023, 5, 29)}]
INFO:root:Executando debug_display_data...
INFO:root:Cliente: Ogunjá Revestimentos, Mandalecas usadas (Criação): 6, Entregas: [('Criação OGUNJÁ | Caruru - fitinha bonfim personalizada OP (M) #2 mdl 1', 1), ('Criação Crachás Ogunjá  Crachás Centro Logistico mdl 1', 1), ('Criação Stories  Ogunjá mdl 1', 0), ('Criação Peças dia do evento < OGUNJA | Vídeo Institucional (D) mdl 1', 1), ('Criação OGUNJA | Assinatura de email mdl 1', 1), ('Criação Ajuste Ogunjá Support para Ogunjá Service mdl 1', 1), ('Feed Instagram Ogunjá | Reconexão Instagram - Página Facebook < colocar permissões True no banco de dados quando reconectar mdl 1', 1), ('Criação Reels loja (designer Renata e cliente) < Publicação mdl 1', 0), ('Criação MOTE DA CAMPANHA < Redação mdl 1', 1)]
INFO:root:Cliente: Ogunjá Revestimentos, Mandalecas usadas (Adaptação): 0, Entregas: [('Criação OGUNJÁ | Caruru - fitinha bonfim personalizada OP (M) #2 mdl 1', 1), ('Criação Crachás Ogunjá  Crachás Centro Logistico mdl 1', 1), ('Criação Stories  Ogunjá mdl 1', 0), ('Criação Peças dia do evento < OGUNJA | Vídeo Institucional (D) mdl 1', 1), ('Criação OGUNJA | Assinatura de email mdl 1', 1), ('Criação Ajuste Ogunjá Support para Ogunjá Service mdl 1', 1), ('Feed Instagram Ogunjá | Reconexão Instagram - Página Facebook < colocar permissões True no banco de dados quando reconectar mdl 1', 1), ('Criação Reels loja (designer Renata e cliente) < Publicação mdl 1', 0), ('Criação MOTE DA CAMPANHA < Redação mdl 1', 1)]
INFO:root:Dados do cliente Ogunjá Revestimentos: {'Nome do Cliente': 'Ogunjá Revestimentos', 'Total de Mandalecas Usadas (Criação)': 6, 'Mandalecas Contratadas (Criação)': 6.0, 'Mandalecas Acumuladas (Criação)': 4.0, 'Total de Mandalecas Usadas (Adaptação)': 0, 'Mandalecas Contratadas (Adaptação)': 2.0, 'Mandalecas Acumuladas (Adaptação)': 0}
INFO:root:Executando debug_display_data...
INFO:root:Cliente: Ogunjá Revestimentos, Mandalecas usadas (Criação): 6, Entregas: [('Criação OGUNJÁ | Caruru - fitinha bonfim personalizada OP (M) #2 mdl 1', 1), ('Criação Crachás Ogunjá  Crachás Centro Logistico mdl 1', 1), ('Criação Stories  Ogunjá mdl 1', 0), ('Criação Peças dia do evento < OGUNJA | Vídeo Institucional (D) mdl 1', 1), ('Criação OGUNJA | Assinatura de email mdl 1', 1), ('Criação Ajuste Ogunjá Support para Ogunjá Service mdl 1', 1), ('Feed Instagram Ogunjá | Reconexão Instagram - Página Facebook < colocar permissões True no banco de dados quando reconectar mdl 1', 1), ('Criação Reels loja (designer Renata e cliente) < Publicação mdl 1', 0), ('Criação MOTE DA CAMPANHA < Redação mdl 1', 1)]
INFO:root:Cliente: Ogunjá Revestimentos, Mandalecas usadas (Adaptação): 0, Entregas: [('Criação OGUNJÁ | Caruru - fitinha bonfim personalizada OP (M) #2 mdl 1', 1), ('Criação Crachás Ogunjá  Crachás Centro Logistico mdl 1', 1), ('Criação Stories  Ogunjá mdl 1', 0), ('Criação Peças dia do evento < OGUNJA | Vídeo Institucional (D) mdl 1', 1), ('Criação OGUNJA | Assinatura de email mdl 1', 1), ('Criação Ajuste Ogunjá Support para Ogunjá Service mdl 1', 1), ('Feed Instagram Ogunjá | Reconexão Instagram - Página Facebook < colocar permissões True no banco de dados quando reconectar mdl 1', 1), ('Criação Reels loja (designer Renata e cliente) < Publicação mdl 1', 0), ('Criação MOTE DA CAMPANHA < Redação mdl 1', 1)]
INFO:root:Dados do cliente Ogunjá Revestimentos: {'Nome do Cliente': 'Ogunjá Revestimentos', 'Total de Mandalecas Usadas (Criação)': 6, 'Mandalecas Contratadas (Criação)': 6.0, 'Mandalecas Acumuladas (Criação)': 4.0, 'Total de Mandalecas Usadas (Adaptação)': 0, 'Mandalecas Contratadas (Adaptação)': 2.0, 'Mandalecas Acumuladas (Adaptação)': 0}
INFO:root:Executando debug_display_data...
INFO:root:Cliente: Ogunjá Revestimentos, Mandalecas usadas (Criação): 6, Entregas: [('Criação OGUNJÁ | Caruru - fitinha bonfim personalizada OP (M) #2 mdl 1', 1), ('Criação Crachás Ogunjá  Crachás Centro Logistico mdl 1', 1), ('Criação Stories  Ogunjá mdl 1', 0), ('Criação Peças dia do evento < OGUNJA | Vídeo Institucional (D) mdl 1', 1), ('Criação OGUNJA | Assinatura de email mdl 1', 1), ('Criação Ajuste Ogunjá Support para Ogunjá Service mdl 1', 1), ('Feed Instagram Ogunjá | Reconexão Instagram - Página Facebook < colocar permissões True no banco de dados quando reconectar mdl 1', 1), ('Criação Reels loja (designer Renata e cliente) < Publicação mdl 1', 0), ('Criação MOTE DA CAMPANHA < Redação mdl 1', 1)]
INFO:root:Cliente: Ogunjá Revestimentos, Mandalecas usadas (Adaptação): 0, Entregas: [('Criação OGUNJÁ | Caruru - fitinha bonfim personalizada OP (M) #2 mdl 1', 1), ('Criação Crachás Ogunjá  Crachás Centro Logistico mdl 1', 1), ('Criação Stories  Ogunjá mdl 1', 0), ('Criação Peças dia do evento < OGUNJA | Vídeo Institucional (D) mdl 1', 1), ('Criação OGUNJA | Assinatura de email mdl 1', 1), ('Criação Ajuste Ogunjá Support para Ogunjá Service mdl 1', 1), ('Feed Instagram Ogunjá | Reconexão Instagram - Página Facebook < colocar permissões True no banco de dados quando reconectar mdl 1', 1), ('Criação Reels loja (designer Renata e cliente) < Publicação mdl 1', 0), ('Criação MOTE DA CAMPANHA < Redação mdl 1', 1)]
INFO:root:Dados do cliente Ogunjá Revestimentos: {'Nome do Cliente': 'Ogunjá Revestimentos', 'Total de Mandalecas Usadas (Criação)': 6, 'Mandalecas Contratadas (Criação)': 6.0, 'Mandalecas Acumuladas (Criação)': 4.0, 'Total de Mandalecas Usadas (Adaptação)': 0, 'Mandalecas Contratadas (Adaptação)': 2.0, 'Mandalecas Acumuladas (Adaptação)': 0}
INFO:root:Executando debug_display_data...
INFO:root:Cliente: Ogunjá Revestimentos, Mandalecas usadas (Criação): 6, Entregas: [('Criação OGUNJÁ | Caruru - fitinha bonfim personalizada OP (M) #2 mdl 1', 1), ('Criação Crachás Ogunjá  Crachás Centro Logistico mdl 1', 1), ('Criação Stories  Ogunjá mdl 1', 0), ('Criação Peças dia do evento < OGUNJA | Vídeo Institucional (D) mdl 1', 1), ('Criação OGUNJA | Assinatura de email mdl 1', 1), ('Criação Ajuste Ogunjá Support para Ogunjá Service mdl 1', 1), ('Feed Instagram Ogunjá | Reconexão Instagram - Página Facebook < colocar permissões True no banco de dados quando reconectar mdl 1', 1), ('Criação Reels loja (designer Renata e cliente) < Publicação mdl 1', 0), ('Criação MOTE DA CAMPANHA < Redação mdl 1', 1)]
INFO:root:Cliente: Ogunjá Revestimentos, Mandalecas usadas (Adaptação): 0, Entregas: [('Criação OGUNJÁ | Caruru - fitinha bonfim personalizada OP (M) #2 mdl 1', 1), ('Criação Crachás Ogunjá  Crachás Centro Logistico mdl 1', 1), ('Criação Stories  Ogunjá mdl 1', 0), ('Criação Peças dia do evento < OGUNJA | Vídeo Institucional (D) mdl 1', 1), ('Criação OGUNJA | Assinatura de email mdl 1', 1), ('Criação Ajuste Ogunjá Support para Ogunjá Service mdl 1', 1), ('Feed Instagram Ogunjá | Reconexão Instagram - Página Facebook < colocar permissões True no banco de dados quando reconectar mdl 1', 1), ('Criação Reels loja (designer Renata e cliente) < Publicação mdl 1', 0), ('Criação MOTE DA CAMPANHA < Redação mdl 1', 1)]
INFO:root:Dados do cliente Ogunjá Revestimentos: {'Nome do Cliente': 'Ogunjá Revestimentos', 'Total de Mandalecas Usadas (Criação)': 6, 'Mandalecas Contratadas (Criação)': 6.0, 'Mandalecas Acumuladas (Criação)': 4.0, 'Total de Mandalecas Usadas (Adaptação)': 0, 'Mandalecas Contratadas (Adaptação)': 2.0, 'Mandalecas Acumuladas (Adaptação)': 0}
INFO:root:Executando debug_display_data...
INFO:root:Cliente: Ogunjá Revestimentos, Mandalecas usadas (Criação): 0, Entregas: []
INFO:root:Cliente: Ogunjá Revestimentos, Mandalecas usadas (Adaptação): 0, Entregas: []
INFO:root:Dados do cliente Ogunjá Revestimentos: {'Nome do Cliente': 'Ogunjá Revestimentos', 'Total de Mandalecas Usadas (Criação)': 0, 'Mandalecas Contratadas (Criação)': 6.0, 'Mandalecas Acumuladas (Criação)': 4.0, 'Total de Mandalecas Usadas (Adaptação)': 0, 'Mandalecas Contratadas (Adaptação)': 2.0, 'Mandalecas Acumuladas (Adaptação)': 0}
INFO:root:Executando debug_display_data...
INFO:root:Executando debug_display_data...
ERROR:root:Erro ao exibir os dados: <JobCategoryEnum.STORIES: 'Stories'>
Traceback (most recent call last):
  File "/home/debrito/Documentos/central/page_criacao_logic.py", line 105, in debug_display_data
    if mandalecas_contratadas[category] > 0:
KeyError: <JobCategoryEnum.STORIES: 'Stories'>
INFO:root:Executando debug_display_data...
ERROR:root:Erro ao exibir os dados: <JobCategoryEnum.STORIES: 'Stories'>
Traceback (most recent call last):
  File "/home/debrito/Documentos/central/page_criacao_logic.py", line 105, in debug_display_data
    if mandalecas_contratadas[category] > 0:
KeyError: <JobCategoryEnum.STORIES: 'Stories'>
INFO:root:Executando debug_display_data...
ERROR:root:Erro ao exibir os dados: <JobCategoryEnum.STORIES: 'Stories'>
Traceback (most recent call last):
  File "/home/debrito/Documentos/central/page_criacao_logic.py", line 105, in debug_display_data
    if mandalecas_contratadas[category] > 0:
KeyError: <JobCategoryEnum.STORIES: 'Stories'>
INFO:root:Executando debug_display_data...
INFO:root:Executando debug_display_data...
INFO:root:Executando debug_display_data...
INFO:root:Executando debug_display_data...
INFO:root:Executando debug_display_data...
INFO:root:Executando debug_display_data...
INFO:root:Executando debug_display_data...
INFO:root:Executando debug_display_data...
INFO:root:Executando debug_display_data...
INFO:root:Executando debug_display_data...
